Nuitka-Options: Used command line options:
Nuitka-Options:   --onefile --standalone --remove-output --windows-console-mode=disable --output-dir=F:\Programming\Apps\ShittyRandomPhotoScreenSaver\release --output-filename=SRPSS --enable-plugin=pyside6 --include-data-dir=themes=themes --include-data-dir=images=images --include-module=winrt.windows.media.control --include-module=winrt.windows.storage.streams --include-module=winrt.windows.foundation --include-module=winrt.windows.foundation.collections --noinclude-default-mode=error --windows-icon-from-ico=F:\Programming\Apps\ShittyRandomPhotoScreenSaver\SRPSS.ico --include-data-file=F:\Programming\Apps\ShittyRandomPhotoScreenSaver\core\windows\helper_payload\SRPSS_RedditHelper.exe=core/windows/helper_payload/SRPSS_RedditHelper.exe F:\Programming\Apps\ShittyRandomPhotoScreenSaver\main.py
Nuitka: Starting Python compilation with:
Nuitka:   Version '2.7.12' on Python 3.11 (flavor 'CPython Official') commercial grade 'not installed'.
Nuitka: Completed Python level compilation and optimization.
Nuitka: Generating source code for C backend compiler.
Nuitka: Running data composer tool for optimal constant value handling.
Nuitka: Running C compilation via Scons.
Nuitka-Scons: Non downloaded winlibs-gcc 'C:\ProgramData\mingw64\mingw64\bin\gcc.exe' is being ignored, Nuitka is very dependent on the precise one.
Nuitka-Scons: Backend C compiler: gcc (gcc 14.2.0).
Nuitka-Scons: Backend C linking with 736 files (no progress information available for this stage).
Nuitka-Scons: Compiled 728 C files using ccache.
Nuitka-Scons: Cached C files (using ccache) with result 'cache hit': 728
Nuitka-Postprocessing: Adding 9 icon(s) from icon file 'F:\Programming\Apps\ShittyRandomPhotoScreenSaver\SRPSS.ico'.
Nuitka-Plugins:pyside6: Including Qt plugins 'iconengines,imageformats,platforms,styles,tls' below 'PySide6\qt-plugins'.
Nuitka-Plugins:dll-files: Found 4 files DLLs from shiboken6 installation.
Nuitka-Plugins:dll-files: Found 2 files DLLs from sounddevice installation.
Nuitka-Options: Included data file 'core\windows\helper_payload\SRPSS_RedditHelper.exe' due to specified data file 'F:\Programming\Apps\ShittyRandomPhotoScreenSaver\core\windows\helper_payload\SRPSS_RedditHelper.exe=core/windows/helper_payload/SRPSS_RedditHelper.exe' on command line.
Nuitka-Options: Included data file 'themes\dark.qss' due to specified data dir 'themes' on command line.
Nuitka-Options: Included data file 'images\ABOUTExample.png' due to specified data dir 'images' on command line.
Nuitka-Options: Included data file 'images\Logo.png' due to specified data dir 'images' on command line.
Nuitka-Options: Included data file 'images\LogoPNG.png' due to specified data dir 'images' on command line.
Nuitka-Options: Included data file 'images\Reddit_LogoBW.png' due to specified data dir 'images' on command line.
Nuitka-Options: Included data file 'images\Reddit_Logo_C.png' due to specified data dir 'images' on command line.
Nuitka-Options: Included data file 'images\Shoogle300W.png' due to specified data dir 'images' on command line.
Nuitka-Options: Included data file 'images\Shoogle300WM.png' due to specified data dir 'images' on command line.
Nuitka-Options: Included data file 'images\Spotify_Primary_Logo_RGB_Black.png' due to specified data dir 'images' on command line.
Nuitka-Options: Included data file 'images\icons8-musicbee-96.png' due to specified data dir 'images' on command line.
Nuitka-Plugins:data-files: Included data file 'certifi\cacert.pem' due to package data for 'certifi'.
Nuitka-Plugins:data-files: Included 604 data files due to package data directory 'zoneinfo' for 'pytz'.
Nuitka-Postprocessing: Creating single file from dist folder, this may take a while.
Nuitka-Onefile: Running bootstrap binary compilation via Scons.
Nuitka-Scons: Non downloaded winlibs-gcc 'C:\ProgramData\mingw64\mingw64\bin\gcc.exe' is being ignored, Nuitka is very dependent on the precise one.
Nuitka-Scons: Onefile C compiler: gcc (gcc 14.2.0).
Nuitka-Scons: Onefile C linking.
Nuitka-Scons: Compiled 1 C files using ccache.
Nuitka-Scons: Cached C files (using ccache) with result 'cache hit': 1
Nuitka-Postprocessing: Adding 9 icon(s) from icon file 'F:\Programming\Apps\ShittyRandomPhotoScreenSaver\SRPSS.ico'.
Nuitka-Onefile: Using compression for onefile payload.
Nuitka-Onefile: Onefile payload compression ratio (27.52%) size 185701202 to 51098499.
Nuitka-Onefile: Removing onefile build directory 'F:\Programming\Apps\ShittyRandomPhotoScreenSaver\release\main.onefile-build'.
Nuitka: Removing dist folder 'F:\Programming\Apps\ShittyRandomPhotoScreenSaver\release\main.dist'.
Nuitka: Removing build directory 'F:\Programming\Apps\ShittyRandomPhotoScreenSaver\release\main.build'.
Nuitka: Successfully created 'F:\Programming\Apps\ShittyRandomPhotoScreenSaver\release\SRPSS.exe'.
