181 INFO: PyInstaller: 6.15.0, contrib hooks: 2025.8
181 INFO: Python: 3.11.9
198 INFO: Platform: Windows-10-10.0.26100-SP0
198 INFO: Python environment: C:\Python311
199 INFO: wrote F:\Programming\Apps\ShittyRandomPhotoScreenSaver\SRPSS.spec
200 INFO: Removing temporary files and cleaning cache in C:\Users\Basjohn\AppData\Local\pyinstaller
210 WARNING: Failed to collect submodules for 'PySide6.scripts.deploy_lib' because importing 'PySide6.scripts.deploy_lib' raised: ModuleNotFoundError: No module named 'project_lib'
2561 INFO: Module search paths (PYTHONPATH):
['C:\\Python311\\Scripts\\pyinstaller.exe',
 'C:\\Python311\\python311.zip',
 'C:\\Python311\\DLLs',
 'C:\\Python311\\Lib',
 'C:\\Python311',
 'C:\\Python311\\Lib\\site-packages',
 'C:\\Python311\\Lib\\site-packages\\win32',
 'C:\\Python311\\Lib\\site-packages\\win32\\lib',
 'C:\\Python311\\Lib\\site-packages\\Pythonwin',
 'F:\\Programming\\Apps\\ShittyRandomPhotoScreenSaver']
pygame 2.6.1 (SDL 2.28.4, Python 3.11.9)
Hello from the pygame community. https://www.pygame.org/contribute.html
2943 INFO: Appending 'binaries' from .spec
2966 INFO: Appending 'datas' from .spec
3206 INFO: checking Analysis
3206 INFO: Building Analysis because Analysis-00.toc is non existent
3206 INFO: Running Analysis Analysis-00.toc
3206 INFO: Target bytecode optimization level: 0
3206 INFO: Initializing module dependency graph...
3208 INFO: Initializing module graph hook caches...
3220 INFO: Analyzing modules for base_library.zip ...
4196 INFO: Processing standard module hook 'hook-heapq.py' from 'C:\\Python311\\Lib\\site-packages\\PyInstaller\\hooks'
4246 INFO: Processing standard module hook 'hook-encodings.py' from 'C:\\Python311\\Lib\\site-packages\\PyInstaller\\hooks'
5295 INFO: Processing standard module hook 'hook-pickle.py' from 'C:\\Python311\\Lib\\site-packages\\PyInstaller\\hooks'
6251 INFO: Caching module dependency graph...
6286 INFO: Looking for Python shared library...
6290 INFO: Using Python shared library: C:\Python311\python311.dll
6290 INFO: Analyzing F:\Programming\Apps\ShittyRandomPhotoScreenSaver\main.py
6299 INFO: Processing standard module hook 'hook-PySide6.py' from 'C:\\Python311\\Lib\\site-packages\\PyInstaller\\hooks'
6427 INFO: Processing standard module hook 'hook-shiboken6.py' from 'C:\\Python311\\Lib\\site-packages\\PyInstaller\\hooks'
6512 INFO: Processing standard module hook 'hook-PySide6.QtNetwork.py' from 'C:\\Python311\\Lib\\site-packages\\PyInstaller\\hooks'
7136 INFO: Processing standard module hook 'hook-PySide6.QtCore.py' from 'C:\\Python311\\Lib\\site-packages\\PyInstaller\\hooks'
7748 INFO: Processing standard module hook 'hook-PySide6.QtWidgets.py' from 'C:\\Python311\\Lib\\site-packages\\PyInstaller\\hooks'
8358 INFO: Processing standard module hook 'hook-PySide6.QtGui.py' from 'C:\\Python311\\Lib\\site-packages\\PyInstaller\\hooks'
8991 INFO: Processing standard module hook 'hook-platform.py' from 'C:\\Python311\\Lib\\site-packages\\PyInstaller\\hooks'
9110 INFO: Processing standard module hook 'hook-PIL.py' from 'C:\\Python311\\Lib\\site-packages\\PyInstaller\\hooks'
9170 INFO: Processing standard module hook 'hook-PIL.Image.py' from 'C:\\Python311\\Lib\\site-packages\\PyInstaller\\hooks'
9483 INFO: Processing standard module hook 'hook-numpy.py' from 'C:\\Python311\\Lib\\site-packages\\PyInstaller\\hooks'
9792 INFO: Processing standard module hook 'hook-sysconfig.py' from 'C:\\Python311\\Lib\\site-packages\\PyInstaller\\hooks'
10433 INFO: Processing standard module hook 'hook-difflib.py' from 'C:\\Python311\\Lib\\site-packages\\PyInstaller\\hooks'
10542 INFO: Processing standard module hook 'hook-multiprocessing.util.py' from 'C:\\Python311\\Lib\\site-packages\\PyInstaller\\hooks'
10587 INFO: Processing standard module hook 'hook-xml.py' from 'C:\\Python311\\Lib\\site-packages\\PyInstaller\\hooks'
10782 INFO: Processing standard module hook 'hook-_ctypes.py' from 'C:\\Python311\\Lib\\site-packages\\PyInstaller\\hooks'
11299 INFO: Processing standard module hook 'hook-psutil.py' from 'C:\\Python311\\Lib\\site-packages\\_pyinstaller_hooks_contrib\\stdhooks'
11640 INFO: Processing pre-safe-import-module hook 'hook-typing_extensions.py' from 'C:\\Python311\\Lib\\site-packages\\PyInstaller\\hooks\\pre_safe_import_module'
11640 INFO: SetuptoolsInfo: initializing cached setuptools info...
12378 INFO: Processing standard module hook 'hook-charset_normalizer.py' from 'C:\\Python311\\Lib\\site-packages\\_pyinstaller_hooks_contrib\\stdhooks'
12763 INFO: Processing standard module hook 'hook-xml.etree.cElementTree.py' from 'C:\\Python311\\Lib\\site-packages\\PyInstaller\\hooks'
12898 INFO: Processing standard module hook 'hook-PIL.ImageFilter.py' from 'C:\\Python311\\Lib\\site-packages\\PyInstaller\\hooks'
13119 INFO: Processing standard module hook 'hook-PySide6.QtOpenGLWidgets.py' from 'C:\\Python311\\Lib\\site-packages\\PyInstaller\\hooks'
13423 INFO: Processing standard module hook 'hook-pytz.py' from 'C:\\Python311\\Lib\\site-packages\\PyInstaller\\hooks'
13670 INFO: Processing standard module hook 'hook-urllib3.py' from 'C:\\Python311\\Lib\\site-packages\\_pyinstaller_hooks_contrib\\stdhooks'
14279 INFO: Processing standard module hook 'hook-certifi.py' from 'C:\\Python311\\Lib\\site-packages\\_pyinstaller_hooks_contrib\\stdhooks'
14640 INFO: Processing standard module hook 'hook-sounddevice.py' from 'C:\\Python311\\Lib\\site-packages\\_pyinstaller_hooks_contrib\\stdhooks'
15040 INFO: Analyzing hidden import 'PySide6.Qt3DAnimation'
15058 INFO: Processing standard module hook 'hook-PySide6.Qt3DAnimation.py' from 'C:\\Python311\\Lib\\site-packages\\PyInstaller\\hooks'
15225 INFO: Processing standard module hook 'hook-PySide6.Qt3DCore.py' from 'C:\\Python311\\Lib\\site-packages\\PyInstaller\\hooks'
15435 INFO: Processing standard module hook 'hook-PySide6.Qt3DRender.py' from 'C:\\Python311\\Lib\\site-packages\\PyInstaller\\hooks'
16759 INFO: Processing standard module hook 'hook-PySide6.QtOpenGL.py' from 'C:\\Python311\\Lib\\site-packages\\PyInstaller\\hooks'
16940 INFO: Analyzing hidden import 'PySide6.Qt3DExtras'
16982 INFO: Processing standard module hook 'hook-PySide6.Qt3DExtras.py' from 'C:\\Python311\\Lib\\site-packages\\PyInstaller\\hooks'
17109 INFO: Analyzing hidden import 'PySide6.Qt3DInput'
17122 INFO: Processing standard module hook 'hook-PySide6.Qt3DInput.py' from 'C:\\Python311\\Lib\\site-packages\\PyInstaller\\hooks'
17244 INFO: Analyzing hidden import 'PySide6.Qt3DLogic'
17245 INFO: Processing standard module hook 'hook-PySide6.Qt3DLogic.py' from 'C:\\Python311\\Lib\\site-packages\\PyInstaller\\hooks'
17364 INFO: Analyzing hidden import 'PySide6.QtAsyncio'
17385 INFO: Analyzing hidden import 'PySide6.QtAxContainer'
17391 INFO: Processing standard module hook 'hook-PySide6.QtAxContainer.py' from 'C:\\Python311\\Lib\\site-packages\\PyInstaller\\hooks'
17512 INFO: Analyzing hidden import 'PySide6.QtBluetooth'
17575 INFO: Processing standard module hook 'hook-PySide6.QtBluetooth.py' from 'C:\\Python311\\Lib\\site-packages\\PyInstaller\\hooks'
17691 INFO: Analyzing hidden import 'PySide6.QtCharts'
17754 INFO: Processing standard module hook 'hook-PySide6.QtCharts.py' from 'C:\\Python311\\Lib\\site-packages\\PyInstaller\\hooks'
17887 INFO: Analyzing hidden import 'PySide6.QtConcurrent'
17891 INFO: Processing standard module hook 'hook-PySide6.QtConcurrent.py' from 'C:\\Python311\\Lib\\site-packages\\PyInstaller\\hooks'
18009 INFO: Analyzing hidden import 'PySide6.QtDBus'
18036 INFO: Processing standard module hook 'hook-PySide6.QtDBus.py' from 'C:\\Python311\\Lib\\site-packages\\PyInstaller\\hooks'
18156 INFO: Analyzing hidden import 'PySide6.QtDataVisualization'
18239 INFO: Processing standard module hook 'hook-PySide6.QtDataVisualization.py' from 'C:\\Python311\\Lib\\site-packages\\PyInstaller\\hooks'
18371 INFO: Analyzing hidden import 'PySide6.QtDesigner'
18389 INFO: Processing standard module hook 'hook-PySide6.QtDesigner.py' from 'C:\\Python311\\Lib\\site-packages\\PyInstaller\\hooks'
18557 INFO: Analyzing hidden import 'PySide6.QtExampleIcons'
18558 INFO: Analyzing hidden import 'PySide6.QtGraphs'
18644 INFO: Processing standard module hook 'hook-PySide6.QtGraphs.py' from 'C:\\Python311\\Lib\\site-packages\\PyInstaller\\hooks'
18827 INFO: Processing standard module hook 'hook-PySide6.QtQml.py' from 'C:\\Python311\\Lib\\site-packages\\PyInstaller\\hooks'
19828 INFO: Analyzing hidden import 'PySide6.QtGraphsWidgets'
19839 INFO: Processing standard module hook 'hook-PySide6.QtGraphsWidgets.py' from 'C:\\Python311\\Lib\\site-packages\\PyInstaller\\hooks'
20025 INFO: Processing standard module hook 'hook-PySide6.QtQuick.py' from 'C:\\Python311\\Lib\\site-packages\\PyInstaller\\hooks'
20178 INFO: Processing standard module hook 'hook-PySide6.QtQuickWidgets.py' from 'C:\\Python311\\Lib\\site-packages\\PyInstaller\\hooks'
20300 INFO: Analyzing hidden import 'PySide6.QtHelp'
20309 INFO: Processing standard module hook 'hook-PySide6.QtHelp.py' from 'C:\\Python311\\Lib\\site-packages\\PyInstaller\\hooks'
20434 INFO: Analyzing hidden import 'PySide6.QtHttpServer'
20441 INFO: Processing standard module hook 'hook-PySide6.QtHttpServer.py' from 'C:\\Python311\\Lib\\site-packages\\PyInstaller\\hooks'
20563 INFO: Analyzing hidden import 'PySide6.QtLocation'
20597 INFO: Processing standard module hook 'hook-PySide6.QtLocation.py' from 'C:\\Python311\\Lib\\site-packages\\PyInstaller\\hooks'
20764 INFO: Processing standard module hook 'hook-PySide6.QtPositioning.py' from 'C:\\Python311\\Lib\\site-packages\\PyInstaller\\hooks'
20909 INFO: Analyzing hidden import 'PySide6.QtMultimedia'
20985 INFO: Processing standard module hook 'hook-PySide6.QtMultimedia.py' from 'C:\\Python311\\Lib\\site-packages\\PyInstaller\\hooks'
21163 INFO: Analyzing hidden import 'PySide6.QtMultimediaWidgets'
21165 INFO: Processing standard module hook 'hook-PySide6.QtMultimediaWidgets.py' from 'C:\\Python311\\Lib\\site-packages\\PyInstaller\\hooks'
21288 INFO: Analyzing hidden import 'PySide6.QtNetworkAuth'
21302 INFO: Processing standard module hook 'hook-PySide6.QtNetworkAuth.py' from 'C:\\Python311\\Lib\\site-packages\\PyInstaller\\hooks'
21425 INFO: Analyzing hidden import 'PySide6.QtNfc'
21439 INFO: Processing standard module hook 'hook-PySide6.QtNfc.py' from 'C:\\Python311\\Lib\\site-packages\\PyInstaller\\hooks'
21559 INFO: Analyzing hidden import 'PySide6.QtPdf'
21568 INFO: Processing standard module hook 'hook-PySide6.QtPdf.py' from 'C:\\Python311\\Lib\\site-packages\\PyInstaller\\hooks'
21699 INFO: Analyzing hidden import 'PySide6.QtPdfWidgets'
21702 INFO: Processing standard module hook 'hook-PySide6.QtPdfWidgets.py' from 'C:\\Python311\\Lib\\site-packages\\PyInstaller\\hooks'
21827 INFO: Analyzing hidden import 'PySide6.QtPrintSupport'
21838 INFO: Processing standard module hook 'hook-PySide6.QtPrintSupport.py' from 'C:\\Python311\\Lib\\site-packages\\PyInstaller\\hooks'
21970 INFO: Analyzing hidden import 'PySide6.QtQuick3D'
21979 INFO: Processing standard module hook 'hook-PySide6.QtQuick3D.py' from 'C:\\Python311\\Lib\\site-packages\\PyInstaller\\hooks'
22117 INFO: Analyzing hidden import 'PySide6.QtQuickControls2'
22118 INFO: Processing standard module hook 'hook-PySide6.QtQuickControls2.py' from 'C:\\Python311\\Lib\\site-packages\\PyInstaller\\hooks'
22236 INFO: Analyzing hidden import 'PySide6.QtQuickTest'
22237 INFO: Analyzing hidden import 'PySide6.QtRemoteObjects'
22250 INFO: Processing standard module hook 'hook-PySide6.QtRemoteObjects.py' from 'C:\\Python311\\Lib\\site-packages\\PyInstaller\\hooks'
22368 INFO: Analyzing hidden import 'PySide6.QtScxml'
22377 INFO: Processing standard module hook 'hook-PySide6.QtScxml.py' from 'C:\\Python311\\Lib\\site-packages\\PyInstaller\\hooks'
22502 INFO: Analyzing hidden import 'PySide6.QtSensors'
22536 INFO: Processing standard module hook 'hook-PySide6.QtSensors.py' from 'C:\\Python311\\Lib\\site-packages\\PyInstaller\\hooks'
22664 INFO: Analyzing hidden import 'PySide6.QtSerialBus'
22687 INFO: Processing standard module hook 'hook-PySide6.QtSerialBus.py' from 'C:\\Python311\\Lib\\site-packages\\PyInstaller\\hooks'
22849 INFO: Analyzing hidden import 'PySide6.QtSerialPort'
22854 INFO: Processing standard module hook 'hook-PySide6.QtSerialPort.py' from 'C:\\Python311\\Lib\\site-packages\\PyInstaller\\hooks'
22977 INFO: Analyzing hidden import 'PySide6.QtSpatialAudio'
22983 INFO: Processing standard module hook 'hook-PySide6.QtSpatialAudio.py' from 'C:\\Python311\\Lib\\site-packages\\PyInstaller\\hooks'
23114 INFO: Analyzing hidden import 'PySide6.QtSql'
23138 INFO: Processing standard module hook 'hook-PySide6.QtSql.py' from 'C:\\Python311\\Lib\\site-packages\\PyInstaller\\hooks'
23298 INFO: Analyzing hidden import 'PySide6.QtStateMachine'
23309 INFO: Processing standard module hook 'hook-PySide6.QtStateMachine.py' from 'C:\\Python311\\Lib\\site-packages\\PyInstaller\\hooks'
23427 INFO: Analyzing hidden import 'PySide6.QtSvg'
23430 INFO: Processing standard module hook 'hook-PySide6.QtSvg.py' from 'C:\\Python311\\Lib\\site-packages\\PyInstaller\\hooks'
23552 INFO: Analyzing hidden import 'PySide6.QtSvgWidgets'
23554 INFO: Processing standard module hook 'hook-PySide6.QtSvgWidgets.py' from 'C:\\Python311\\Lib\\site-packages\\PyInstaller\\hooks'
23672 INFO: Analyzing hidden import 'PySide6.QtTest'
23682 INFO: Processing standard module hook 'hook-PySide6.QtTest.py' from 'C:\\Python311\\Lib\\site-packages\\PyInstaller\\hooks'
23805 INFO: Analyzing hidden import 'PySide6.QtTextToSpeech'
23810 INFO: Processing standard module hook 'hook-PySide6.QtTextToSpeech.py' from 'C:\\Python311\\Lib\\site-packages\\PyInstaller\\hooks'
23944 INFO: Analyzing hidden import 'PySide6.QtUiTools'
23946 INFO: Processing standard module hook 'hook-PySide6.QtUiTools.py' from 'C:\\Python311\\Lib\\site-packages\\PyInstaller\\hooks'
24066 INFO: Analyzing hidden import 'PySide6.QtWebChannel'
24068 INFO: Processing standard module hook 'hook-PySide6.QtWebChannel.py' from 'C:\\Python311\\Lib\\site-packages\\PyInstaller\\hooks'
24183 INFO: Analyzing hidden import 'PySide6.QtWebEngineCore'
24236 INFO: Processing standard module hook 'hook-PySide6.QtWebEngineCore.py' from 'C:\\Python311\\Lib\\site-packages\\PyInstaller\\hooks'
24430 INFO: Analyzing hidden import 'PySide6.QtWebEngineQuick'
24438 INFO: Processing standard module hook 'hook-PySide6.QtWebEngineQuick.py' from 'C:\\Python311\\Lib\\site-packages\\PyInstaller\\hooks'
24562 INFO: Analyzing hidden import 'PySide6.QtWebEngineWidgets'
24564 INFO: Processing standard module hook 'hook-PySide6.QtWebEngineWidgets.py' from 'C:\\Python311\\Lib\\site-packages\\PyInstaller\\hooks'
24693 INFO: Analyzing hidden import 'PySide6.QtWebSockets'
24701 INFO: Processing standard module hook 'hook-PySide6.QtWebSockets.py' from 'C:\\Python311\\Lib\\site-packages\\PyInstaller\\hooks'
24820 INFO: Analyzing hidden import 'PySide6.QtWebView'
24821 INFO: Analyzing hidden import 'PySide6.QtXml'
24835 INFO: Processing standard module hook 'hook-PySide6.QtXml.py' from 'C:\\Python311\\Lib\\site-packages\\PyInstaller\\hooks'
24954 INFO: Analyzing hidden import 'PySide6._config'
24955 INFO: Analyzing hidden import 'PySide6._git_pyside_version'
24955 INFO: Analyzing hidden import 'PySide6.scripts'
24955 INFO: Analyzing hidden import 'PySide6.scripts.deploy'
24959 INFO: Analyzing hidden import 'PySide6.scripts.metaobjectdump'
24970 INFO: Analyzing hidden import 'PySide6.scripts.project'
24979 INFO: Analyzing hidden import 'PySide6.scripts.project_lib'
25020 INFO: Analyzing hidden import 'PySide6.scripts.pyside_tool'
25025 INFO: Analyzing hidden import 'PySide6.scripts.qml'
25030 INFO: Analyzing hidden import 'PySide6.scripts.qtpy2cpp'
25033 INFO: Analyzing hidden import 'PySide6.support'
25033 INFO: Analyzing hidden import 'PySide6.support.deprecated'
25034 INFO: Analyzing hidden import 'PySide6.support.generate_pyi'
25037 INFO: Analyzing hidden import 'PIL.AvifImagePlugin'
25043 INFO: Analyzing hidden import 'PIL.BdfFontFile'
25048 INFO: Analyzing hidden import 'PIL.BlpImagePlugin'
25060 INFO: Analyzing hidden import 'PIL.BufrStubImagePlugin'
25063 INFO: Analyzing hidden import 'PIL.ContainerIO'
25065 INFO: Analyzing hidden import 'PIL.CurImagePlugin'
25066 INFO: Analyzing hidden import 'PIL.DcxImagePlugin'
25072 INFO: Analyzing hidden import 'PIL.DdsImagePlugin'
25084 INFO: Analyzing hidden import 'PIL.EpsImagePlugin'
25091 INFO: Analyzing hidden import 'PIL.FitsImagePlugin'
25096 INFO: Analyzing hidden import 'PIL.FliImagePlugin'
25115 INFO: Analyzing hidden import 'PIL.FpxImagePlugin'
25120 INFO: Analyzing hidden import 'PIL.FtexImagePlugin'
25122 INFO: Analyzing hidden import 'PIL.GbrImagePlugin'
25124 INFO: Analyzing hidden import 'PIL.GdImageFile'
25125 INFO: Analyzing hidden import 'PIL.GribStubImagePlugin'
25127 INFO: Analyzing hidden import 'PIL.Hdf5StubImagePlugin'
25129 INFO: Analyzing hidden import 'PIL.IcnsImagePlugin'
25152 INFO: Analyzing hidden import 'PIL.IcoImagePlugin'
25159 INFO: Analyzing hidden import 'PIL.ImImagePlugin'
25167 INFO: Analyzing hidden import 'PIL.ImageDraw'
25217 INFO: Analyzing hidden import 'PIL.ImageEnhance'
25222 INFO: Analyzing hidden import 'PIL.ImageGrab'
25225 INFO: Analyzing hidden import 'PIL.ImageMorph'
25231 INFO: Analyzing hidden import 'PIL.ImageTk'
25235 INFO: Analyzing hidden import 'PIL.ImageTransform'
25237 INFO: Analyzing hidden import 'PIL.ImtImagePlugin'
25238 INFO: Analyzing hidden import 'PIL.IptcImagePlugin'
25242 INFO: Analyzing hidden import 'PIL.McIdasImagePlugin'
25245 INFO: Analyzing hidden import 'PIL.MicImagePlugin'
25246 INFO: Analyzing hidden import 'PIL.MpegImagePlugin'
25248 INFO: Analyzing hidden import 'PIL.MspImagePlugin'
25252 INFO: Analyzing hidden import 'PIL.PSDraw'
25255 INFO: Analyzing hidden import 'PIL.PalmImagePlugin'
25261 INFO: Analyzing hidden import 'PIL.PcdImagePlugin'
25262 INFO: Analyzing hidden import 'PIL.PcfFontFile'
25268 INFO: Analyzing hidden import 'PIL.PdfImagePlugin'
25299 INFO: Analyzing hidden import 'PIL.PixarImagePlugin'
25300 INFO: Analyzing hidden import 'PIL.PsdImagePlugin'
25307 INFO: Analyzing hidden import 'PIL.QoiImagePlugin'
25314 INFO: Analyzing hidden import 'PIL.SgiImagePlugin'
25318 INFO: Analyzing hidden import 'PIL.SpiderImagePlugin'
25324 INFO: Processing standard module hook 'hook-PIL.SpiderImagePlugin.py' from 'C:\\Python311\\Lib\\site-packages\\PyInstaller\\hooks'
25325 INFO: Analyzing hidden import 'PIL.SunImagePlugin'
25327 INFO: Analyzing hidden import 'PIL.TarIO'
25328 INFO: Analyzing hidden import 'PIL.TgaImagePlugin'
25333 INFO: Analyzing hidden import 'PIL.WalImageFile'
25334 INFO: Analyzing hidden import 'PIL.WebPImagePlugin'
25341 INFO: Analyzing hidden import 'PIL.WmfImagePlugin'
25345 INFO: Analyzing hidden import 'PIL.XVThumbImagePlugin'
25346 INFO: Analyzing hidden import 'PIL.XbmImagePlugin'
25349 INFO: Analyzing hidden import 'PIL.XpmImagePlugin'
25352 INFO: Analyzing hidden import 'PIL.__main__'
25352 INFO: Analyzing hidden import 'PIL._tkinter_finder'
25354 INFO: Analyzing hidden import 'PIL.report'
25354 INFO: Analyzing hidden import 'certifi.__main__'
25355 INFO: Processing module hooks (post-graph stage)...
25430 INFO: Performing binary vs. data reclassification (4195 entries)
26014 INFO: Looking for ctypes DLLs
26072 INFO: Analyzing run-time hooks ...
26074 INFO: Including run-time hook 'pyi_rth_inspect.py' from 'C:\\Python311\\Lib\\site-packages\\PyInstaller\\hooks\\rthooks'
26076 INFO: Including run-time hook 'pyi_rth_pkgutil.py' from 'C:\\Python311\\Lib\\site-packages\\PyInstaller\\hooks\\rthooks'
26078 INFO: Including run-time hook 'pyi_rth_multiprocessing.py' from 'C:\\Python311\\Lib\\site-packages\\PyInstaller\\hooks\\rthooks'
26079 INFO: Including run-time hook 'pyi_rth_pyside6.py' from 'C:\\Python311\\Lib\\site-packages\\PyInstaller\\hooks\\rthooks'
26080 INFO: Processing pre-find-module-path hook 'hook-_pyi_rth_utils.py' from 'C:\\Python311\\Lib\\site-packages\\PyInstaller\\hooks\\pre_find_module_path'
26082 INFO: Processing standard module hook 'hook-_pyi_rth_utils.py' from 'C:\\Python311\\Lib\\site-packages\\PyInstaller\\hooks'
26165 INFO: Creating base_library.zip...
26217 INFO: Looking for dynamic libraries
26896 INFO: Extra DLL search directories (AddDllDirectory): ['C:\\Python311\\Lib\\site-packages\\shiboken6', 'C:\\Python311\\Lib\\site-packages\\numpy.libs']
26896 INFO: Extra DLL search directories (PATH): ['C:\\Python311\\Lib\\site-packages\\PySide6']
31438 WARNING: Library not found: could not resolve 'fbclient.dll', dependency of 'C:\\Python311\\Lib\\site-packages\\PySide6\\plugins\\sqldrivers\\qsqlibase.dll'.
31438 WARNING: Library not found: could not resolve 'MIMAPI64.dll', dependency of 'C:\\Python311\\Lib\\site-packages\\PySide6\\plugins\\sqldrivers\\qsqlmimer.dll'.
31438 WARNING: Library not found: could not resolve 'OCI.dll', dependency of 'C:\\Python311\\Lib\\site-packages\\PySide6\\plugins\\sqldrivers\\qsqloci.dll'.
31438 WARNING: Library not found: could not resolve 'LIBPQ.dll', dependency of 'C:\\Python311\\Lib\\site-packages\\PySide6\\plugins\\sqldrivers\\qsqlpsql.dll'.
31440 WARNING: Library not found: could not resolve 'Qt63DQuickLogic.dll', dependency of 'C:\\Python311\\Lib\\site-packages\\PySide6\\qml\\Qt3D\\Logic\\3dquicklogicplugin.dll'.
31440 WARNING: Library not found: could not resolve 'Qt63DQuickScene3D.dll', dependency of 'C:\\Python311\\Lib\\site-packages\\PySide6\\qml\\QtQuick\\Scene3D\\qtquickscene3dplugin.dll'.
31652 INFO: Warnings written to F:\Programming\Apps\ShittyRandomPhotoScreenSaver\build\SRPSS\warn-SRPSS.txt
31715 INFO: Graph cross-reference written to F:\Programming\Apps\ShittyRandomPhotoScreenSaver\build\SRPSS\xref-SRPSS.html
31852 INFO: checking PYZ
31852 INFO: Building PYZ because PYZ-00.toc is non existent
31852 INFO: Building PYZ (ZlibArchive) F:\Programming\Apps\ShittyRandomPhotoScreenSaver\build\SRPSS\PYZ-00.pyz
32657 INFO: Building PYZ (ZlibArchive) F:\Programming\Apps\ShittyRandomPhotoScreenSaver\build\SRPSS\PYZ-00.pyz completed successfully.
32739 INFO: checking PKG
32739 INFO: Building PKG because PKG-00.toc is non existent
32739 INFO: Building PKG (CArchive) SRPSS.pkg
79334 INFO: Building PKG (CArchive) SRPSS.pkg completed successfully.
79395 INFO: Bootloader C:\Python311\Lib\site-packages\PyInstaller\bootloader\Windows-64bit-intel\runw.exe
79395 INFO: checking EXE
79395 INFO: Building EXE because EXE-00.toc is non existent
79395 INFO: Building EXE from EXE-00.toc
79408 INFO: Copying bootloader EXE to F:\Programming\Apps\ShittyRandomPhotoScreenSaver\release\SRPSS.exe
79417 INFO: Copying icon to EXE
79420 INFO: Copying 0 resources to EXE
79420 INFO: Embedding manifest in EXE
79422 INFO: Appending PKG archive to EXE
79548 INFO: Fixing EXE headers
81158 INFO: Building EXE from EXE-00.toc completed successfully.
81217 INFO: Build complete! The results are available in: F:\Programming\Apps\ShittyRandomPhotoScreenSaver\release
