2025-12-29 09:20:04 - __main__                       - INFO     - [PERF] GC tracking enabled
2025-12-29 09:20:05 - widgets.spotify_visualizer_widget - WARNING  - [PERF] [SPOTIFY_VIS] Tick dt spike 69.21ms (running=False name=<none> elapsed=<n/a> idle_age=<n/a>)
2025-12-29 09:20:05 - widgets.spotify_visualizer_widget - WARNING  - [PERF] [SPOTIFY_VIS] Tick dt spike 85.20ms (running=False name=<none> elapsed=<n/a> idle_age=<n/a>)
2025-12-29 09:20:06 - rendering.gl_compositor        - WARNING  - [PERF] [GL COMPOSITOR] Shader pipeline init took 52.21ms
2025-12-29 09:20:06 - core.threading.manager         - WARNING  - [PERF] [TIMER] Large gap for SpotifyVisualizerWidget._on_tick: 134.38ms (interval=16ms)
2025-12-29 09:20:06 - core.threading.manager         - WARNING  - [PERF] [TIMER] Large gap for SpotifyVisualizerWidget._on_tick: 130.82ms (interval=16ms)
2025-12-29 09:20:08 - core.threading.manager         - WARNING  - [PERF] [TIMER] Large gap for SpotifyVisualizerWidget._on_tick: 372.57ms (interval=16ms)
2025-12-29 09:20:08 - widgets.spotify_visualizer_widget - WARNING  - [PERF] [SPOTIFY_VIS] Tick dt spike 382.92ms (running=False name=<none> elapsed=<n/a> idle_age=<n/a>)
2025-12-29 09:20:08 - core.threading.manager         - WARNING  - [PERF] [TIMER] Large gap for SpotifyVisualizerWidget._on_tick: 364.04ms (interval=16ms)
2025-12-29 09:20:08 - widgets.spotify_visualizer_widget - WARNING  - [PERF] [SPOTIFY_VIS] Tick dt spike 364.04ms (running=False name=<none> elapsed=<n/a> idle_age=<n/a>)
2025-12-29 09:20:53 - widgets.spotify_visualizer_widget - WARNING  - [PERF] [SPOTIFY_VIS] Tick dt spike 42.94ms (running=False name=<none> elapsed=<n/a> idle_age=<n/a>)
2025-12-29 09:20:53 - widgets.spotify_visualizer_widget - WARNING  - [PERF] [SPOTIFY_VIS] Tick dt spike 76.64ms (running=False name=<none> elapsed=<n/a> idle_age=<n/a>)
2025-12-29 09:20:54 - core.animation.animator        - INFO     - [PERF] [ANIM] AnimationManager metrics: duration=608.5ms, frames=27, avg_fps=44.4, dt_min=5.05ms, dt_max=72.11ms, active_count=0, fps_target=60
2025-12-29 09:20:55 - widgets.spotify_visualizer_widget - WARNING  - [PERF] [SPOTIFY_VIS] Tick dt spike 249.76ms (running=False name=<none> elapsed=<n/a> idle_age=<n/a>)
2025-12-29 09:20:55 - widgets.spotify_visualizer_widget - WARNING  - [PERF] [SPOTIFY_VIS] Tick dt spike 242.19ms (running=False name=<none> elapsed=<n/a> idle_age=<n/a>)
2025-12-29 09:20:57 - core.animation.animator        - INFO     - [PERF] [ANIM] AnimationManager metrics: duration=610.9ms, frames=22, avg_fps=36.0, dt_min=21.66ms, dt_max=36.16ms, active_count=0, fps_target=60
2025-12-29 09:20:57 - widgets.spotify_visualizer_widget - WARNING  - [PERF] [SPOTIFY_VIS] Tick dt spike 42.91ms (running=False name=<none> elapsed=<n/a> idle_age=<n/a>)
2025-12-29 09:20:57 - widgets.spotify_visualizer_widget - WARNING  - [PERF] [SPOTIFY_VIS] Tick dt spike 51.24ms (running=False name=<none> elapsed=<n/a> idle_age=<n/a>)
2025-12-29 09:20:58 - widgets.spotify_visualizer_widget - WARNING  - [PERF] [SPOTIFY_VIS] Tick dt spike 65.83ms (running=False name=<none> elapsed=<n/a> idle_age=<n/a>)
2025-12-29 09:20:58 - widgets.spotify_visualizer_widget - WARNING  - [PERF] [SPOTIFY_VIS] Tick dt spike 67.79ms (running=False name=<none> elapsed=<n/a> idle_age=<n/a>)
2025-12-29 09:20:58 - widgets.spotify_visualizer_widget - WARNING  - [PERF] [SPOTIFY_VIS] Tick dt spike 64.96ms (running=False name=<none> elapsed=<n/a> idle_age=<n/a>)
2025-12-29 09:20:59 - widgets.spotify_visualizer_widget - WARNING  - [PERF] [SPOTIFY_VIS] Tick dt spike 49.86ms (running=False name=<none> elapsed=<n/a> idle_age=<n/a>)
2025-12-29 09:21:17 - __main__                       - INFO     - [PERF] GC tracking enabled
2025-12-29 09:21:21 - __main__                       - WARNING  - [PERF] [GC] Collection took 20.69ms (gen=2, collected=32)
2025-12-29 09:22:23 - __main__                       - INFO     - [PERF] GC tracking enabled
2025-12-29 09:23:33 - widgets.spotify_visualizer_widget - WARNING  - [PERF] [SPOTIFY_VIS] Tick dt spike 69.51ms (running=False name=<none> elapsed=<n/a> idle_age=<n/a>)
2025-12-29 09:23:33 - widgets.spotify_visualizer_widget - WARNING  - [PERF] [SPOTIFY_VIS] Tick dt spike 70.54ms (running=False name=<none> elapsed=<n/a> idle_age=<n/a>)
2025-12-29 09:23:35 - widgets.spotify_visualizer_widget - WARNING  - [PERF] [SPOTIFY_VIS] Tick dt spike 327.14ms (running=False name=<none> elapsed=<n/a> idle_age=<n/a>)
2025-12-29 09:23:35 - widgets.spotify_visualizer_widget - WARNING  - [PERF] [SPOTIFY_VIS] Tick dt spike 323.61ms (running=False name=<none> elapsed=<n/a> idle_age=<n/a>)
2025-12-29 09:23:36 - widgets.spotify_visualizer_widget - WARNING  - [PERF] [SPOTIFY_VIS] Tick dt spike 48.86ms (running=False name=<none> elapsed=<n/a> idle_age=<n/a>)
2025-12-29 09:23:36 - widgets.spotify_visualizer_widget - WARNING  - [PERF] [SPOTIFY_VIS] Tick dt spike 49.85ms (running=False name=<none> elapsed=<n/a> idle_age=<n/a>)
2025-12-29 09:23:37 - widgets.spotify_visualizer_widget - WARNING  - [PERF] [SPOTIFY_VIS] Tick dt spike 64.80ms (running=False name=<none> elapsed=<n/a> idle_age=<n/a>)
2025-12-29 09:23:37 - widgets.spotify_visualizer_widget - WARNING  - [PERF] [SPOTIFY_VIS] Tick dt spike 65.81ms (running=False name=<none> elapsed=<n/a> idle_age=<n/a>)
2025-12-29 09:23:38 - widgets.spotify_visualizer_widget - WARNING  - [PERF] [SPOTIFY_VIS] Tick dt spike 61.17ms (running=False name=<none> elapsed=<n/a> idle_age=<n/a>)
2025-12-29 09:23:38 - widgets.spotify_visualizer_widget - WARNING  - [PERF] [SPOTIFY_VIS] Tick dt spike 61.68ms (running=False name=<none> elapsed=<n/a> idle_age=<n/a>)
2025-12-29 09:24:04 - widgets.spotify_visualizer_widget - WARNING  - [PERF] [SPOTIFY_VIS] Tick dt spike 42.09ms (running=False name=<none> elapsed=<n/a> idle_age=<n/a>)
2025-12-29 09:24:04 - widgets.spotify_visualizer_widget - WARNING  - [PERF] [SPOTIFY_VIS] Tick dt spike 71.24ms (running=False name=<none> elapsed=<n/a> idle_age=<n/a>)
2025-12-29 09:24:05 - core.animation.animator        - INFO     - [PERF] [ANIM] AnimationManager metrics: duration=608.9ms, frames=32, avg_fps=52.5, dt_min=3.01ms, dt_max=69.15ms, active_count=0, fps_target=60
2025-12-29 09:24:06 - widgets.spotify_visualizer_widget - WARNING  - [PERF] [SPOTIFY_VIS] Tick dt spike 271.38ms (running=False name=<none> elapsed=<n/a> idle_age=<n/a>)
2025-12-29 09:24:06 - widgets.spotify_visualizer_widget - WARNING  - [PERF] [SPOTIFY_VIS] Tick dt spike 265.68ms (running=False name=<none> elapsed=<n/a> idle_age=<n/a>)
2025-12-29 09:24:08 - widgets.spotify_visualizer_widget - WARNING  - [PERF] [SPOTIFY_VIS] Tick dt spike 46.92ms (running=False name=<none> elapsed=<n/a> idle_age=<n/a>)
2025-12-29 09:24:08 - widgets.spotify_visualizer_widget - WARNING  - [PERF] [SPOTIFY_VIS] Tick dt spike 47.95ms (running=False name=<none> elapsed=<n/a> idle_age=<n/a>)
2025-12-29 09:24:09 - widgets.spotify_visualizer_widget - WARNING  - [PERF] [SPOTIFY_VIS] Tick dt spike 42.10ms (running=True name=GLCompositorRainDropsTransition elapsed=0.53 idle_age=<n/a>)
2025-12-29 09:24:09 - widgets.spotify_visualizer_widget - WARNING  - [PERF] [SPOTIFY_VIS] Tick dt spike 66.77ms (running=True name=GLCompositorRainDropsTransition elapsed=0.70 idle_age=<n/a>)
2025-12-29 09:24:10 - widgets.spotify_visualizer_widget - WARNING  - [PERF] [SPOTIFY_VIS] Tick dt spike 56.48ms (running=True name=GLCompositorRainDropsTransition elapsed=1.30 idle_age=<n/a>)
2025-12-29 09:24:11 - widgets.spotify_visualizer_widget - WARNING  - [PERF] [SPOTIFY_VIS] Tick dt spike 42.44ms (running=True name=GLCompositorRainDropsTransition elapsed=2.09 idle_age=<n/a>)
2025-12-29 09:24:13 - widgets.spotify_visualizer_widget - WARNING  - [PERF] [SPOTIFY_VIS] Tick dt spike 56.93ms (running=True name=GLCompositorRainDropsTransition elapsed=4.16 idle_age=<n/a>)
2025-12-29 09:24:13 - widgets.spotify_visualizer_widget - WARNING  - [PERF] [SPOTIFY_VIS] Tick dt spike 58.92ms (running=True name=GLCompositorRainDropsTransition elapsed=4.31 idle_age=<n/a>)
2025-12-29 09:24:14 - widgets.spotify_visualizer_widget - WARNING  - [PERF] [SPOTIFY_VIS] Tick dt spike 48.76ms (running=True name=GLCompositorRainDropsTransition elapsed=5.30 idle_age=<n/a>)
2025-12-29 09:24:14 - widgets.spotify_visualizer_widget - WARNING  - [PERF] [SPOTIFY_VIS] Tick dt spike 48.32ms (running=True name=GLCompositorRainDropsTransition elapsed=5.52 idle_age=<n/a>)
2025-12-29 09:24:15 - widgets.spotify_visualizer_widget - WARNING  - [PERF] [SPOTIFY_VIS] Tick dt spike 56.47ms (running=True name=GLCompositorRainDropsTransition elapsed=6.16 idle_age=<n/a>)
2025-12-29 09:24:15 - widgets.spotify_visualizer_widget - WARNING  - [PERF] [SPOTIFY_VIS] Tick dt spike 56.50ms (running=True name=GLCompositorRainDropsTransition elapsed=6.31 idle_age=<n/a>)
2025-12-29 09:24:16 - widgets.spotify_visualizer_widget - WARNING  - [PERF] [SPOTIFY_VIS] Tick dt spike 44.10ms (running=True name=GLCompositorRainDropsTransition elapsed=6.97 idle_age=<n/a>)
2025-12-29 09:24:16 - widgets.spotify_visualizer_widget - WARNING  - [PERF] [SPOTIFY_VIS] Tick dt spike 42.62ms (running=True name=GLCompositorRainDropsTransition elapsed=7.73 idle_age=<n/a>)
2025-12-29 09:24:17 - widgets.spotify_visualizer_widget - WARNING  - [PERF] [SPOTIFY_VIS] Tick dt spike 54.05ms (running=True name=GLCompositorRainDropsTransition elapsed=8.30 idle_age=<n/a>)
2025-12-29 09:24:17 - widgets.spotify_visualizer_widget - WARNING  - [PERF] [SPOTIFY_VIS] Tick dt spike 48.42ms (running=True name=GLCompositorRainDropsTransition elapsed=8.86 idle_age=<n/a>)
2025-12-29 09:24:19 - widgets.spotify_visualizer_widget - WARNING  - [PERF] [SPOTIFY_VIS] Tick dt spike 49.36ms (running=True name=GLCompositorRainDropsTransition elapsed=10.33 idle_age=<n/a>)
2025-12-29 09:24:19 - widgets.spotify_visualizer_widget - WARNING  - [PERF] [SPOTIFY_VIS] Tick dt spike 43.89ms (running=True name=GLCompositorRainDropsTransition elapsed=10.58 idle_age=<n/a>)
2025-12-29 09:24:20 - widgets.spotify_visualizer_widget - WARNING  - [PERF] [SPOTIFY_VIS] Tick dt spike 42.78ms (running=True name=GLCompositorRainDropsTransition elapsed=11.14 idle_age=<n/a>)
2025-12-29 09:25:13 - widgets.spotify_visualizer_widget - WARNING  - [PERF] [SPOTIFY_VIS] Tick dt spike 66.92ms (running=False name=<none> elapsed=<n/a> idle_age=<n/a>)
2025-12-29 09:25:13 - widgets.spotify_visualizer_widget - WARNING  - [PERF] [SPOTIFY_VIS] Tick dt spike 67.00ms (running=False name=<none> elapsed=<n/a> idle_age=<n/a>)
2025-12-29 09:25:16 - widgets.spotify_visualizer_widget - WARNING  - [PERF] [SPOTIFY_VIS] Tick dt spike 281.31ms (running=False name=<none> elapsed=<n/a> idle_age=<n/a>)
2025-12-29 09:25:16 - widgets.spotify_visualizer_widget - WARNING  - [PERF] [SPOTIFY_VIS] Tick dt spike 275.57ms (running=False name=<none> elapsed=<n/a> idle_age=<n/a>)
2025-12-29 09:25:17 - widgets.spotify_visualizer_widget - WARNING  - [PERF] [SPOTIFY_VIS] Tick dt spike 48.00ms (running=False name=<none> elapsed=<n/a> idle_age=<n/a>)
2025-12-29 09:25:17 - widgets.spotify_visualizer_widget - WARNING  - [PERF] [SPOTIFY_VIS] Tick dt spike 48.00ms (running=False name=<none> elapsed=<n/a> idle_age=<n/a>)
2025-12-29 09:25:18 - widgets.spotify_visualizer_widget - WARNING  - [PERF] [SPOTIFY_VIS] Tick dt spike 63.62ms (running=False name=<none> elapsed=<n/a> idle_age=<n/a>)
2025-12-29 09:25:18 - widgets.spotify_visualizer_widget - WARNING  - [PERF] [SPOTIFY_VIS] Tick dt spike 65.73ms (running=False name=<none> elapsed=<n/a> idle_age=<n/a>)
2025-12-29 09:25:21 - widgets.spotify_visualizer_widget - WARNING  - [PERF] [SPOTIFY_VIS] Tick dt spike 569.64ms (running=False name=<none> elapsed=<n/a> idle_age=<n/a>)
2025-12-29 09:25:21 - widgets.spotify_visualizer_widget - WARNING  - [PERF] [SPOTIFY_VIS] Tick dt spike 563.96ms (running=False name=<none> elapsed=<n/a> idle_age=<n/a>)
2025-12-29 09:25:23 - widgets.spotify_visualizer_widget - WARNING  - [PERF] [SPOTIFY_VIS] Tick dt spike 49.98ms (running=False name=<none> elapsed=<n/a> idle_age=<n/a>)
2025-12-29 09:25:23 - widgets.spotify_visualizer_widget - WARNING  - [PERF] [SPOTIFY_VIS] Tick dt spike 42.77ms (running=False name=<none> elapsed=<n/a> idle_age=<n/a>)
2025-12-29 09:25:23 - core.animation.animator        - INFO     - [PERF] [ANIM] AnimationManager metrics: duration=337.8ms, frames=16, avg_fps=47.4, dt_min=1.01ms, dt_max=47.14ms, active_count=0, fps_target=60
2025-12-29 09:25:24 - widgets.spotify_visualizer_widget - WARNING  - [PERF] [SPOTIFY_VIS] Tick dt spike 46.55ms (running=False name=<none> elapsed=<n/a> idle_age=<n/a>)
2025-12-29 09:25:24 - widgets.spotify_visualizer_widget - WARNING  - [PERF] [SPOTIFY_VIS] Tick dt spike 47.30ms (running=False name=<none> elapsed=<n/a> idle_age=<n/a>)
2025-12-29 09:25:25 - widgets.spotify_visualizer_widget - WARNING  - [PERF] [SPOTIFY_VIS] Tick dt spike 48.91ms (running=False name=<none> elapsed=<n/a> idle_age=<n/a>)
2025-12-29 09:25:25 - widgets.spotify_visualizer_widget - WARNING  - [PERF] [SPOTIFY_VIS] Tick dt spike 42.04ms (running=False name=<none> elapsed=<n/a> idle_age=<n/a>)
2025-12-29 09:25:26 - widgets.spotify_visualizer_widget - WARNING  - [PERF] [SPOTIFY_VIS] Tick dt spike 43.30ms (running=False name=<none> elapsed=<n/a> idle_age=<n/a>)
2025-12-29 09:25:26 - widgets.spotify_visualizer_widget - WARNING  - [PERF] [SPOTIFY_VIS] Tick dt spike 51.43ms (running=False name=<none> elapsed=<n/a> idle_age=<n/a>)
2025-12-29 09:25:33 - widgets.spotify_visualizer_widget - WARNING  - [PERF] [SPOTIFY_VIS] Tick dt spike 272.32ms (running=False name=<none> elapsed=<n/a> idle_age=<n/a>)
2025-12-29 09:25:33 - widgets.spotify_visualizer_widget - WARNING  - [PERF] [SPOTIFY_VIS] Tick dt spike 264.94ms (running=False name=<none> elapsed=<n/a> idle_age=<n/a>)
2025-12-29 09:25:34 - widgets.spotify_visualizer_widget - WARNING  - [PERF] [SPOTIFY_VIS] Tick dt spike 47.56ms (running=False name=<none> elapsed=<n/a> idle_age=<n/a>)
2025-12-29 09:25:34 - widgets.spotify_visualizer_widget - WARNING  - [PERF] [SPOTIFY_VIS] Tick dt spike 57.19ms (running=False name=<none> elapsed=<n/a> idle_age=<n/a>)
2025-12-29 09:25:36 - widgets.spotify_visualizer_widget - WARNING  - [PERF] [SPOTIFY_VIS] Tick dt spike 63.03ms (running=False name=<none> elapsed=<n/a> idle_age=<n/a>)
2025-12-29 09:25:36 - widgets.spotify_visualizer_widget - WARNING  - [PERF] [SPOTIFY_VIS] Tick dt spike 59.00ms (running=False name=<none> elapsed=<n/a> idle_age=<n/a>)
2025-12-29 09:25:37 - widgets.spotify_visualizer_widget - WARNING  - [PERF] [SPOTIFY_VIS] Tick dt spike 50.96ms (running=False name=<none> elapsed=<n/a> idle_age=<n/a>)
2025-12-29 09:25:37 - widgets.spotify_visualizer_widget - WARNING  - [PERF] [SPOTIFY_VIS] Tick dt spike 53.47ms (running=False name=<none> elapsed=<n/a> idle_age=<n/a>)
2025-12-29 09:25:38 - widgets.spotify_visualizer_widget - WARNING  - [PERF] [SPOTIFY_VIS] Tick dt spike 60.98ms (running=False name=<none> elapsed=<n/a> idle_age=<n/a>)
2025-12-29 09:25:38 - widgets.spotify_visualizer_widget - WARNING  - [PERF] [SPOTIFY_VIS] Tick dt spike 57.93ms (running=False name=<none> elapsed=<n/a> idle_age=<n/a>)
2025-12-29 09:25:38 - widgets.spotify_visualizer_widget - WARNING  - [PERF] [SPOTIFY_VIS] Tick dt spike 73.98ms (running=False name=<none> elapsed=<n/a> idle_age=<n/a>)
2025-12-29 09:25:38 - widgets.spotify_visualizer_widget - WARNING  - [PERF] [SPOTIFY_VIS] Tick dt spike 75.48ms (running=False name=<none> elapsed=<n/a> idle_age=<n/a>)
2025-12-29 09:25:42 - core.animation.animator        - INFO     - [PERF] [ANIM] AnimationManager metrics: duration=464.9ms, frames=29, avg_fps=62.4, dt_min=2.01ms, dt_max=28.54ms, active_count=0, fps_target=60
2025-12-29 09:25:42 - core.animation.animator        - INFO     - [PERF] [ANIM] AnimationManager metrics: duration=611.6ms, frames=38, avg_fps=62.1, dt_min=2.56ms, dt_max=27.50ms, active_count=0, fps_target=60
2025-12-29 09:25:54 - __main__                       - WARNING  - [PERF] [GC] Collection took 16.23ms (gen=2, collected=32)
