2025-12-29 13:32:02 - engine.screensaver             - INFO     - [ASYNC RSS] Loaded 32 images from source
2025-12-29 13:32:02 - widgets.spotify_visualizer_widget - INFO     - [DEBUG] raw_bass=2.750 Bars: [0.04 0.05 0.14 0.36 0.88 1.00 0.99 0.60 0.53 0.60 0.99 1.00 0.88 0.36 0.14 0.05 0.04]
2025-12-29 13:32:02 - widgets.spotify_visualizer_widget - INFO     - [DEBUG] raw_bass=3.278 Bars: [0.39 0.34 0.33 0.46 0.98 1.00 1.00 0.67 0.59 0.67 1.00 1.00 0.98 0.46 0.33 0.34 0.39]
2025-12-29 13:32:02 - widgets.spotify_visualizer_widget - INFO     - [DEBUG] raw_bass=2.727 Bars: [0.04 0.05 0.13 0.33 0.80 1.00 0.90 0.56 0.50 0.56 0.90 1.00 0.80 0.33 0.13 0.05 0.04]
2025-12-29 13:32:03 - widgets.spotify_visualizer_widget - INFO     - [DEBUG] raw_bass=1.960 Bars: [0.05 0.07 0.16 0.37 0.85 1.00 0.90 0.54 0.47 0.54 0.90 1.00 0.85 0.37 0.16 0.07 0.05]
2025-12-29 13:32:03 - widgets.spotify_visualizer_widget - INFO     - [DEBUG] raw_bass=2.765 Bars: [0.05 0.06 0.16 0.40 0.94 1.00 1.00 0.62 0.56 0.62 1.00 1.00 0.94 0.40 0.16 0.06 0.05]
2025-12-29 13:32:03 - widgets.spotify_visualizer_widget - INFO     - [DEBUG] raw_bass=0.509 Bars: [0.02 0.02 0.04 0.08 0.16 0.19 0.14 0.09 0.08 0.09 0.14 0.19 0.16 0.08 0.04 0.02 0.02]
2025-12-29 13:32:04 - widgets.spotify_visualizer_widget - INFO     - [DEBUG] raw_bass=0.617 Bars: [0.04 0.05 0.09 0.19 0.37 0.44 0.33 0.20 0.18 0.20 0.33 0.44 0.37 0.19 0.09 0.05 0.04]
2025-12-29 13:32:04 - engine.screensaver             - INFO     - [ASYNC RSS] Processing source 7/10: https://www.reddit.com/r/WaterPorn/top/.json?t=day&limit=25...
2025-12-29 13:32:04 - sources.rss_source             - INFO     - Refreshing RSS feeds (1 feeds, max 8/source)...
2025-12-29 13:32:04 - widgets.spotify_visualizer_widget - INFO     - [DEBUG] raw_bass=0.509 Bars: [0.03 0.04 0.08 0.16 0.31 0.36 0.26 0.15 0.13 0.15 0.26 0.36 0.31 0.16 0.08 0.04 0.03]
2025-12-29 13:32:04 - sources.rss_source             - INFO     - JSON feed 'JSON Feed (https://www.reddit.com/r/WaterPorn/top/.json?t=day&limit=25)': 1 entries
2025-12-29 13:32:04 - sources.rss_source             - WARNING  - [FEED_HEALTH] Feed https://www.reddit.com/r/WaterPorn/top/.json?t=day&limit=25 failed 1 times, backoff 60s
2025-12-29 13:32:04 - sources.rss_source             - WARNING  - [RATE_LIMIT] Reddit feed returned 0 images: https://www.reddit.com/r/WaterPorn/top/.json?t=day&limit=25
2025-12-29 13:32:04 - sources.rss_source             - INFO     - [RATE_LIMIT] Skipping 1 rate-limited Reddit feeds (will retry on next refresh)
2025-12-29 13:32:04 - sources.rss_source             - INFO     - RSS refresh complete: 30 total images (0 new)
2025-12-29 13:32:04 - engine.screensaver             - INFO     - [ASYNC RSS] Loaded 30 images from source
2025-12-29 13:32:04 - widgets.spotify_visualizer_widget - INFO     - [DEBUG] raw_bass=1.777 Bars: [0.69 0.59 0.45 0.41 0.61 0.76 0.59 0.34 0.30 0.34 0.59 0.76 0.61 0.41 0.45 0.59 0.69]
2025-12-29 13:32:05 - widgets.spotify_visualizer_widget - INFO     - [DEBUG] raw_bass=1.060 Bars: [0.05 0.06 0.12 0.25 0.53 0.65 0.50 0.29 0.26 0.29 0.50 0.65 0.53 0.25 0.12 0.06 0.05]
2025-12-29 13:32:05 - widgets.spotify_visualizer_widget - INFO     - [DEBUG] raw_bass=1.272 Bars: [0.27 0.25 0.23 0.29 0.50 0.60 0.46 0.30 0.29 0.30 0.46 0.60 0.50 0.29 0.23 0.25 0.27]
2025-12-29 13:32:05 - widgets.spotify_visualizer_widget - INFO     - [DEBUG] raw_bass=0.658 Bars: [0.05 0.05 0.05 0.06 0.11 0.13 0.10 0.06 0.06 0.06 0.10 0.13 0.11 0.06 0.05 0.05 0.05]
2025-12-29 13:32:05 - widgets.spotify_visualizer_widget - INFO     - [DEBUG] raw_bass=1.805 Bars: [1.00 1.00 0.71 0.52 0.65 0.78 0.63 0.40 0.38 0.40 0.63 0.78 0.65 0.52 0.71 1.00 1.00]
2025-12-29 13:32:06 - widgets.spotify_visualizer_widget - INFO     - [DEBUG] raw_bass=2.575 Bars: [0.87 0.74 0.57 0.53 0.86 1.00 0.92 0.58 0.53 0.58 0.92 1.00 0.86 0.53 0.57 0.74 0.87]
2025-12-29 13:32:06 - widgets.spotify_visualizer_widget - INFO     - [DEBUG] raw_bass=1.488 Bars: [0.66 0.57 0.44 0.41 0.62 0.76 0.60 0.38 0.36 0.38 0.60 0.76 0.62 0.41 0.44 0.57 0.66]
2025-12-29 13:32:06 - engine.screensaver             - INFO     - [ASYNC RSS] Processing source 8/10: https://www.reddit.com/r/WQHD_Wallpaper/top/.json?t=day&limi...
2025-12-29 13:32:06 - sources.rss_source             - INFO     - Refreshing RSS feeds (1 feeds, max 8/source)...
2025-12-29 13:32:06 - widgets.spotify_visualizer_widget - INFO     - [DEBUG] raw_bass=1.512 Bars: [0.37 0.33 0.29 0.34 0.59 0.73 0.57 0.36 0.33 0.36 0.57 0.73 0.59 0.34 0.29 0.33 0.37]
2025-12-29 13:32:07 - sources.rss_source             - INFO     - JSON feed 'JSON Feed (https://www.reddit.com/r/WQHD_Wallpaper/top/.json?t=day&limit=25)': 0 entries
2025-12-29 13:32:07 - sources.rss_source             - WARNING  - [FEED_HEALTH] Feed https://www.reddit.com/r/WQHD_Wallpaper/top/.json?t=day&limit=25 failed 1 times, backoff 60s
2025-12-29 13:32:07 - sources.rss_source             - WARNING  - [RATE_LIMIT] Reddit feed returned 0 images: https://www.reddit.com/r/WQHD_Wallpaper/top/.json?t=day&limit=25
2025-12-29 13:32:07 - sources.rss_source             - INFO     - [RATE_LIMIT] Skipping 1 rate-limited Reddit feeds (will retry on next refresh)
2025-12-29 13:32:07 - sources.rss_source             - INFO     - RSS refresh complete: 30 total images (0 new)
2025-12-29 13:32:07 - engine.screensaver             - INFO     - [ASYNC RSS] Loaded 30 images from source
2025-12-29 13:32:07 - widgets.spotify_visualizer_widget - INFO     - [DEBUG] raw_bass=2.751 Bars: [0.28 0.25 0.27 0.42 0.90 1.00 1.00 0.60 0.53 0.60 1.00 1.00 0.90 0.42 0.27 0.25 0.28]
2025-12-29 13:32:07 - widgets.spotify_visualizer_widget - INFO     - [DEBUG] raw_bass=1.931 Bars: [0.40 0.35 0.31 0.38 0.70 0.90 0.73 0.46 0.41 0.46 0.73 0.90 0.70 0.38 0.31 0.35 0.40]
2025-12-29 13:32:08 - widgets.spotify_visualizer_widget - INFO     - [DEBUG] raw_bass=2.717 Bars: [0.22 0.20 0.23 0.39 0.85 1.00 0.95 0.59 0.53 0.59 0.95 1.00 0.85 0.39 0.23 0.20 0.22]
2025-12-29 13:32:08 - widgets.spotify_visualizer_widget - INFO     - [DEBUG] raw_bass=2.132 Bars: [0.51 0.45 0.38 0.44 0.77 0.99 0.80 0.51 0.47 0.51 0.80 0.99 0.77 0.44 0.38 0.45 0.51]
2025-12-29 13:32:08 - widgets.spotify_visualizer_widget - INFO     - [DEBUG] raw_bass=2.679 Bars: [0.32 0.28 0.29 0.42 0.87 1.00 0.95 0.59 0.53 0.59 0.95 1.00 0.87 0.42 0.29 0.28 0.32]
2025-12-29 13:32:09 - widgets.spotify_visualizer_widget - INFO     - [DEBUG] raw_bass=2.220 Bars: [0.55 0.47 0.40 0.45 0.83 1.00 0.89 0.55 0.50 0.55 0.89 1.00 0.83 0.45 0.40 0.47 0.55]
2025-12-29 13:32:09 - engine.screensaver             - INFO     - [ASYNC RSS] Processing source 9/10: https://www.reddit.com/r/4kwallpaper/top/.json?t=day&limit=2...
2025-12-29 13:32:09 - sources.rss_source             - INFO     - Refreshing RSS feeds (1 feeds, max 8/source)...
2025-12-29 13:32:09 - widgets.spotify_visualizer_widget - INFO     - [DEBUG] raw_bass=2.462 Bars: [0.43 0.37 0.34 0.42 0.82 1.00 0.92 0.58 0.53 0.58 0.92 1.00 0.82 0.42 0.34 0.37 0.43]
2025-12-29 13:32:09 - widgets.spotify_visualizer_widget - INFO     - [DEBUG] raw_bass=2.401 Bars: [0.70 0.60 0.48 0.50 0.86 1.00 0.94 0.60 0.55 0.60 0.94 1.00 0.86 0.50 0.48 0.60 0.70]
2025-12-29 13:32:09 - sources.rss_source             - INFO     - JSON feed 'JSON Feed (https://www.reddit.com/r/4kwallpaper/top/.json?t=day&limit=25)': 0 entries
2025-12-29 13:32:09 - sources.rss_source             - WARNING  - [FEED_HEALTH] Feed https://www.reddit.com/r/4kwallpaper/top/.json?t=day&limit=25 failed 1 times, backoff 60s
2025-12-29 13:32:09 - sources.rss_source             - WARNING  - [RATE_LIMIT] Reddit feed returned 0 images: https://www.reddit.com/r/4kwallpaper/top/.json?t=day&limit=25
2025-12-29 13:32:09 - sources.rss_source             - INFO     - [RATE_LIMIT] Skipping 1 rate-limited Reddit feeds (will retry on next refresh)
2025-12-29 13:32:09 - sources.rss_source             - INFO     - RSS refresh complete: 30 total images (0 new)
2025-12-29 13:32:09 - engine.screensaver             - INFO     - [ASYNC RSS] Loaded 30 images from source
2025-12-29 13:32:09 - widgets.spotify_visualizer_widget - INFO     - [DEBUG] raw_bass=1.959 Bars: [0.61 0.52 0.42 0.41 0.68 0.87 0.71 0.45 0.41 0.45 0.71 0.87 0.68 0.41 0.42 0.52 0.61]
2025-12-29 13:32:10 - widgets.spotify_visualizer_widget - INFO     - [DEBUG] raw_bass=2.100 Bars: [0.32 0.29 0.27 0.35 0.68 0.89 0.72 0.45 0.41 0.45 0.72 0.89 0.68 0.35 0.27 0.29 0.32]
2025-12-29 13:32:10 - widgets.spotify_visualizer_widget - INFO     - [DEBUG] raw_bass=1.528 Bars: [0.43 0.38 0.32 0.35 0.59 0.72 0.55 0.34 0.31 0.34 0.55 0.72 0.59 0.35 0.32 0.38 0.43]
2025-12-29 13:32:10 - widgets.spotify_visualizer_widget - INFO     - [DEBUG] raw_bass=2.332 Bars: [0.26 0.23 0.24 0.37 0.76 1.00 0.85 0.54 0.49 0.54 0.85 1.00 0.76 0.37 0.24 0.23 0.26]
2025-12-29 13:32:11 - widgets.spotify_visualizer_widget - INFO     - [DEBUG] raw_bass=2.065 Bars: [0.45 0.40 0.36 0.43 0.79 1.00 0.81 0.50 0.45 0.50 0.81 1.00 0.79 0.43 0.36 0.40 0.45]
2025-12-29 13:32:11 - widgets.spotify_visualizer_widget - INFO     - [DEBUG] raw_bass=1.525 Bars: [0.22 0.20 0.20 0.27 0.51 0.64 0.51 0.32 0.30 0.32 0.51 0.64 0.51 0.27 0.20 0.20 0.22]
2025-12-29 13:32:11 - engine.screensaver             - INFO     - [ASYNC RSS] Processing source 10/10: https://www.reddit.com/r/AbandonedPorn/top/.json?t=day&limit...
2025-12-29 13:32:11 - sources.rss_source             - INFO     - Refreshing RSS feeds (1 feeds, max 8/source)...
2025-12-29 13:32:11 - widgets.spotify_visualizer_widget - INFO     - [DEBUG] raw_bass=1.883 Bars: [0.52 0.45 0.37 0.41 0.70 0.90 0.75 0.49 0.45 0.49 0.75 0.90 0.70 0.41 0.37 0.45 0.52]
2025-12-29 13:32:12 - widgets.spotify_visualizer_widget - INFO     - [DEBUG] raw_bass=2.505 Bars: [0.49 0.43 0.37 0.44 0.83 1.00 0.91 0.57 0.52 0.57 0.91 1.00 0.83 0.44 0.37 0.43 0.49]
2025-12-29 13:32:12 - sources.rss_source             - INFO     - JSON feed 'JSON Feed (https://www.reddit.com/r/AbandonedPorn/top/.json?t=day&limit=25)': 5 entries
2025-12-29 13:32:12 - sources.rss_source             - WARNING  - [FEED_HEALTH] Feed https://www.reddit.com/r/AbandonedPorn/top/.json?t=day&limit=25 failed 1 times, backoff 60s
2025-12-29 13:32:12 - sources.rss_source             - WARNING  - [RATE_LIMIT] Reddit feed returned 0 images: https://www.reddit.com/r/AbandonedPorn/top/.json?t=day&limit=25
2025-12-29 13:32:12 - sources.rss_source             - INFO     - [RATE_LIMIT] Skipping 1 rate-limited Reddit feeds (will retry on next refresh)
2025-12-29 13:32:12 - sources.rss_source             - INFO     - RSS refresh complete: 30 total images (0 new)
2025-12-29 13:32:12 - engine.screensaver             - INFO     - [ASYNC RSS] Loaded 30 images from source
2025-12-29 13:32:12 - engine.screensaver             - INFO     - [ASYNC RSS] Completed: 319 total images loaded from 10 sources
2025-12-29 13:32:12 - widgets.spotify_visualizer_widget - INFO     - [DEBUG] raw_bass=2.161 Bars: [0.42 0.36 0.33 0.40 0.76 1.00 0.81 0.50 0.44 0.50 0.81 1.00 0.76 0.40 0.33 0.36 0.42]
2025-12-29 13:32:12 - widgets.spotify_visualizer_widget - INFO     - [DEBUG] raw_bass=2.309 Bars: [0.60 0.52 0.42 0.45 0.79 1.00 0.84 0.52 0.47 0.52 0.84 1.00 0.79 0.45 0.42 0.52 0.60]
2025-12-29 13:32:12 - widgets.spotify_visualizer_widget - INFO     - [DEBUG] raw_bass=2.874 Bars: [0.60 0.51 0.43 0.49 0.92 1.00 1.00 0.60 0.53 0.60 1.00 1.00 0.92 0.49 0.43 0.51 0.60]
2025-12-29 13:32:13 - widgets.spotify_visualizer_widget - INFO     - [DEBUG] raw_bass=2.653 Bars: [0.19 0.18 0.21 0.35 0.77 1.00 0.83 0.51 0.46 0.51 0.83 1.00 0.77 0.35 0.21 0.18 0.19]
2025-12-29 13:32:13 - widgets.spotify_visualizer_widget - INFO     - [DEBUG] raw_bass=2.010 Bars: [0.37 0.33 0.31 0.41 0.79 1.00 0.82 0.50 0.45 0.50 0.82 1.00 0.79 0.41 0.31 0.33 0.37]
2025-12-29 13:32:13 - widgets.spotify_visualizer_widget - INFO     - [DEBUG] raw_bass=2.041 Bars: [0.39 0.34 0.30 0.37 0.69 0.90 0.73 0.45 0.40 0.45 0.73 0.90 0.69 0.37 0.30 0.34 0.39]
2025-12-29 13:32:14 - widgets.spotify_visualizer_widget - INFO     - [DEBUG] raw_bass=2.167 Bars: [0.33 0.29 0.27 0.37 0.73 0.97 0.79 0.50 0.45 0.50 0.79 0.97 0.73 0.37 0.27 0.29 0.33]
2025-12-29 13:32:14 - widgets.spotify_visualizer_widget - INFO     - [DEBUG] raw_bass=3.086 Bars: [0.35 0.31 0.31 0.46 0.97 1.00 1.00 0.66 0.58 0.66 1.00 1.00 0.97 0.46 0.31 0.31 0.35]
2025-12-29 13:32:14 - widgets.spotify_visualizer_widget - INFO     - [DEBUG] raw_bass=2.530 Bars: [0.22 0.20 0.23 0.38 0.82 1.00 0.90 0.56 0.51 0.56 0.90 1.00 0.82 0.38 0.23 0.20 0.22]
2025-12-29 13:32:15 - widgets.spotify_visualizer_widget - INFO     - [DEBUG] raw_bass=2.189 Bars: [0.40 0.35 0.31 0.39 0.73 0.96 0.79 0.50 0.45 0.50 0.79 0.96 0.73 0.39 0.31 0.35 0.40]
2025-12-29 13:32:15 - widgets.spotify_visualizer_widget - INFO     - [DEBUG] raw_bass=2.059 Bars: [0.62 0.53 0.43 0.44 0.74 0.95 0.78 0.50 0.46 0.50 0.78 0.95 0.74 0.44 0.43 0.53 0.62]
2025-12-29 13:32:16 - widgets.spotify_visualizer_widget - INFO     - [DEBUG] raw_bass=1.767 Bars: [0.31 0.28 0.26 0.33 0.61 0.79 0.65 0.42 0.39 0.42 0.65 0.79 0.61 0.33 0.26 0.28 0.31]
2025-12-29 13:32:16 - widgets.spotify_visualizer_widget - INFO     - [DEBUG] raw_bass=2.320 Bars: [0.42 0.36 0.33 0.40 0.75 0.98 0.79 0.49 0.44 0.49 0.79 0.98 0.75 0.40 0.33 0.36 0.42]
2025-12-29 13:32:16 - widgets.spotify_visualizer_widget - INFO     - [DEBUG] raw_bass=2.119 Bars: [1.00 1.00 0.81 0.59 0.76 0.93 0.77 0.49 0.45 0.49 0.77 0.93 0.76 0.59 0.81 1.00 1.00]
2025-12-29 13:32:17 - widgets.spotify_visualizer_widget - INFO     - [DEBUG] raw_bass=3.065 Bars: [0.19 0.18 0.24 0.45 1.00 1.00 1.00 0.75 0.67 0.75 1.00 1.00 1.00 0.45 0.24 0.18 0.19]
2025-12-29 13:32:17 - widgets.spotify_visualizer_widget - INFO     - [DEBUG] raw_bass=1.730 Bars: [0.49 0.43 0.36 0.40 0.69 0.86 0.70 0.45 0.42 0.45 0.70 0.86 0.69 0.40 0.36 0.43 0.49]
2025-12-29 13:32:17 - widgets.spotify_visualizer_widget - INFO     - [DEBUG] raw_bass=2.655 Bars: [0.12 0.12 0.19 0.38 0.87 1.00 0.98 0.60 0.54 0.60 0.98 1.00 0.87 0.38 0.19 0.12 0.12]
2025-12-29 13:32:18 - widgets.spotify_visualizer_widget - INFO     - [DEBUG] raw_bass=2.535 Bars: [0.58 0.50 0.42 0.46 0.84 1.00 0.92 0.58 0.52 0.58 0.92 1.00 0.84 0.46 0.42 0.50 0.58]
2025-12-29 13:32:18 - widgets.spotify_visualizer_widget - INFO     - [DEBUG] raw_bass=1.552 Bars: [0.25 0.23 0.22 0.30 0.55 0.69 0.55 0.35 0.32 0.35 0.55 0.69 0.55 0.30 0.22 0.23 0.25]
2025-12-29 13:32:18 - widgets.spotify_visualizer_widget - INFO     - [DEBUG] raw_bass=2.439 Bars: [0.64 0.55 0.47 0.52 0.94 1.00 1.00 0.62 0.56 0.62 1.00 1.00 0.94 0.52 0.47 0.55 0.64]
2025-12-29 13:32:19 - widgets.spotify_visualizer_widget - INFO     - [DEBUG] raw_bass=2.529 Bars: [0.52 0.45 0.38 0.42 0.77 1.00 0.83 0.51 0.46 0.51 0.83 1.00 0.77 0.42 0.38 0.45 0.52]
2025-12-29 13:32:19 - widgets.spotify_visualizer_widget - INFO     - [DEBUG] raw_bass=2.330 Bars: [0.19 0.17 0.21 0.36 0.78 1.00 0.84 0.53 0.48 0.53 0.84 1.00 0.78 0.36 0.21 0.17 0.19]
2025-12-29 13:32:19 - widgets.spotify_visualizer_widget - INFO     - [DEBUG] raw_bass=2.148 Bars: [0.37 0.33 0.31 0.41 0.81 1.00 0.87 0.53 0.48 0.53 0.87 1.00 0.81 0.41 0.31 0.33 0.37]
2025-12-29 13:32:20 - widgets.spotify_visualizer_widget - INFO     - [DEBUG] raw_bass=2.604 Bars: [0.72 0.61 0.49 0.51 0.89 1.00 0.97 0.59 0.53 0.59 0.97 1.00 0.89 0.51 0.49 0.61 0.72]
2025-12-29 13:32:20 - widgets.spotify_visualizer_widget - INFO     - [DEBUG] raw_bass=2.504 Bars: [0.19 0.18 0.22 0.38 0.84 1.00 0.92 0.56 0.49 0.56 0.92 1.00 0.84 0.38 0.22 0.18 0.19]
2025-12-29 13:32:20 - widgets.spotify_visualizer_widget - INFO     - [DEBUG] raw_bass=1.742 Bars: [0.18 0.17 0.19 0.30 0.61 0.79 0.64 0.40 0.37 0.40 0.64 0.79 0.61 0.30 0.19 0.17 0.18]
2025-12-29 13:32:21 - widgets.spotify_visualizer_widget - INFO     - [DEBUG] raw_bass=2.394 Bars: [0.21 0.19 0.22 0.35 0.75 1.00 0.82 0.50 0.45 0.50 0.82 1.00 0.75 0.35 0.22 0.19 0.21]
2025-12-29 13:32:21 - widgets.spotify_visualizer_widget - INFO     - [DEBUG] raw_bass=1.753 Bars: [0.32 0.29 0.27 0.36 0.67 0.85 0.67 0.41 0.38 0.41 0.67 0.85 0.67 0.36 0.27 0.29 0.32]
2025-12-29 13:32:22 - widgets.spotify_visualizer_widget - INFO     - [DEBUG] raw_bass=2.040 Bars: [0.28 0.25 0.25 0.34 0.67 0.87 0.71 0.45 0.40 0.45 0.71 0.87 0.67 0.34 0.25 0.25 0.28]
2025-12-29 13:32:22 - widgets.spotify_visualizer_widget - INFO     - [DEBUG] raw_bass=2.463 Bars: [0.29 0.26 0.28 0.43 0.90 1.00 0.99 0.61 0.53 0.61 0.99 1.00 0.90 0.43 0.28 0.26 0.29]
2025-12-29 13:32:23 - widgets.spotify_visualizer_widget - INFO     - [DEBUG] raw_bass=1.944 Bars: [0.23 0.21 0.23 0.34 0.67 0.85 0.67 0.42 0.39 0.42 0.67 0.85 0.67 0.34 0.23 0.21 0.23]
2025-12-29 13:32:23 - widgets.spotify_visualizer_widget - INFO     - [DEBUG] raw_bass=2.430 Bars: [0.22 0.20 0.22 0.36 0.78 1.00 0.85 0.53 0.48 0.53 0.85 1.00 0.78 0.36 0.22 0.20 0.22]
2025-12-29 13:32:23 - widgets.spotify_visualizer_widget - INFO     - [DEBUG] raw_bass=2.008 Bars: [0.57 0.49 0.39 0.41 0.69 0.89 0.73 0.46 0.42 0.46 0.73 0.89 0.69 0.41 0.39 0.49 0.57]
2025-12-29 13:32:24 - widgets.spotify_visualizer_widget - INFO     - [DEBUG] raw_bass=1.252 Bars: [0.98 0.83 0.60 0.45 0.55 0.63 0.49 0.32 0.30 0.32 0.49 0.63 0.55 0.45 0.60 0.83 0.98]
2025-12-29 13:32:24 - widgets.spotify_visualizer_widget - INFO     - [DEBUG] raw_bass=2.494 Bars: [0.78 0.66 0.52 0.50 0.83 1.00 0.89 0.56 0.50 0.56 0.89 1.00 0.83 0.50 0.52 0.66 0.78]
2025-12-29 13:32:24 - widgets.spotify_visualizer_widget - INFO     - [DEBUG] raw_bass=2.615 Bars: [0.76 0.65 0.53 0.54 0.95 1.00 1.00 0.63 0.57 0.63 1.00 1.00 0.95 0.54 0.53 0.65 0.76]
2025-12-29 13:32:25 - widgets.spotify_visualizer_widget - INFO     - [DEBUG] raw_bass=2.051 Bars: [0.30 0.27 0.26 0.34 0.65 0.84 0.69 0.44 0.40 0.44 0.69 0.84 0.65 0.34 0.26 0.27 0.30]
2025-12-29 13:32:25 - widgets.spotify_visualizer_widget - INFO     - [DEBUG] raw_bass=2.068 Bars: [0.25 0.23 0.25 0.38 0.77 1.00 0.79 0.49 0.44 0.49 0.79 1.00 0.77 0.38 0.25 0.23 0.25]
2025-12-29 13:32:25 - widgets.spotify_visualizer_widget - INFO     - [DEBUG] raw_bass=2.052 Bars: [0.33 0.29 0.28 0.36 0.69 0.89 0.72 0.45 0.41 0.45 0.72 0.89 0.69 0.36 0.28 0.29 0.33]
2025-12-29 13:32:26 - widgets.spotify_visualizer_widget - INFO     - [DEBUG] raw_bass=2.308 Bars: [0.35 0.31 0.30 0.40 0.79 1.00 0.85 0.53 0.48 0.53 0.85 1.00 0.79 0.40 0.30 0.31 0.35]
2025-12-29 13:32:26 - widgets.spotify_visualizer_widget - INFO     - [DEBUG] raw_bass=1.703 Bars: [0.52 0.45 0.39 0.44 0.77 0.98 0.81 0.53 0.49 0.53 0.81 0.98 0.77 0.44 0.39 0.45 0.52]
2025-12-29 13:32:26 - widgets.spotify_visualizer_widget - INFO     - [DEBUG] raw_bass=1.769 Bars: [0.52 0.44 0.36 0.36 0.59 0.74 0.59 0.37 0.34 0.37 0.59 0.74 0.59 0.36 0.36 0.44 0.52]
2025-12-29 13:32:27 - widgets.spotify_visualizer_widget - INFO     - [DEBUG] raw_bass=1.814 Bars: [0.55 0.48 0.41 0.45 0.80 1.00 0.84 0.55 0.51 0.55 0.84 1.00 0.80 0.45 0.41 0.48 0.55]
2025-12-29 13:32:27 - widgets.spotify_visualizer_widget - INFO     - [DEBUG] raw_bass=1.812 Bars: [0.19 0.18 0.19 0.29 0.59 0.76 0.61 0.38 0.34 0.38 0.61 0.76 0.59 0.29 0.19 0.18 0.19]
2025-12-29 13:32:27 - widgets.spotify_visualizer_widget - INFO     - [DEBUG] raw_bass=1.168 Bars: [0.51 0.44 0.35 0.35 0.51 0.61 0.47 0.30 0.28 0.30 0.47 0.61 0.51 0.35 0.35 0.44 0.51]
2025-12-29 13:32:28 - widgets.spotify_visualizer_widget - INFO     - [DEBUG] raw_bass=2.694 Bars: [0.51 0.44 0.38 0.44 0.83 1.00 0.91 0.57 0.51 0.57 0.91 1.00 0.83 0.44 0.38 0.44 0.51]
2025-12-29 13:32:28 - widgets.spotify_visualizer_widget - INFO     - [DEBUG] raw_bass=1.719 Bars: [0.32 0.29 0.28 0.38 0.73 0.93 0.75 0.47 0.43 0.47 0.75 0.93 0.73 0.38 0.28 0.29 0.32]
2025-12-29 13:32:28 - widgets.spotify_visualizer_widget - INFO     - [DEBUG] raw_bass=2.387 Bars: [0.29 0.26 0.28 0.42 0.88 1.00 0.95 0.58 0.52 0.58 0.95 1.00 0.88 0.42 0.28 0.26 0.29]
2025-12-29 13:32:29 - widgets.spotify_visualizer_widget - INFO     - [DEBUG] raw_bass=2.717 Bars: [0.33 0.29 0.29 0.41 0.86 1.00 0.96 0.59 0.53 0.59 0.96 1.00 0.86 0.41 0.29 0.29 0.33]
2025-12-29 13:32:29 - widgets.spotify_visualizer_widget - INFO     - [DEBUG] raw_bass=2.038 Bars: [0.40 0.36 0.32 0.40 0.75 0.96 0.76 0.47 0.42 0.47 0.76 0.96 0.75 0.40 0.32 0.36 0.40]
2025-12-29 13:32:29 - widgets.spotify_visualizer_widget - INFO     - [DEBUG] raw_bass=2.089 Bars: [0.06 0.07 0.13 0.31 0.70 0.93 0.75 0.46 0.41 0.46 0.75 0.93 0.70 0.31 0.13 0.07 0.06]
2025-12-29 13:32:30 - widgets.spotify_visualizer_widget - INFO     - [DEBUG] raw_bass=2.442 Bars: [0.21 0.20 0.23 0.40 0.87 1.00 0.95 0.59 0.53 0.59 0.95 1.00 0.87 0.40 0.23 0.20 0.21]
2025-12-29 13:32:30 - widgets.spotify_visualizer_widget - INFO     - [DEBUG] raw_bass=1.956 Bars: [0.21 0.20 0.22 0.34 0.69 0.89 0.71 0.43 0.39 0.43 0.71 0.89 0.69 0.34 0.22 0.20 0.21]
2025-12-29 13:32:30 - widgets.spotify_visualizer_widget - INFO     - [DEBUG] raw_bass=2.183 Bars: [0.38 0.33 0.31 0.41 0.79 1.00 0.85 0.52 0.46 0.52 0.85 1.00 0.79 0.41 0.31 0.33 0.38]
2025-12-29 13:32:31 - widgets.spotify_visualizer_widget - INFO     - [DEBUG] raw_bass=2.303 Bars: [0.58 0.50 0.42 0.47 0.84 1.00 0.86 0.52 0.47 0.52 0.86 1.00 0.84 0.47 0.42 0.50 0.58]
2025-12-29 13:32:31 - widgets.spotify_visualizer_widget - INFO     - [DEBUG] raw_bass=2.432 Bars: [0.34 0.30 0.29 0.40 0.81 1.00 0.90 0.56 0.50 0.56 0.90 1.00 0.81 0.40 0.29 0.30 0.34]
2025-12-29 13:32:31 - widgets.spotify_visualizer_widget - INFO     - [DEBUG] raw_bass=2.724 Bars: [0.60 0.52 0.43 0.47 0.87 1.00 0.94 0.56 0.49 0.56 0.94 1.00 0.87 0.47 0.43 0.52 0.60]
2025-12-29 13:32:31 - widgets.spotify_visualizer_widget - INFO     - [DEBUG] raw_bass=2.615 Bars: [0.24 0.22 0.24 0.36 0.77 1.00 0.83 0.51 0.46 0.51 0.83 1.00 0.77 0.36 0.24 0.22 0.24]
2025-12-29 13:32:32 - widgets.spotify_visualizer_widget - INFO     - [DEBUG] raw_bass=1.164 Bars: [0.22 0.20 0.20 0.26 0.45 0.54 0.42 0.27 0.25 0.27 0.42 0.54 0.45 0.26 0.20 0.20 0.22]
2025-12-29 13:32:32 - widgets.spotify_visualizer_widget - INFO     - [DEBUG] raw_bass=2.243 Bars: [0.44 0.38 0.34 0.41 0.78 1.00 0.82 0.50 0.46 0.50 0.82 1.00 0.78 0.41 0.34 0.38 0.44]
2025-12-29 13:32:32 - widgets.spotify_visualizer_widget - INFO     - [DEBUG] raw_bass=1.181 Bars: [0.46 0.41 0.33 0.33 0.50 0.59 0.45 0.29 0.27 0.29 0.45 0.59 0.50 0.33 0.33 0.41 0.46]
2025-12-29 13:32:33 - widgets.spotify_visualizer_widget - INFO     - [DEBUG] raw_bass=2.019 Bars: [0.24 0.22 0.22 0.32 0.62 0.80 0.64 0.40 0.37 0.40 0.64 0.80 0.62 0.32 0.22 0.22 0.24]
2025-12-29 13:32:33 - widgets.spotify_visualizer_widget - INFO     - [DEBUG] raw_bass=1.649 Bars: [0.59 0.51 0.42 0.44 0.73 0.91 0.76 0.50 0.47 0.50 0.76 0.91 0.73 0.44 0.42 0.51 0.59]
2025-12-29 13:32:33 - widgets.spotify_visualizer_widget - INFO     - [DEBUG] raw_bass=2.164 Bars: [0.63 0.54 0.44 0.45 0.76 0.98 0.80 0.51 0.46 0.51 0.80 0.98 0.76 0.45 0.44 0.54 0.63]
2025-12-29 13:32:34 - widgets.spotify_visualizer_widget - INFO     - [DEBUG] raw_bass=2.249 Bars: [0.34 0.30 0.29 0.38 0.75 0.98 0.81 0.51 0.46 0.51 0.81 0.98 0.75 0.38 0.29 0.30 0.34]
2025-12-29 13:32:34 - widgets.spotify_visualizer_widget - INFO     - [DEBUG] raw_bass=1.779 Bars: [0.33 0.29 0.27 0.34 0.64 0.82 0.67 0.42 0.38 0.42 0.67 0.82 0.64 0.34 0.27 0.29 0.33]
2025-12-29 13:32:34 - widgets.spotify_visualizer_widget - INFO     - [DEBUG] raw_bass=1.618 Bars: [0.13 0.13 0.17 0.31 0.64 0.82 0.64 0.40 0.37 0.40 0.64 0.82 0.64 0.31 0.17 0.13 0.13]
2025-12-29 13:32:35 - widgets.spotify_visualizer_widget - INFO     - [DEBUG] raw_bass=2.259 Bars: [0.41 0.36 0.33 0.43 0.83 1.00 0.86 0.53 0.48 0.53 0.86 1.00 0.83 0.43 0.33 0.36 0.41]
2025-12-29 13:32:35 - widgets.spotify_visualizer_widget - INFO     - [DEBUG] raw_bass=1.871 Bars: [0.79 0.68 0.52 0.48 0.74 0.92 0.75 0.48 0.45 0.48 0.75 0.92 0.74 0.48 0.52 0.68 0.79]
2025-12-29 13:32:35 - widgets.spotify_visualizer_widget - INFO     - [DEBUG] raw_bass=2.092 Bars: [0.35 0.30 0.28 0.35 0.66 0.85 0.70 0.44 0.40 0.44 0.70 0.85 0.66 0.35 0.28 0.30 0.35]
2025-12-29 13:32:36 - widgets.spotify_visualizer_widget - INFO     - [DEBUG] raw_bass=2.198 Bars: [0.32 0.28 0.28 0.39 0.79 1.00 0.86 0.54 0.49 0.54 0.86 1.00 0.79 0.39 0.28 0.28 0.32]
2025-12-29 13:32:36 - widgets.spotify_visualizer_widget - INFO     - [DEBUG] raw_bass=2.096 Bars: [0.04 0.06 0.12 0.28 0.62 0.82 0.65 0.40 0.36 0.40 0.65 0.82 0.62 0.28 0.12 0.06 0.04]
2025-12-29 13:32:36 - widgets.spotify_visualizer_widget - INFO     - [DEBUG] raw_bass=2.186 Bars: [0.23 0.21 0.24 0.37 0.77 1.00 0.85 0.54 0.49 0.54 0.85 1.00 0.77 0.37 0.24 0.21 0.23]
2025-12-29 13:32:37 - widgets.spotify_visualizer_widget - INFO     - [DEBUG] raw_bass=2.866 Bars: [0.14 0.14 0.20 0.40 0.92 1.00 1.00 0.63 0.56 0.63 1.00 1.00 0.92 0.40 0.20 0.14 0.14]
2025-12-29 13:32:37 - widgets.spotify_visualizer_widget - INFO     - [DEBUG] raw_bass=2.073 Bars: [0.27 0.25 0.25 0.37 0.72 0.93 0.74 0.46 0.42 0.46 0.74 0.93 0.72 0.37 0.25 0.25 0.27]
2025-12-29 13:32:38 - widgets.spotify_visualizer_widget - INFO     - [DEBUG] raw_bass=2.753 Bars: [0.60 0.52 0.45 0.53 1.00 1.00 1.00 0.68 0.61 0.68 1.00 1.00 1.00 0.53 0.45 0.52 0.60]
2025-12-29 13:32:39 - widgets.spotify_visualizer_widget - INFO     - [DEBUG] raw_bass=3.008 Bars: [0.23 0.21 0.25 0.42 0.93 1.00 1.00 0.63 0.55 0.63 1.00 1.00 0.93 0.42 0.25 0.21 0.23]
2025-12-29 13:32:39 - widgets.spotify_visualizer_widget - INFO     - [DEBUG] raw_bass=2.737 Bars: [0.71 0.60 0.48 0.48 0.84 1.00 0.90 0.56 0.50 0.56 0.90 1.00 0.84 0.48 0.48 0.60 0.71]
2025-12-29 13:32:40 - widgets.spotify_visualizer_widget - INFO     - [DEBUG] raw_bass=2.529 Bars: [0.48 0.42 0.37 0.44 0.82 1.00 0.88 0.56 0.51 0.56 0.88 1.00 0.82 0.44 0.37 0.42 0.48]
2025-12-29 13:32:40 - widgets.spotify_visualizer_widget - INFO     - [DEBUG] raw_bass=2.386 Bars: [0.26 0.24 0.25 0.39 0.83 1.00 0.90 0.55 0.49 0.55 0.90 1.00 0.83 0.39 0.25 0.24 0.26]
2025-12-29 13:32:40 - widgets.spotify_visualizer_widget - INFO     - [DEBUG] raw_bass=1.768 Bars: [0.34 0.30 0.28 0.37 0.69 0.89 0.71 0.44 0.40 0.44 0.71 0.89 0.69 0.37 0.28 0.30 0.34]
2025-12-29 13:32:41 - widgets.spotify_visualizer_widget - INFO     - [DEBUG] raw_bass=1.997 Bars: [0.33 0.29 0.27 0.34 0.64 0.82 0.64 0.39 0.36 0.39 0.64 0.82 0.64 0.34 0.27 0.29 0.33]
2025-12-29 13:32:41 - widgets.spotify_visualizer_widget - INFO     - [DEBUG] raw_bass=1.768 Bars: [0.34 0.30 0.28 0.35 0.65 0.83 0.68 0.43 0.39 0.43 0.68 0.83 0.65 0.35 0.28 0.30 0.34]
2025-12-29 13:32:41 - widgets.spotify_visualizer_widget - INFO     - [DEBUG] raw_bass=2.521 Bars: [0.78 0.66 0.52 0.51 0.86 1.00 0.94 0.58 0.52 0.58 0.94 1.00 0.86 0.51 0.52 0.66 0.78]
2025-12-29 13:32:42 - widgets.spotify_visualizer_widget - INFO     - [DEBUG] raw_bass=2.704 Bars: [0.26 0.23 0.24 0.37 0.78 1.00 0.86 0.53 0.48 0.53 0.86 1.00 0.78 0.37 0.24 0.23 0.26]
2025-12-29 13:32:42 - widgets.spotify_visualizer_widget - INFO     - [DEBUG] raw_bass=1.017 Bars: [0.45 0.40 0.32 0.32 0.46 0.53 0.41 0.27 0.26 0.27 0.41 0.53 0.46 0.32 0.32 0.40 0.45]
2025-12-29 13:32:42 - widgets.spotify_visualizer_widget - INFO     - [DEBUG] raw_bass=2.159 Bars: [0.56 0.49 0.40 0.43 0.74 0.95 0.78 0.50 0.46 0.50 0.78 0.95 0.74 0.43 0.40 0.49 0.56]
2025-12-29 13:32:43 - widgets.spotify_visualizer_widget - INFO     - [DEBUG] raw_bass=2.332 Bars: [0.50 0.44 0.38 0.46 0.86 1.00 0.90 0.57 0.52 0.57 0.90 1.00 0.86 0.46 0.38 0.44 0.50]
2025-12-29 13:32:43 - widgets.spotify_visualizer_widget - INFO     - [DEBUG] raw_bass=1.558 Bars: [0.22 0.20 0.22 0.33 0.65 0.81 0.65 0.41 0.37 0.41 0.65 0.81 0.65 0.33 0.22 0.20 0.22]
2025-12-29 13:32:43 - widgets.spotify_visualizer_widget - INFO     - [DEBUG] raw_bass=1.846 Bars: [0.04 0.05 0.12 0.28 0.63 0.82 0.65 0.39 0.35 0.39 0.65 0.82 0.63 0.28 0.12 0.05 0.04]
2025-12-29 13:32:44 - widgets.spotify_visualizer_widget - INFO     - [DEBUG] raw_bass=1.543 Bars: [0.05 0.07 0.13 0.30 0.65 0.83 0.65 0.40 0.36 0.40 0.65 0.83 0.65 0.30 0.13 0.07 0.05]
2025-12-29 13:32:44 - widgets.spotify_visualizer_widget - INFO     - [DEBUG] raw_bass=1.868 Bars: [0.05 0.06 0.13 0.31 0.69 0.89 0.70 0.44 0.40 0.44 0.70 0.89 0.69 0.31 0.13 0.06 0.05]
2025-12-29 13:32:44 - widgets.spotify_visualizer_widget - INFO     - [DEBUG] raw_bass=0.628 Bars: [0.01 0.01 0.02 0.04 0.10 0.12 0.10 0.06 0.05 0.06 0.10 0.12 0.10 0.04 0.02 0.01 0.01]
2025-12-29 13:32:45 - widgets.spotify_visualizer_widget - INFO     - [DEBUG] raw_bass=1.982 Bars: [0.04 0.06 0.14 0.32 0.73 0.96 0.75 0.43 0.38 0.43 0.75 0.96 0.73 0.32 0.14 0.06 0.04]
2025-12-29 13:32:45 - widgets.spotify_visualizer_widget - INFO     - [DEBUG] raw_bass=1.995 Bars: [0.04 0.06 0.14 0.33 0.75 0.98 0.77 0.44 0.38 0.44 0.77 0.98 0.75 0.33 0.14 0.06 0.04]
2025-12-29 13:32:45 - widgets.spotify_visualizer_widget - INFO     - [DEBUG] raw_bass=2.225 Bars: [0.04 0.06 0.14 0.33 0.77 1.00 0.79 0.45 0.39 0.45 0.79 1.00 0.77 0.33 0.14 0.06 0.04]
2025-12-29 13:32:46 - widgets.spotify_visualizer_widget - INFO     - [DEBUG] raw_bass=0.597 Bars: [0.03 0.04 0.07 0.15 0.31 0.37 0.27 0.15 0.13 0.15 0.27 0.37 0.31 0.15 0.07 0.04 0.03]
2025-12-29 13:32:46 - widgets.spotify_visualizer_widget - INFO     - [DEBUG] raw_bass=1.328 Bars: [0.04 0.06 0.12 0.27 0.58 0.74 0.56 0.32 0.28 0.32 0.56 0.74 0.58 0.27 0.12 0.06 0.04]
2025-12-29 13:32:46 - widgets.spotify_visualizer_widget - INFO     - [DEBUG] raw_bass=0.590 Bars: [0.03 0.04 0.07 0.15 0.29 0.36 0.26 0.15 0.13 0.15 0.26 0.36 0.29 0.15 0.07 0.04 0.03]
2025-12-29 13:32:46 - engine.screensaver             - INFO     - Settings dialog closed, performing full-style restart of screensaver
2025-12-29 13:32:46 - engine.display                 - INFO     - Cleaning up 2 display widgets
2025-12-29 13:32:46 - engine.display                 - INFO     - Display manager cleanup complete
2025-12-29 13:32:46 - engine.screensaver             - INFO     - Initializing display...
2025-12-29 13:32:46 - engine.display                 - INFO     - Monitor detection enabled (2 screens)
2025-12-29 13:32:46 - engine.display                 - INFO     - DisplayManager initialized (mode=fill, same_image=false)
2025-12-29 13:32:46 - engine.display                 - INFO     - Initializing displays for 2 screens
2025-12-29 13:32:46 - engine.display                 - INFO     - Cleaning up 0 display widgets
2025-12-29 13:32:46 - engine.display                 - INFO     - Display manager cleanup complete
2025-12-29 13:32:46 - rendering.display              - INFO     - DisplayWidget created for screen 0 (fill)
2025-12-29 13:32:46 - rendering.backends.opengl.backend - INFO     - Using OpenGL renderer backend
2025-12-29 13:32:46 - rendering.backends             - INFO     - Renderer backend 'opengl' initialized
2025-12-29 13:32:46 - rendering.display              - INFO     - [RENDER] Backend active (screen=0, api=OpenGL 4.x, triple=False, vsync_toggle=False)
2025-12-29 13:32:46 - rendering.display              - INFO     - Showing on screen 0: 1707x959 at (0, 0) DPR=1.5
2025-12-29 13:32:46 - rendering.display              - INFO     - Detected refresh rate: 165 Hz, adaptive target FPS: 55
2025-12-29 13:32:46 - rendering.display              - INFO     - [RENDER] Render surface established (screen=0, 1707x959, vsync=True, triple_preference=True)
2025-12-29 13:32:47 - rendering.display              - INFO     - [GL COMPOSITOR] Created shared compositor for screen 0
2025-12-29 13:32:47 - rendering.gl_compositor        - INFO     - [DIMMING] GL dimming changed: enabled=False→False, opacity=0%→30%
2025-12-29 13:32:47 - rendering.widget_manager       - INFO     - ✅ clock widget created: Top Right, 24h, font=72px, seconds=True
2025-12-29 13:32:47 - rendering.widget_manager       - INFO     - ✅ Weather widget created: Johannesburg, Top Left, font=28px
2025-12-29 13:32:47 - core.media.media_controller    - INFO     - [MEDIA] Windows GSMTC controller initialized
2025-12-29 13:32:47 - widgets.media_widget           - INFO     - [MEDIA_WIDGET] Using controller: WindowsGlobalMediaController
2025-12-29 13:32:47 - rendering.widget_manager       - INFO     - ✅ Media widget created: Bottom Left, font=20px, margin=40
2025-12-29 13:32:47 - rendering.widget_manager       - INFO     - ✅ reddit widget created: r/All, Bottom Right, font=14px, limit=10
2025-12-29 13:32:47 - rendering.widget_manager       - INFO     - ✅ Spotify volume widget started with coordinated fade sync
2025-12-29 13:32:47 - rendering.widget_manager       - INFO     - ✅ Spotify visualizer widget started: 17 bars
2025-12-29 13:32:47 - widgets.clock_widget           - INFO     - Clock widget started
2025-12-29 13:32:47 - widgets.weather_widget         - INFO     - Weather widget started (using cached data)
2025-12-29 13:32:47 - widgets.media_widget           - INFO     - Media widget started
2025-12-29 13:32:47 - rendering.widget_manager       - INFO     - Widget setup complete: 6 widgets created and started
2025-12-29 13:32:47 - rendering.display              - INFO     - WidgetManager created 6 widgets
2025-12-29 13:32:47 - engine.display                 - INFO     - Display widget created for screen 0
2025-12-29 13:32:47 - rendering.display              - INFO     - DisplayWidget created for screen 1 (fill)
2025-12-29 13:32:47 - rendering.backends.opengl.backend - INFO     - Using OpenGL renderer backend
2025-12-29 13:32:47 - rendering.backends             - INFO     - Renderer backend 'opengl' initialized
2025-12-29 13:32:47 - rendering.display              - INFO     - [RENDER] Backend active (screen=1, api=OpenGL 4.x, triple=False, vsync_toggle=False)
2025-12-29 13:32:47 - rendering.display              - INFO     - Showing on screen 1: 2560x1439 at (2560, 0) DPR=1.5
2025-12-29 13:32:47 - rendering.display              - INFO     - Detected refresh rate: 60 Hz, adaptive target FPS: 60
2025-12-29 13:32:47 - rendering.display              - INFO     - [RENDER] Render surface established (screen=1, 2560x1439, vsync=True, triple_preference=True)
2025-12-29 13:32:47 - rendering.display              - INFO     - [GL COMPOSITOR] Created shared compositor for screen 1
2025-12-29 13:32:47 - rendering.gl_compositor        - INFO     - [DIMMING] GL dimming changed: enabled=False→False, opacity=0%→30%
2025-12-29 13:32:47 - rendering.widget_manager       - INFO     - ✅ clock widget created: Top Right, 24h, font=72px, seconds=True
2025-12-29 13:32:47 - rendering.widget_manager       - INFO     - ✅ Weather widget created: Johannesburg, Top Left, font=28px
2025-12-29 13:32:47 - core.media.media_controller    - INFO     - [MEDIA] Windows GSMTC controller initialized
2025-12-29 13:32:47 - widgets.media_widget           - INFO     - [MEDIA_WIDGET] Using controller: WindowsGlobalMediaController
2025-12-29 13:32:47 - rendering.widget_manager       - INFO     - ✅ Media widget created: Bottom Left, font=20px, margin=40
2025-12-29 13:32:47 - rendering.widget_manager       - INFO     - ✅ reddit widget created: r/All, Bottom Right, font=14px, limit=10
2025-12-29 13:32:47 - rendering.widget_manager       - INFO     - ✅ reddit2 widget created: r/Games, Bottom Right, font=14px, limit=4
2025-12-29 13:32:47 - rendering.widget_manager       - INFO     - ✅ Spotify volume widget started with coordinated fade sync
2025-12-29 13:32:47 - rendering.widget_manager       - INFO     - ✅ Spotify visualizer widget started: 17 bars
2025-12-29 13:32:47 - widgets.clock_widget           - INFO     - Clock widget started
2025-12-29 13:32:47 - widgets.weather_widget         - INFO     - Weather widget started (using cached data)
2025-12-29 13:32:47 - widgets.media_widget           - INFO     - Media widget started
2025-12-29 13:32:47 - rendering.widget_manager       - INFO     - Widget setup complete: 7 widgets created and started
2025-12-29 13:32:47 - rendering.display              - INFO     - WidgetManager created 7 widgets
2025-12-29 13:32:47 - engine.display                 - INFO     - Display widget created for screen 1
2025-12-29 13:32:47 - engine.display                 - INFO     - Created 2 display widgets
2025-12-29 13:32:47 - engine.screensaver             - INFO     - Display initialized with 2 screens
2025-12-29 13:32:47 - engine.screensaver             - INFO     - Rotation timer configured: 45s
2025-12-29 13:32:47 - engine.screensaver             - INFO     - Engine state: STOPPED -> STARTING
2025-12-29 13:32:47 - engine.screensaver             - INFO     - Starting screensaver engine...
2025-12-29 13:32:47 - engine.screensaver             - INFO     - Rotation timer started (45000ms)
2025-12-29 13:32:47 - engine.screensaver             - INFO     - Engine state: STARTING -> RUNNING
2025-12-29 13:32:47 - engine.screensaver             - INFO     - Screensaver engine started
2025-12-29 13:32:47 - widgets.media_widget           - INFO     - [MEDIA_WIDGET] First track snapshot captured; waiting for coordinated fade-in
2025-12-29 13:32:47 - widgets.media_widget           - INFO     - [1 duplicates suppressed]
2025-12-29 13:32:47 - rendering.image_processor_async - INFO     - FILL(QImage): Image 4096x6144 → scaled 2560x3840 → cropped to 2560x1438
2025-12-29 13:32:47 - rendering.image_processor_async - INFO     - FILL(QImage): Image 4000x2315 → scaled 3839x2222 → cropped to 3840x2158
2025-12-29 13:32:47 - rendering.gl_compositor        - INFO     - [GL COMPOSITOR] Context initialized: version=4.6, swap=SwapBehavior.DoubleBuffer, interval=1
2025-12-29 13:32:47 - rendering.gl_compositor        - INFO     - [GL COMPOSITOR] OpenGL adapter: vendor=NVIDIA Corporation, renderer=NVIDIA GeForce RTX 4090/PCIe/SSE2, version=4.6.0 NVIDIA 591.44
2025-12-29 13:32:47 - rendering.gl_compositor        - INFO     - [GL COMPOSITOR] Shader pipeline initialized (1.0ms)
2025-12-29 13:32:47 - engine.screensaver             - INFO     - [ASYNC] Different images displayed on 2 displays
2025-12-29 13:32:47 - rendering.gl_compositor        - INFO     - [GL COMPOSITOR] Context initialized: version=4.6, swap=SwapBehavior.DoubleBuffer, interval=1
2025-12-29 13:32:47 - rendering.gl_compositor        - INFO     - [GL COMPOSITOR] OpenGL adapter: vendor=NVIDIA Corporation, renderer=NVIDIA GeForce RTX 4090/PCIe/SSE2, version=4.6.0 NVIDIA 591.44
2025-12-29 13:32:47 - rendering.gl_compositor        - INFO     - [GL COMPOSITOR] Shader pipeline initialized (0.5ms)
2025-12-29 13:32:47 - widgets.spotify_visualizer_widget - INFO     - [DEBUG] raw_bass=0.533 Bars: [0.03 0.03 0.06 0.13 0.27 0.32 0.23 0.13 0.11 0.13 0.23 0.32 0.27 0.13 0.06 0.03 0.03]
2025-12-29 13:32:48 - widgets.media_widget           - INFO     - [MEDIA_WIDGET] Requesting coordinated fade sync
2025-12-29 13:32:48 - widgets.spotify_visualizer_widget - INFO     - [DEBUG] raw_bass=0.367 Bars: [0.02 0.02 0.04 0.08 0.16 0.20 0.14 0.08 0.07 0.08 0.14 0.20 0.16 0.08 0.04 0.02 0.02]
2025-12-29 13:32:48 - widgets.media_widget           - INFO     - [MEDIA_WIDGET] Requesting coordinated fade sync
2025-12-29 13:32:48 - widgets.spotify_visualizer_widget - INFO     - [DEBUG] raw_bass=0.749 Bars: [0.04 0.05 0.10 0.22 0.45 0.55 0.41 0.23 0.20 0.23 0.41 0.55 0.45 0.22 0.10 0.05 0.04]
2025-12-29 13:32:48 - widgets.spotify_visualizer_widget - INFO     - [DEBUG] raw_bass=0.722 Bars: [0.04 0.06 0.11 0.24 0.49 0.60 0.45 0.26 0.22 0.26 0.45 0.60 0.49 0.24 0.11 0.06 0.04]
2025-12-29 13:32:49 - widgets.spotify_visualizer_widget - INFO     - [DEBUG] raw_bass=0.632 Bars: [0.04 0.06 0.11 0.24 0.50 0.62 0.46 0.26 0.21 0.26 0.46 0.62 0.50 0.24 0.11 0.06 0.04]
2025-12-29 13:32:49 - widgets.spotify_visualizer_widget - INFO     - [DEBUG] raw_bass=0.307 Bars: [0.02 0.03 0.05 0.10 0.19 0.23 0.17 0.10 0.09 0.10 0.17 0.23 0.19 0.10 0.05 0.03 0.02]
2025-12-29 13:32:50 - widgets.spotify_visualizer_widget - INFO     - [DEBUG] raw_bass=0.237 Bars: [0.01 0.01 0.03 0.06 0.11 0.14 0.10 0.06 0.05 0.06 0.10 0.14 0.11 0.06 0.03 0.01 0.01]
2025-12-29 13:32:50 - widgets.spotify_visualizer_widget - INFO     - [DEBUG] raw_bass=0.044 Bars: [0.00 0.00 0.00 0.00 0.00 0.00 0.00 0.00 0.00 0.00 0.00 0.00 0.00 0.00 0.00 0.00 0.00]
2025-12-29 13:32:52 - rendering.input_handler        - INFO     - X key pressed - next image requested
2025-12-29 13:32:52 - engine.screensaver             - INFO     - Next image requested
2025-12-29 13:32:52 - widgets.spotify_visualizer_widget - INFO     - [DEBUG] raw_bass=0.015 Bars: [0.00 0.00 0.00 0.00 0.00 0.00 0.00 0.00 0.00 0.00 0.00 0.00 0.00 0.00 0.00 0.00 0.00]
2025-12-29 13:32:52 - rendering.image_processor_async - INFO     - FILL(QImage): Image 3840x2888 → scaled 2559x1925 → cropped to 2560x1438
2025-12-29 13:32:53 - rendering.image_processor_async - INFO     - FILL(QImage): Image 3840x2160 → scaled 3840x2160 → cropped to 3840x2158
2025-12-29 13:32:53 - transitions.gl_compositor_raindrops_transition - INFO     - GLCompositorRainDropsTransition started (shader, 12163ms)
2025-12-29 13:32:53 - engine.screensaver             - INFO     - [ASYNC] Different images displayed on 2 displays
2025-12-29 13:32:53 - transitions.gl_compositor_raindrops_transition - INFO     - GLCompositorRainDropsTransition started (shader, 12163ms)
2025-12-29 13:32:57 - widgets.spotify_visualizer_widget - INFO     - [DEBUG] raw_bass=2.640 Bars: [0.05 0.06 0.15 0.35 0.86 1.00 0.97 0.61 0.56 0.61 0.97 1.00 0.86 0.35 0.15 0.06 0.05]
2025-12-29 13:32:58 - widgets.spotify_visualizer_widget - INFO     - [DEBUG] raw_bass=1.604 Bars: [0.05 0.06 0.11 0.24 0.52 0.66 0.53 0.33 0.30 0.33 0.53 0.66 0.52 0.24 0.11 0.06 0.05]
2025-12-29 13:32:59 - widgets.spotify_visualizer_widget - INFO     - [DEBUG] raw_bass=2.153 Bars: [0.07 0.08 0.14 0.30 0.67 0.89 0.73 0.46 0.42 0.46 0.73 0.89 0.67 0.30 0.14 0.08 0.07]
2025-12-29 13:33:00 - widgets.spotify_visualizer_widget - INFO     - [DEBUG] raw_bass=2.776 Bars: [0.33 0.29 0.29 0.41 0.86 1.00 0.97 0.62 0.56 0.62 0.97 1.00 0.86 0.41 0.29 0.29 0.33]
2025-12-29 13:33:01 - widgets.spotify_visualizer_widget - INFO     - [DEBUG] raw_bass=2.528 Bars: [0.17 0.16 0.20 0.34 0.76 1.00 0.84 0.53 0.48 0.53 0.84 1.00 0.76 0.34 0.20 0.16 0.17]
2025-12-29 13:33:02 - widgets.spotify_visualizer_widget - INFO     - [DEBUG] raw_bass=2.702 Bars: [0.08 0.08 0.16 0.35 0.84 1.00 0.96 0.60 0.54 0.60 0.96 1.00 0.84 0.35 0.16 0.08 0.08]
2025-12-29 13:33:03 - widgets.spotify_visualizer_widget - INFO     - [DEBUG] raw_bass=1.959 Bars: [0.05 0.06 0.15 0.36 0.82 1.00 0.87 0.54 0.48 0.54 0.87 1.00 0.82 0.36 0.15 0.06 0.05]
2025-12-29 13:33:04 - widgets.spotify_visualizer_widget - INFO     - [DEBUG] raw_bass=2.410 Bars: [0.11 0.11 0.16 0.32 0.71 0.96 0.77 0.48 0.43 0.48 0.77 0.96 0.71 0.32 0.16 0.11 0.11]
2025-12-29 13:33:05 - widgets.spotify_visualizer_widget - INFO     - [DEBUG] raw_bass=2.165 Bars: [0.12 0.12 0.17 0.32 0.71 0.94 0.78 0.49 0.44 0.49 0.78 0.94 0.71 0.32 0.17 0.12 0.12]
2025-12-29 13:33:06 - widgets.spotify_visualizer_widget - INFO     - [DEBUG] raw_bass=2.026 Bars: [0.55 0.48 0.40 0.43 0.74 0.94 0.76 0.48 0.44 0.48 0.76 0.94 0.74 0.43 0.40 0.48 0.55]
2025-12-29 13:33:06 - rendering.display              - INFO     - [REDDIT] route_widget_click returned: handled=False reddit_handled=False screen=0
2025-12-29 13:33:06 - widgets.spotify_visualizer_widget - INFO     - [DEBUG] raw_bass=1.952 Bars: [0.04 0.05 0.12 0.27 0.61 0.79 0.62 0.38 0.36 0.38 0.62 0.79 0.61 0.27 0.12 0.05 0.04]
2025-12-29 13:33:07 - widgets.spotify_visualizer_widget - INFO     - [DEBUG] raw_bass=2.170 Bars: [0.05 0.06 0.13 0.30 0.69 0.93 0.75 0.47 0.42 0.47 0.75 0.93 0.69 0.30 0.13 0.06 0.05]
2025-12-29 13:33:07 - rendering.input_handler        - INFO     - Exit key pressed (16777216), requesting exit
2025-12-29 13:33:07 - engine.display                 - INFO     - Exit requested from display widget
2025-12-29 13:33:07 - engine.screensaver             - INFO     - Exit requested from display
2025-12-29 13:33:07 - engine.screensaver             - INFO     - Engine state: RUNNING -> SHUTTING_DOWN
2025-12-29 13:33:07 - engine.screensaver             - INFO     - Stopping screensaver engine...
2025-12-29 13:33:07 - engine.screensaver             - INFO     - Stopping displays via DisplayManager (count=2, exit_app=True)
2025-12-29 13:33:07 - engine.display                 - INFO     - All displays cleared
2025-12-29 13:33:07 - engine.display                 - INFO     - Cleaning up 2 display widgets
2025-12-29 13:33:07 - engine.display                 - INFO     - Display manager cleanup complete
2025-12-29 13:33:07 - engine.screensaver             - INFO     - Screensaver engine stopped
2025-12-29 13:33:07 - engine.screensaver             - INFO     - [1 duplicates suppressed]
2025-12-29 13:33:07 - __main__                       - INFO     - Cleaning pycache on exit
2025-12-29 13:33:07 - __main__                       - INFO     - Removed 1 __pycache__ directories
2025-12-29 13:33:07 - __main__                       - INFO     - ============================================================
2025-12-29 13:33:07 - __main__                       - INFO     - ShittyRandomPhotoScreenSaver Exiting (code=0)
2025-12-29 13:33:07 - __main__                       - INFO     - ============================================================
