2025-12-29 09:20:05 - widgets.spotify_visualizer_widget - INFO     - [SPOTIFY_VIS] Audio worker started (PyAudioWPatchBackend, 48000Hz, 6 channels)
2025-12-29 09:20:05 - widgets.spotify_visualizer_widget - INFO     - [DEBUG] raw_bass=2.550 Bars: [0.10 0.10 0.17 0.35 0.75 0.98 0.78 0.46 0.39 0.46 0.78 0.98 0.75 0.35 0.17 0.10 0.10]
2025-12-29 09:20:05 - widgets.spotify_visualizer_widget - WARNING  - [PERF] [SPOTIFY_VIS] Tick dt spike 69.21ms (running=False name=<none> elapsed=<n/a> idle_age=<n/a>)
2025-12-29 09:20:05 - widgets.spotify_visualizer_widget - WARNING  - [PERF] [SPOTIFY_VIS] Tick dt spike 85.20ms (running=False name=<none> elapsed=<n/a> idle_age=<n/a>)
2025-12-29 09:20:06 - widgets.spotify_visualizer_widget - INFO     - [DEBUG] raw_bass=0.805 Bars: [0.03 0.04 0.08 0.16 0.32 0.38 0.28 0.16 0.14 0.16 0.28 0.38 0.32 0.16 0.08 0.04 0.03]
2025-12-29 09:20:06 - widgets.spotify_visualizer_widget - INFO     - [DEBUG] raw_bass=2.709 Bars: [0.08 0.09 0.16 0.34 0.80 1.00 0.87 0.52 0.47 0.52 0.87 1.00 0.80 0.34 0.16 0.09 0.08]
2025-12-29 09:20:06 - widgets.spotify_visualizer_widget - INFO     - [DEBUG] raw_bass=0.969 Bars: [0.03 0.03 0.05 0.11 0.23 0.29 0.22 0.13 0.12 0.13 0.22 0.29 0.23 0.11 0.05 0.03 0.03]
2025-12-29 09:20:07 - widgets.spotify_visualizer_widget - INFO     - [DEBUG] raw_bass=0.927 Bars: [0.02 0.03 0.06 0.13 0.28 0.36 0.28 0.17 0.14 0.17 0.28 0.36 0.28 0.13 0.06 0.03 0.02]
2025-12-29 09:20:07 - widgets.spotify_visualizer_widget - INFO     - [DEBUG] raw_bass=2.001 Bars: [0.07 0.08 0.15 0.32 0.72 0.94 0.73 0.41 0.35 0.41 0.73 0.94 0.72 0.32 0.15 0.08 0.07]
2025-12-29 09:20:07 - widgets.spotify_visualizer_widget - INFO     - [DEBUG] raw_bass=2.382 Bars: [0.04 0.05 0.13 0.32 0.76 1.00 0.82 0.48 0.42 0.48 0.82 1.00 0.76 0.32 0.13 0.05 0.04]
2025-12-29 09:20:08 - widgets.spotify_visualizer_widget - WARNING  - [PERF] [SPOTIFY_VIS] Tick dt spike 382.92ms (running=False name=<none> elapsed=<n/a> idle_age=<n/a>)
2025-12-29 09:20:08 - widgets.spotify_visualizer_widget - WARNING  - [PERF] [SPOTIFY_VIS] Tick dt spike 364.04ms (running=False name=<none> elapsed=<n/a> idle_age=<n/a>)
2025-12-29 09:20:08 - widgets.spotify_visualizer_widget - INFO     - [DEBUG] raw_bass=2.611 Bars: [0.77 0.66 0.54 0.57 1.00 1.00 1.00 0.65 0.58 0.65 1.00 1.00 1.00 0.57 0.54 0.66 0.77]
2025-12-29 09:20:08 - widgets.spotify_visualizer_widget - INFO     - [SPOTIFY_VIS] media_update state=playing -> playing=True (prev=False) track=My Consequence
2025-12-29 09:20:53 - widgets.spotify_visualizer_widget - INFO     - [SPOTIFY_VIS] Audio worker started (PyAudioWPatchBackend, 48000Hz, 6 channels)
2025-12-29 09:20:53 - widgets.spotify_visualizer_widget - INFO     - [DEBUG] raw_bass=1.150 Bars: [0.01 0.01 0.02 0.03 0.06 0.07 0.05 0.04 0.03 0.04 0.05 0.07 0.06 0.03 0.02 0.01 0.01]
2025-12-29 09:20:53 - widgets.spotify_visualizer_widget - WARNING  - [PERF] [SPOTIFY_VIS] Tick dt spike 42.94ms (running=False name=<none> elapsed=<n/a> idle_age=<n/a>)
2025-12-29 09:20:53 - widgets.spotify_visualizer_widget - WARNING  - [PERF] [SPOTIFY_VIS] Tick dt spike 76.64ms (running=False name=<none> elapsed=<n/a> idle_age=<n/a>)
2025-12-29 09:20:54 - widgets.spotify_visualizer_widget - INFO     - [DEBUG] raw_bass=2.252 Bars: [0.13 0.13 0.19 0.36 0.80 1.00 0.86 0.53 0.47 0.53 0.86 1.00 0.80 0.36 0.19 0.13 0.13]
2025-12-29 09:20:54 - widgets.spotify_visualizer_widget - INFO     - [DEBUG] raw_bass=2.377 Bars: [0.63 0.54 0.44 0.46 0.81 1.00 0.87 0.53 0.48 0.53 0.87 1.00 0.81 0.46 0.44 0.54 0.63]
2025-12-29 09:20:54 - widgets.spotify_visualizer_widget - INFO     - [DEBUG] raw_bass=1.255 Bars: [0.35 0.31 0.26 0.28 0.44 0.52 0.40 0.25 0.24 0.25 0.40 0.52 0.44 0.28 0.26 0.31 0.35]
2025-12-29 09:20:55 - widgets.spotify_visualizer_widget - INFO     - [DEBUG] raw_bass=1.912 Bars: [0.42 0.36 0.33 0.39 0.72 0.91 0.72 0.44 0.41 0.44 0.72 0.91 0.72 0.39 0.33 0.36 0.42]
2025-12-29 09:20:55 - widgets.spotify_visualizer_widget - INFO     - [DEBUG] raw_bass=1.803 Bars: [0.36 0.31 0.28 0.33 0.60 0.76 0.59 0.36 0.32 0.36 0.59 0.76 0.60 0.33 0.28 0.31 0.36]
2025-12-29 09:20:55 - widgets.spotify_visualizer_widget - INFO     - [SPOTIFY_VIS] media_update state=playing -> playing=True (prev=False) track=My Consequence
2025-12-29 09:20:55 - widgets.spotify_visualizer_widget - INFO     - [1 duplicates suppressed]
2025-12-29 09:20:55 - widgets.spotify_visualizer_widget - WARNING  - [PERF] [SPOTIFY_VIS] Tick dt spike 249.76ms (running=False name=<none> elapsed=<n/a> idle_age=<n/a>)
2025-12-29 09:20:55 - widgets.spotify_visualizer_widget - WARNING  - [PERF] [SPOTIFY_VIS] Tick dt spike 242.19ms (running=False name=<none> elapsed=<n/a> idle_age=<n/a>)
2025-12-29 09:20:56 - widgets.spotify_visualizer_widget - INFO     - [SPOTIFY_VIS] media_update state=playing -> playing=True (prev=True) track=My Consequence
2025-12-29 09:20:56 - widgets.spotify_visualizer_widget - INFO     - [1 duplicates suppressed]
2025-12-29 09:20:56 - widgets.spotify_visualizer_widget - INFO     - [DEBUG] raw_bass=2.494 Bars: [0.52 0.45 0.38 0.44 0.82 1.00 0.90 0.56 0.50 0.56 0.90 1.00 0.82 0.44 0.38 0.45 0.52]
2025-12-29 09:20:57 - widgets.spotify_visualizer_widget - WARNING  - [PERF] [SPOTIFY_VIS] Tick dt spike 42.91ms (running=False name=<none> elapsed=<n/a> idle_age=<n/a>)
2025-12-29 09:20:57 - widgets.spotify_visualizer_widget - INFO     - [SPOTIFY_VIS] media_update state=playing -> playing=True (prev=True) track=My Consequence
2025-12-29 09:20:57 - widgets.spotify_visualizer_widget - WARNING  - [PERF] [SPOTIFY_VIS] Tick dt spike 51.24ms (running=False name=<none> elapsed=<n/a> idle_age=<n/a>)
2025-12-29 09:20:57 - widgets.spotify_visualizer_widget - INFO     - [SPOTIFY_VIS] media_update state=playing -> playing=True (prev=True) track=My Consequence
2025-12-29 09:20:57 - widgets.spotify_visualizer_widget - INFO     - [DEBUG] raw_bass=2.947 Bars: [0.15 0.14 0.20 0.38 0.88 1.00 0.98 0.59 0.52 0.59 0.98 1.00 0.88 0.38 0.20 0.14 0.15]
2025-12-29 09:20:58 - widgets.spotify_visualizer_widget - WARNING  - [PERF] [SPOTIFY_VIS] Tick dt spike 65.83ms (running=False name=<none> elapsed=<n/a> idle_age=<n/a>)
2025-12-29 09:20:58 - widgets.spotify_visualizer_widget - WARNING  - [PERF] [SPOTIFY_VIS] Tick dt spike 67.79ms (running=False name=<none> elapsed=<n/a> idle_age=<n/a>)
2025-12-29 09:20:58 - widgets.spotify_visualizer_widget - INFO     - [SPOTIFY_VIS] media_update state=playing -> playing=True (prev=True) track=My Consequence
2025-12-29 09:20:58 - widgets.spotify_visualizer_widget - INFO     - [1 duplicates suppressed]
2025-12-29 09:20:58 - widgets.spotify_visualizer_widget - WARNING  - [PERF] [SPOTIFY_VIS] Tick dt spike 64.96ms (running=False name=<none> elapsed=<n/a> idle_age=<n/a>)
2025-12-29 09:20:59 - widgets.spotify_visualizer_widget - WARNING  - [PERF] [SPOTIFY_VIS] Tick dt spike 49.86ms (running=False name=<none> elapsed=<n/a> idle_age=<n/a>)
2025-12-29 09:20:59 - widgets.spotify_visualizer_widget - INFO     - [DEBUG] raw_bass=2.336 Bars: [0.81 0.69 0.54 0.52 0.86 1.00 0.91 0.57 0.51 0.57 0.91 1.00 0.86 0.52 0.54 0.69 0.81]
2025-12-29 09:20:59 - widgets.spotify_visualizer_widget - INFO     - [SPOTIFY_VIS] media_update state=playing -> playing=True (prev=True) track=My Consequence
2025-12-29 09:20:59 - widgets.spotify_visualizer_widget - INFO     - [DEBUG] raw_bass=1.725 Bars: [0.57 0.49 0.38 0.37 0.59 0.73 0.59 0.37 0.33 0.37 0.59 0.73 0.59 0.37 0.38 0.49 0.57]
2025-12-29 09:20:59 - widgets.spotify_visualizer_widget - INFO     - [SPOTIFY_VIS] media_update state=playing -> playing=True (prev=True) track=My Consequence
2025-12-29 09:20:59 - widgets.spotify_visualizer_widget - INFO     - [DEBUG] raw_bass=2.477 Bars: [0.36 0.31 0.31 0.42 0.86 1.00 0.94 0.58 0.52 0.58 0.94 1.00 0.86 0.42 0.31 0.31 0.36]
2025-12-29 09:21:00 - widgets.spotify_visualizer_widget - INFO     - [SPOTIFY_VIS] media_update state=playing -> playing=True (prev=True) track=My Consequence
2025-12-29 09:21:00 - widgets.spotify_visualizer_widget - INFO     - [DEBUG] raw_bass=1.230 Bars: [0.25 0.23 0.22 0.29 0.51 0.62 0.47 0.30 0.27 0.30 0.47 0.62 0.51 0.29 0.22 0.23 0.25]
2025-12-29 09:21:00 - widgets.spotify_visualizer_widget - INFO     - [SPOTIFY_VIS] media_update state=playing -> playing=True (prev=True) track=My Consequence
2025-12-29 09:23:33 - widgets.spotify_visualizer_widget - INFO     - [SPOTIFY_VIS] Audio worker started (PyAudioWPatchBackend, 48000Hz, 6 channels)
2025-12-29 09:23:33 - widgets.spotify_visualizer_widget - INFO     - [DEBUG] raw_bass=2.511 Bars: [0.05 0.07 0.14 0.33 0.74 0.96 0.79 0.50 0.45 0.50 0.79 0.96 0.74 0.33 0.14 0.07 0.05]
2025-12-29 09:23:33 - widgets.spotify_visualizer_widget - WARNING  - [PERF] [SPOTIFY_VIS] Tick dt spike 69.51ms (running=False name=<none> elapsed=<n/a> idle_age=<n/a>)
2025-12-29 09:23:33 - widgets.spotify_visualizer_widget - WARNING  - [PERF] [SPOTIFY_VIS] Tick dt spike 70.54ms (running=False name=<none> elapsed=<n/a> idle_age=<n/a>)
2025-12-29 09:23:33 - widgets.spotify_visualizer_widget - INFO     - [DEBUG] raw_bass=2.102 Bars: [0.19 0.18 0.23 0.41 0.88 1.00 0.92 0.55 0.49 0.55 0.92 1.00 0.88 0.41 0.23 0.18 0.19]
2025-12-29 09:23:34 - widgets.spotify_visualizer_widget - INFO     - [DEBUG] raw_bass=1.868 Bars: [0.51 0.45 0.38 0.41 0.71 0.89 0.69 0.38 0.33 0.38 0.69 0.89 0.71 0.41 0.38 0.45 0.51]
2025-12-29 09:23:34 - widgets.spotify_visualizer_widget - INFO     - [SPOTIFY_VIS] media_update state=playing -> playing=True (prev=False) track=So Special
2025-12-29 09:23:34 - widgets.spotify_visualizer_widget - INFO     - [1 duplicates suppressed]
2025-12-29 09:23:34 - widgets.spotify_visualizer_widget - INFO     - [DEBUG] raw_bass=2.780 Bars: [0.14 0.13 0.20 0.39 0.88 1.00 0.93 0.56 0.51 0.56 0.93 1.00 0.88 0.39 0.20 0.13 0.14]
2025-12-29 09:23:34 - widgets.spotify_visualizer_widget - INFO     - [DEBUG] raw_bass=1.374 Bars: [0.38 0.34 0.30 0.34 0.57 0.70 0.55 0.34 0.32 0.34 0.55 0.70 0.57 0.34 0.30 0.34 0.38]
2025-12-29 09:23:35 - widgets.spotify_visualizer_widget - INFO     - [SPOTIFY_VIS] media_update state=playing -> playing=True (prev=True) track=So Special
2025-12-29 09:23:35 - widgets.spotify_visualizer_widget - INFO     - [1 duplicates suppressed]
2025-12-29 09:23:35 - widgets.spotify_visualizer_widget - INFO     - [DEBUG] raw_bass=1.625 Bars: [0.17 0.16 0.19 0.33 0.66 0.85 0.66 0.40 0.37 0.40 0.66 0.85 0.66 0.33 0.19 0.16 0.17]
2025-12-29 09:23:35 - widgets.spotify_visualizer_widget - WARNING  - [PERF] [SPOTIFY_VIS] Tick dt spike 327.14ms (running=False name=<none> elapsed=<n/a> idle_age=<n/a>)
2025-12-29 09:23:35 - widgets.spotify_visualizer_widget - WARNING  - [PERF] [SPOTIFY_VIS] Tick dt spike 323.61ms (running=False name=<none> elapsed=<n/a> idle_age=<n/a>)
2025-12-29 09:23:36 - widgets.spotify_visualizer_widget - INFO     - [SPOTIFY_VIS] media_update state=playing -> playing=True (prev=True) track=So Special
2025-12-29 09:23:36 - widgets.spotify_visualizer_widget - INFO     - [1 duplicates suppressed]
2025-12-29 09:23:36 - widgets.spotify_visualizer_widget - WARNING  - [PERF] [SPOTIFY_VIS] Tick dt spike 48.86ms (running=False name=<none> elapsed=<n/a> idle_age=<n/a>)
2025-12-29 09:23:36 - widgets.spotify_visualizer_widget - WARNING  - [PERF] [SPOTIFY_VIS] Tick dt spike 49.85ms (running=False name=<none> elapsed=<n/a> idle_age=<n/a>)
2025-12-29 09:23:36 - widgets.spotify_visualizer_widget - INFO     - [DEBUG] raw_bass=0.648 Bars: [0.01 0.01 0.02 0.04 0.08 0.09 0.07 0.04 0.04 0.04 0.07 0.09 0.08 0.04 0.02 0.01 0.01]
2025-12-29 09:23:37 - widgets.spotify_visualizer_widget - INFO     - [SPOTIFY_VIS] media_update state=playing -> playing=True (prev=True) track=So Special
2025-12-29 09:23:37 - widgets.spotify_visualizer_widget - INFO     - [1 duplicates suppressed]
2025-12-29 09:23:37 - widgets.spotify_visualizer_widget - WARNING  - [PERF] [SPOTIFY_VIS] Tick dt spike 64.80ms (running=False name=<none> elapsed=<n/a> idle_age=<n/a>)
2025-12-29 09:23:37 - widgets.spotify_visualizer_widget - WARNING  - [PERF] [SPOTIFY_VIS] Tick dt spike 65.81ms (running=False name=<none> elapsed=<n/a> idle_age=<n/a>)
2025-12-29 09:23:38 - widgets.spotify_visualizer_widget - INFO     - [SPOTIFY_VIS] media_update state=playing -> playing=True (prev=True) track=So Special
2025-12-29 09:23:38 - widgets.spotify_visualizer_widget - WARNING  - [PERF] [SPOTIFY_VIS] Tick dt spike 61.17ms (running=False name=<none> elapsed=<n/a> idle_age=<n/a>)
2025-12-29 09:23:38 - widgets.spotify_visualizer_widget - WARNING  - [PERF] [SPOTIFY_VIS] Tick dt spike 61.68ms (running=False name=<none> elapsed=<n/a> idle_age=<n/a>)
2025-12-29 09:23:38 - widgets.spotify_visualizer_widget - INFO     - [SPOTIFY_VIS] media_update state=playing -> playing=True (prev=True) track=So Special
2025-12-29 09:23:38 - widgets.spotify_visualizer_widget - INFO     - [DEBUG] raw_bass=2.390 Bars: [0.45 0.40 0.35 0.42 0.79 1.00 0.80 0.49 0.44 0.49 0.80 1.00 0.79 0.42 0.35 0.40 0.45]
2025-12-29 09:23:39 - widgets.spotify_visualizer_widget - INFO     - [SPOTIFY_VIS] media_update state=playing -> playing=True (prev=True) track=So Special
2025-12-29 09:23:39 - widgets.spotify_visualizer_widget - INFO     - [1 duplicates suppressed]
2025-12-29 09:23:39 - widgets.spotify_visualizer_widget - INFO     - [DEBUG] raw_bass=1.428 Bars: [0.29 0.26 0.25 0.32 0.58 0.71 0.54 0.31 0.27 0.31 0.54 0.71 0.58 0.32 0.25 0.26 0.29]
2025-12-29 09:23:39 - widgets.spotify_visualizer_widget - INFO     - [DEBUG] raw_bass=1.732 Bars: [0.24 0.22 0.23 0.33 0.65 0.82 0.65 0.40 0.37 0.40 0.65 0.82 0.65 0.33 0.23 0.22 0.24]
2025-12-29 09:23:40 - widgets.spotify_visualizer_widget - INFO     - [SPOTIFY_VIS] media_update state=playing -> playing=True (prev=True) track=So Special
2025-12-29 09:23:40 - widgets.spotify_visualizer_widget - INFO     - [1 duplicates suppressed]
2025-12-29 09:23:40 - widgets.spotify_visualizer_widget - INFO     - [DEBUG] raw_bass=1.423 Bars: [0.35 0.31 0.28 0.33 0.58 0.72 0.55 0.33 0.30 0.33 0.55 0.72 0.58 0.33 0.28 0.31 0.35]
2025-12-29 09:23:40 - widgets.spotify_visualizer_widget - INFO     - [DEBUG] raw_bass=0.602 Bars: [0.04 0.05 0.09 0.19 0.36 0.43 0.31 0.18 0.15 0.18 0.31 0.43 0.36 0.19 0.09 0.05 0.04]
2025-12-29 09:23:41 - widgets.spotify_visualizer_widget - INFO     - [SPOTIFY_VIS] media_update state=playing -> playing=True (prev=True) track=So Special
2025-12-29 09:23:41 - widgets.spotify_visualizer_widget - INFO     - [1 duplicates suppressed]
2025-12-29 09:23:41 - widgets.spotify_visualizer_widget - INFO     - [DEBUG] raw_bass=0.322 Bars: [0.01 0.02 0.03 0.06 0.12 0.15 0.11 0.06 0.05 0.06 0.11 0.15 0.12 0.06 0.03 0.02 0.01]
2025-12-29 09:23:41 - widgets.spotify_visualizer_widget - INFO     - [DEBUG] raw_bass=2.333 Bars: [0.04 0.06 0.15 0.36 0.84 1.00 0.87 0.50 0.43 0.50 0.87 1.00 0.84 0.36 0.15 0.06 0.04]
2025-12-29 09:23:42 - widgets.spotify_visualizer_widget - INFO     - [SPOTIFY_VIS] media_update state=playing -> playing=True (prev=True) track=So Special
2025-12-29 09:23:42 - widgets.spotify_visualizer_widget - INFO     - [1 duplicates suppressed]
2025-12-29 09:23:42 - widgets.spotify_visualizer_widget - INFO     - [DEBUG] raw_bass=0.618 Bars: [0.07 0.07 0.07 0.11 0.20 0.24 0.18 0.11 0.10 0.11 0.18 0.24 0.20 0.11 0.07 0.07 0.07]
2025-12-29 09:23:43 - widgets.spotify_visualizer_widget - INFO     - [DEBUG] raw_bass=2.226 Bars: [0.79 0.67 0.53 0.50 0.81 1.00 0.81 0.50 0.45 0.50 0.81 1.00 0.81 0.50 0.53 0.67 0.79]
2025-12-29 09:23:43 - widgets.spotify_visualizer_widget - INFO     - [SPOTIFY_VIS] media_update state=playing -> playing=True (prev=True) track=So Special
2025-12-29 09:23:43 - widgets.spotify_visualizer_widget - INFO     - [1 duplicates suppressed]
2025-12-29 09:23:43 - widgets.spotify_visualizer_widget - INFO     - [DEBUG] raw_bass=1.869 Bars: [0.49 0.43 0.37 0.41 0.71 0.89 0.71 0.45 0.42 0.45 0.71 0.89 0.71 0.41 0.37 0.43 0.49]
2025-12-29 09:23:44 - widgets.spotify_visualizer_widget - INFO     - [SPOTIFY_VIS] media_update state=playing -> playing=True (prev=True) track=So Special
2025-12-29 09:23:44 - widgets.spotify_visualizer_widget - INFO     - [DEBUG] raw_bass=1.749 Bars: [0.55 0.47 0.38 0.37 0.59 0.73 0.57 0.36 0.33 0.36 0.57 0.73 0.59 0.37 0.38 0.47 0.55]
2025-12-29 09:23:44 - widgets.spotify_visualizer_widget - INFO     - [SPOTIFY_VIS] media_update state=playing -> playing=True (prev=True) track=So Special
2025-12-29 09:23:44 - widgets.spotify_visualizer_widget - INFO     - [DEBUG] raw_bass=2.134 Bars: [0.17 0.16 0.19 0.33 0.70 0.91 0.72 0.43 0.39 0.43 0.72 0.91 0.70 0.33 0.19 0.16 0.17]
2025-12-29 09:23:45 - widgets.spotify_visualizer_widget - INFO     - [SPOTIFY_VIS] media_update state=playing -> playing=True (prev=True) track=So Special
2025-12-29 09:23:45 - widgets.spotify_visualizer_widget - INFO     - [DEBUG] raw_bass=1.003 Bars: [0.06 0.07 0.11 0.23 0.47 0.58 0.43 0.25 0.22 0.25 0.43 0.58 0.47 0.23 0.11 0.07 0.06]
2025-12-29 09:23:45 - widgets.spotify_visualizer_widget - INFO     - [SPOTIFY_VIS] media_update state=playing -> playing=True (prev=True) track=So Special
2025-12-29 09:23:45 - widgets.spotify_visualizer_widget - INFO     - [DEBUG] raw_bass=0.409 Bars: [0.01 0.01 0.02 0.04 0.08 0.09 0.06 0.04 0.04 0.04 0.06 0.09 0.08 0.04 0.02 0.01 0.01]
2025-12-29 09:23:46 - widgets.spotify_visualizer_widget - INFO     - [SPOTIFY_VIS] media_update state=playing -> playing=True (prev=True) track=So Special
2025-12-29 09:23:46 - widgets.spotify_visualizer_widget - INFO     - [1 duplicates suppressed]
2025-12-29 09:23:46 - widgets.spotify_visualizer_widget - INFO     - [DEBUG] raw_bass=2.067 Bars: [0.83 0.70 0.54 0.50 0.78 0.99 0.78 0.48 0.44 0.48 0.78 0.99 0.78 0.50 0.54 0.70 0.83]
2025-12-29 09:23:46 - widgets.spotify_visualizer_widget - INFO     - [DEBUG] raw_bass=1.637 Bars: [0.30 0.27 0.26 0.34 0.65 0.82 0.63 0.38 0.35 0.38 0.63 0.82 0.65 0.34 0.26 0.27 0.30]
2025-12-29 09:23:47 - widgets.spotify_visualizer_widget - INFO     - [SPOTIFY_VIS] media_update state=playing -> playing=True (prev=True) track=So Special
2025-12-29 09:23:47 - widgets.spotify_visualizer_widget - INFO     - [1 duplicates suppressed]
2025-12-29 09:23:47 - widgets.spotify_visualizer_widget - INFO     - [DEBUG] raw_bass=1.466 Bars: [0.19 0.18 0.20 0.30 0.59 0.75 0.58 0.34 0.30 0.34 0.58 0.75 0.59 0.30 0.20 0.18 0.19]
2025-12-29 09:23:47 - widgets.spotify_visualizer_widget - INFO     - [DEBUG] raw_bass=2.362 Bars: [0.70 0.60 0.48 0.51 0.90 1.00 0.95 0.57 0.50 0.57 0.95 1.00 0.90 0.51 0.48 0.60 0.70]
2025-12-29 09:23:48 - widgets.spotify_visualizer_widget - INFO     - [SPOTIFY_VIS] media_update state=playing -> playing=True (prev=True) track=So Special
2025-12-29 09:23:48 - widgets.spotify_visualizer_widget - INFO     - [1 duplicates suppressed]
2025-12-29 09:23:48 - widgets.spotify_visualizer_widget - INFO     - [DEBUG] raw_bass=1.686 Bars: [0.49 0.42 0.35 0.37 0.61 0.75 0.58 0.34 0.30 0.34 0.58 0.75 0.61 0.37 0.35 0.42 0.49]
2025-12-29 09:23:49 - widgets.spotify_visualizer_widget - INFO     - [DEBUG] raw_bass=0.415 Bars: [0.04 0.04 0.05 0.08 0.15 0.18 0.13 0.09 0.08 0.09 0.13 0.18 0.15 0.08 0.05 0.04 0.04]
2025-12-29 09:23:49 - widgets.spotify_visualizer_widget - INFO     - [SPOTIFY_VIS] media_update state=playing -> playing=True (prev=True) track=So Special
2025-12-29 09:23:49 - widgets.spotify_visualizer_widget - INFO     - [1 duplicates suppressed]
2025-12-29 09:23:49 - widgets.spotify_visualizer_widget - INFO     - [DEBUG] raw_bass=1.296 Bars: [0.27 0.24 0.24 0.31 0.55 0.67 0.52 0.32 0.30 0.32 0.52 0.67 0.55 0.31 0.24 0.24 0.27]
2025-12-29 09:23:50 - widgets.spotify_visualizer_widget - INFO     - [SPOTIFY_VIS] media_update state=playing -> playing=True (prev=True) track=So Special
2025-12-29 09:23:50 - widgets.spotify_visualizer_widget - INFO     - [DEBUG] raw_bass=1.827 Bars: [0.40 0.35 0.31 0.36 0.64 0.81 0.63 0.39 0.35 0.39 0.63 0.81 0.64 0.36 0.31 0.35 0.40]
2025-12-29 09:23:50 - widgets.spotify_visualizer_widget - INFO     - [SPOTIFY_VIS] media_update state=playing -> playing=True (prev=True) track=So Special
2025-12-29 09:23:50 - widgets.spotify_visualizer_widget - INFO     - [DEBUG] raw_bass=1.340 Bars: [0.60 0.51 0.40 0.38 0.58 0.71 0.55 0.35 0.33 0.35 0.55 0.71 0.58 0.38 0.40 0.51 0.60]
2025-12-29 09:23:51 - widgets.spotify_visualizer_widget - INFO     - [SPOTIFY_VIS] media_update state=playing -> playing=True (prev=True) track=So Special
2025-12-29 09:23:51 - widgets.spotify_visualizer_widget - INFO     - [DEBUG] raw_bass=2.101 Bars: [0.31 0.28 0.28 0.40 0.81 1.00 0.84 0.50 0.45 0.50 0.84 1.00 0.81 0.40 0.28 0.28 0.31]
2025-12-29 09:23:51 - widgets.spotify_visualizer_widget - INFO     - [SPOTIFY_VIS] media_update state=playing -> playing=True (prev=True) track=So Special
2025-12-29 09:23:51 - widgets.spotify_visualizer_widget - INFO     - [DEBUG] raw_bass=1.699 Bars: [0.34 0.31 0.28 0.36 0.66 0.83 0.64 0.39 0.35 0.39 0.64 0.83 0.66 0.36 0.28 0.31 0.34]
2025-12-29 09:23:52 - widgets.spotify_visualizer_widget - INFO     - [SPOTIFY_VIS] media_update state=playing -> playing=True (prev=True) track=So Special
2025-12-29 09:23:52 - widgets.spotify_visualizer_widget - INFO     - [1 duplicates suppressed]
2025-12-29 09:23:52 - widgets.spotify_visualizer_widget - INFO     - [DEBUG] raw_bass=0.557 Bars: [0.08 0.07 0.06 0.08 0.15 0.19 0.16 0.09 0.09 0.09 0.16 0.19 0.15 0.08 0.06 0.07 0.08]
2025-12-29 09:23:52 - widgets.spotify_visualizer_widget - INFO     - [DEBUG] raw_bass=1.471 Bars: [0.14 0.14 0.18 0.30 0.62 0.78 0.60 0.34 0.30 0.34 0.60 0.78 0.62 0.30 0.18 0.14 0.14]
2025-12-29 09:23:53 - widgets.spotify_visualizer_widget - INFO     - [SPOTIFY_VIS] media_update state=playing -> playing=True (prev=True) track=So Special
2025-12-29 09:23:53 - widgets.spotify_visualizer_widget - INFO     - [1 duplicates suppressed]
2025-12-29 09:23:53 - widgets.spotify_visualizer_widget - INFO     - [DEBUG] raw_bass=1.546 Bars: [0.66 0.57 0.45 0.43 0.67 0.83 0.64 0.37 0.33 0.37 0.64 0.83 0.67 0.43 0.45 0.57 0.66]
2025-12-29 09:23:54 - widgets.spotify_visualizer_widget - INFO     - [SPOTIFY_VIS] media_update state=playing -> playing=True (prev=True) track=So Special
2025-12-29 09:23:54 - widgets.spotify_visualizer_widget - INFO     - [DEBUG] raw_bass=1.228 Bars: [0.12 0.12 0.15 0.25 0.48 0.59 0.46 0.29 0.28 0.29 0.46 0.59 0.48 0.25 0.15 0.12 0.12]
2025-12-29 09:23:54 - widgets.spotify_visualizer_widget - INFO     - [SPOTIFY_VIS] media_update state=playing -> playing=True (prev=True) track=So Special
2025-12-29 09:23:54 - widgets.spotify_visualizer_widget - INFO     - [DEBUG] raw_bass=2.329 Bars: [0.50 0.43 0.37 0.42 0.76 0.98 0.78 0.48 0.45 0.48 0.78 0.98 0.76 0.42 0.37 0.43 0.50]
2025-12-29 09:23:55 - widgets.spotify_visualizer_widget - INFO     - [SPOTIFY_VIS] media_update state=playing -> playing=True (prev=True) track=So Special
2025-12-29 09:23:55 - widgets.spotify_visualizer_widget - INFO     - [DEBUG] raw_bass=1.829 Bars: [0.04 0.06 0.13 0.29 0.66 0.86 0.68 0.41 0.36 0.41 0.68 0.86 0.66 0.29 0.13 0.06 0.04]
2025-12-29 09:23:55 - widgets.spotify_visualizer_widget - INFO     - [SPOTIFY_VIS] media_update state=playing -> playing=True (prev=True) track=So Special
2025-12-29 09:23:55 - widgets.spotify_visualizer_widget - INFO     - [DEBUG] raw_bass=1.436 Bars: [0.15 0.15 0.18 0.30 0.59 0.74 0.57 0.35 0.32 0.35 0.57 0.74 0.59 0.30 0.18 0.15 0.15]
2025-12-29 09:24:04 - widgets.spotify_visualizer_widget - INFO     - [SPOTIFY_VIS] Audio worker started (PyAudioWPatchBackend, 48000Hz, 6 channels)
2025-12-29 09:24:04 - widgets.spotify_visualizer_widget - INFO     - [DEBUG] raw_bass=1.848 Bars: [0.01 0.02 0.03 0.06 0.12 0.14 0.11 0.07 0.07 0.07 0.11 0.14 0.12 0.06 0.03 0.02 0.01]
2025-12-29 09:24:04 - widgets.spotify_visualizer_widget - WARNING  - [PERF] [SPOTIFY_VIS] Tick dt spike 42.09ms (running=False name=<none> elapsed=<n/a> idle_age=<n/a>)
2025-12-29 09:24:04 - widgets.spotify_visualizer_widget - WARNING  - [PERF] [SPOTIFY_VIS] Tick dt spike 71.24ms (running=False name=<none> elapsed=<n/a> idle_age=<n/a>)
2025-12-29 09:24:04 - widgets.spotify_visualizer_widget - INFO     - [DEBUG] raw_bass=0.531 Bars: [0.06 0.06 0.09 0.17 0.32 0.38 0.28 0.17 0.15 0.17 0.28 0.38 0.32 0.17 0.09 0.06 0.06]
2025-12-29 09:24:05 - widgets.spotify_visualizer_widget - INFO     - [DEBUG] raw_bass=0.827 Bars: [0.09 0.10 0.12 0.21 0.40 0.47 0.35 0.21 0.19 0.21 0.35 0.47 0.40 0.21 0.12 0.10 0.09]
2025-12-29 09:24:05 - widgets.spotify_visualizer_widget - INFO     - [SPOTIFY_VIS] media_update state=playing -> playing=True (prev=False) track=So Special
2025-12-29 09:24:05 - widgets.spotify_visualizer_widget - INFO     - [1 duplicates suppressed]
2025-12-29 09:24:05 - widgets.spotify_visualizer_widget - INFO     - [DEBUG] raw_bass=0.605 Bars: [0.01 0.02 0.03 0.06 0.12 0.14 0.10 0.06 0.06 0.06 0.10 0.14 0.12 0.06 0.03 0.02 0.01]
2025-12-29 09:24:05 - widgets.spotify_visualizer_widget - INFO     - [DEBUG] raw_bass=0.295 Bars: [0.02 0.02 0.04 0.09 0.18 0.22 0.16 0.09 0.08 0.09 0.16 0.22 0.18 0.09 0.04 0.02 0.02]
2025-12-29 09:24:06 - widgets.spotify_visualizer_widget - INFO     - [DEBUG] raw_bass=0.763 Bars: [0.04 0.05 0.10 0.22 0.44 0.54 0.40 0.23 0.20 0.23 0.40 0.54 0.44 0.22 0.10 0.05 0.04]
2025-12-29 09:24:06 - widgets.spotify_visualizer_widget - INFO     - [SPOTIFY_VIS] media_update state=playing -> playing=True (prev=True) track=So Special
2025-12-29 09:24:06 - widgets.spotify_visualizer_widget - INFO     - [1 duplicates suppressed]
2025-12-29 09:24:06 - widgets.spotify_visualizer_widget - INFO     - [DEBUG] raw_bass=2.041 Bars: [0.56 0.49 0.40 0.44 0.75 0.96 0.75 0.44 0.39 0.44 0.75 0.96 0.75 0.44 0.40 0.49 0.56]
2025-12-29 09:24:06 - widgets.spotify_visualizer_widget - WARNING  - [PERF] [SPOTIFY_VIS] Tick dt spike 271.38ms (running=False name=<none> elapsed=<n/a> idle_age=<n/a>)
2025-12-29 09:24:06 - widgets.spotify_visualizer_widget - WARNING  - [PERF] [SPOTIFY_VIS] Tick dt spike 265.68ms (running=False name=<none> elapsed=<n/a> idle_age=<n/a>)
2025-12-29 09:24:07 - widgets.spotify_visualizer_widget - INFO     - [SPOTIFY_VIS] media_update state=playing -> playing=True (prev=True) track=So Special
2025-12-29 09:24:07 - widgets.spotify_visualizer_widget - INFO     - [DEBUG] raw_bass=0.504 Bars: [0.02 0.02 0.04 0.08 0.14 0.16 0.11 0.07 0.07 0.07 0.11 0.16 0.14 0.08 0.04 0.02 0.02]
2025-12-29 09:24:07 - widgets.spotify_visualizer_widget - INFO     - [SPOTIFY_VIS] media_update state=playing -> playing=True (prev=True) track=So Special
2025-12-29 09:24:08 - widgets.spotify_visualizer_widget - INFO     - [DEBUG] raw_bass=0.784 Bars: [0.04 0.05 0.10 0.20 0.41 0.49 0.36 0.21 0.18 0.21 0.36 0.49 0.41 0.20 0.10 0.05 0.04]
2025-12-29 09:24:08 - widgets.spotify_visualizer_widget - INFO     - [SPOTIFY_VIS] media_update state=playing -> playing=True (prev=True) track=So Special
2025-12-29 09:24:08 - widgets.spotify_visualizer_widget - WARNING  - [PERF] [SPOTIFY_VIS] Tick dt spike 46.92ms (running=False name=<none> elapsed=<n/a> idle_age=<n/a>)
2025-12-29 09:24:08 - widgets.spotify_visualizer_widget - WARNING  - [PERF] [SPOTIFY_VIS] Tick dt spike 47.95ms (running=False name=<none> elapsed=<n/a> idle_age=<n/a>)
2025-12-29 09:24:08 - widgets.spotify_visualizer_widget - INFO     - [SPOTIFY_VIS] media_update state=playing -> playing=True (prev=True) track=So Special
2025-12-29 09:24:08 - widgets.spotify_visualizer_widget - INFO     - [2 duplicates suppressed]
2025-12-29 09:24:09 - widgets.spotify_visualizer_widget - WARNING  - [PERF] [SPOTIFY_VIS] Tick dt spike 42.10ms (running=True name=GLCompositorRainDropsTransition elapsed=0.53 idle_age=<n/a>)
2025-12-29 09:24:09 - widgets.spotify_visualizer_widget - INFO     - [DEBUG] raw_bass=0.956 Bars: [0.19 0.18 0.19 0.28 0.50 0.61 0.47 0.30 0.28 0.30 0.47 0.61 0.50 0.28 0.19 0.18 0.19]
2025-12-29 09:24:09 - widgets.spotify_visualizer_widget - WARNING  - [PERF] [SPOTIFY_VIS] Tick dt spike 66.77ms (running=True name=GLCompositorRainDropsTransition elapsed=0.70 idle_age=<n/a>)
2025-12-29 09:24:10 - widgets.spotify_visualizer_widget - WARNING  - [PERF] [SPOTIFY_VIS] Tick dt spike 56.48ms (running=True name=GLCompositorRainDropsTransition elapsed=1.30 idle_age=<n/a>)
2025-12-29 09:24:10 - widgets.spotify_visualizer_widget - INFO     - [SPOTIFY_VIS] media_update state=playing -> playing=True (prev=True) track=So Special
2025-12-29 09:24:10 - widgets.spotify_visualizer_widget - INFO     - [1 duplicates suppressed]
2025-12-29 09:24:10 - widgets.spotify_visualizer_widget - INFO     - [DEBUG] raw_bass=0.755 Bars: [0.10 0.10 0.13 0.22 0.42 0.50 0.37 0.22 0.20 0.22 0.37 0.50 0.42 0.22 0.13 0.10 0.10]
2025-12-29 09:24:11 - widgets.spotify_visualizer_widget - WARNING  - [PERF] [SPOTIFY_VIS] Tick dt spike 42.44ms (running=True name=GLCompositorRainDropsTransition elapsed=2.09 idle_age=<n/a>)
2025-12-29 09:24:11 - widgets.spotify_visualizer_widget - INFO     - [SPOTIFY_VIS] media_update state=playing -> playing=True (prev=True) track=So Special
2025-12-29 09:24:11 - widgets.spotify_visualizer_widget - INFO     - [1 duplicates suppressed]
2025-12-29 09:24:11 - widgets.spotify_visualizer_widget - INFO     - [DEBUG] raw_bass=0.656 Bars: [0.04 0.06 0.11 0.24 0.47 0.57 0.42 0.24 0.21 0.24 0.42 0.57 0.47 0.24 0.11 0.06 0.04]
2025-12-29 09:24:12 - widgets.spotify_visualizer_widget - INFO     - [SPOTIFY_VIS] media_update state=playing -> playing=True (prev=True) track=So Special
2025-12-29 09:24:12 - widgets.spotify_visualizer_widget - INFO     - [DEBUG] raw_bass=1.935 Bars: [0.05 0.06 0.14 0.31 0.70 0.92 0.72 0.42 0.37 0.42 0.72 0.92 0.70 0.31 0.14 0.06 0.05]
2025-12-29 09:24:12 - widgets.spotify_visualizer_widget - INFO     - [SPOTIFY_VIS] media_update state=playing -> playing=True (prev=True) track=So Special
2025-12-29 09:24:12 - widgets.spotify_visualizer_widget - INFO     - [DEBUG] raw_bass=1.630 Bars: [0.33 0.29 0.27 0.35 0.65 0.82 0.65 0.41 0.38 0.41 0.65 0.82 0.65 0.35 0.27 0.29 0.33]
2025-12-29 09:24:13 - widgets.spotify_visualizer_widget - WARNING  - [PERF] [SPOTIFY_VIS] Tick dt spike 56.93ms (running=True name=GLCompositorRainDropsTransition elapsed=4.16 idle_age=<n/a>)
2025-12-29 09:24:13 - widgets.spotify_visualizer_widget - INFO     - [SPOTIFY_VIS] media_update state=playing -> playing=True (prev=True) track=So Special
2025-12-29 09:24:13 - widgets.spotify_visualizer_widget - WARNING  - [PERF] [SPOTIFY_VIS] Tick dt spike 58.92ms (running=True name=GLCompositorRainDropsTransition elapsed=4.31 idle_age=<n/a>)
2025-12-29 09:24:13 - widgets.spotify_visualizer_widget - INFO     - [SPOTIFY_VIS] media_update state=playing -> playing=True (prev=True) track=So Special
2025-12-29 09:24:13 - widgets.spotify_visualizer_widget - INFO     - [DEBUG] raw_bass=0.315 Bars: [0.01 0.02 0.03 0.06 0.11 0.12 0.09 0.06 0.05 0.06 0.09 0.12 0.11 0.06 0.03 0.02 0.01]
2025-12-29 09:24:14 - widgets.spotify_visualizer_widget - INFO     - [SPOTIFY_VIS] media_update state=playing -> playing=True (prev=True) track=So Special
2025-12-29 09:24:14 - widgets.spotify_visualizer_widget - WARNING  - [PERF] [SPOTIFY_VIS] Tick dt spike 48.76ms (running=True name=GLCompositorRainDropsTransition elapsed=5.30 idle_age=<n/a>)
2025-12-29 09:24:14 - widgets.spotify_visualizer_widget - WARNING  - [PERF] [SPOTIFY_VIS] Tick dt spike 48.32ms (running=True name=GLCompositorRainDropsTransition elapsed=5.52 idle_age=<n/a>)
2025-12-29 09:24:14 - widgets.spotify_visualizer_widget - INFO     - [SPOTIFY_VIS] media_update state=playing -> playing=True (prev=True) track=So Special
2025-12-29 09:24:14 - widgets.spotify_visualizer_widget - INFO     - [DEBUG] raw_bass=2.482 Bars: [0.52 0.45 0.40 0.49 0.95 1.00 1.00 0.65 0.58 0.65 1.00 1.00 0.95 0.49 0.40 0.45 0.52]
2025-12-29 09:24:15 - widgets.spotify_visualizer_widget - INFO     - [DEBUG] raw_bass=1.702 Bars: [0.30 0.27 0.25 0.32 0.59 0.74 0.57 0.33 0.29 0.33 0.57 0.74 0.59 0.32 0.25 0.27 0.30]
2025-12-29 09:24:15 - widgets.spotify_visualizer_widget - WARNING  - [PERF] [SPOTIFY_VIS] Tick dt spike 56.47ms (running=True name=GLCompositorRainDropsTransition elapsed=6.16 idle_age=<n/a>)
2025-12-29 09:24:15 - widgets.spotify_visualizer_widget - INFO     - [SPOTIFY_VIS] media_update state=playing -> playing=True (prev=True) track=So Special
2025-12-29 09:24:15 - widgets.spotify_visualizer_widget - WARNING  - [PERF] [SPOTIFY_VIS] Tick dt spike 56.50ms (running=True name=GLCompositorRainDropsTransition elapsed=6.31 idle_age=<n/a>)
2025-12-29 09:24:15 - widgets.spotify_visualizer_widget - INFO     - [SPOTIFY_VIS] media_update state=playing -> playing=True (prev=True) track=So Special
2025-12-29 09:24:15 - widgets.spotify_visualizer_widget - INFO     - [DEBUG] raw_bass=0.601 Bars: [0.10 0.10 0.13 0.20 0.36 0.42 0.30 0.18 0.16 0.18 0.30 0.42 0.36 0.20 0.13 0.10 0.10]
2025-12-29 09:24:16 - widgets.spotify_visualizer_widget - WARNING  - [PERF] [SPOTIFY_VIS] Tick dt spike 44.10ms (running=True name=GLCompositorRainDropsTransition elapsed=6.97 idle_age=<n/a>)
2025-12-29 09:24:16 - widgets.spotify_visualizer_widget - INFO     - [SPOTIFY_VIS] media_update state=playing -> playing=True (prev=True) track=So Special
2025-12-29 09:24:16 - widgets.spotify_visualizer_widget - INFO     - [1 duplicates suppressed]
2025-12-29 09:24:16 - widgets.spotify_visualizer_widget - INFO     - [DEBUG] raw_bass=1.965 Bars: [0.40 0.35 0.33 0.41 0.79 1.00 0.80 0.46 0.40 0.46 0.80 1.00 0.79 0.41 0.33 0.35 0.40]
2025-12-29 09:24:16 - widgets.spotify_visualizer_widget - WARNING  - [PERF] [SPOTIFY_VIS] Tick dt spike 42.62ms (running=True name=GLCompositorRainDropsTransition elapsed=7.73 idle_age=<n/a>)
2025-12-29 09:24:17 - widgets.spotify_visualizer_widget - INFO     - [SPOTIFY_VIS] media_update state=playing -> playing=True (prev=True) track=So Special
2025-12-29 09:24:17 - widgets.spotify_visualizer_widget - INFO     - [DEBUG] raw_bass=0.943 Bars: [0.04 0.06 0.11 0.22 0.45 0.54 0.41 0.27 0.25 0.27 0.41 0.54 0.45 0.22 0.11 0.06 0.04]
2025-12-29 09:24:17 - widgets.spotify_visualizer_widget - WARNING  - [PERF] [SPOTIFY_VIS] Tick dt spike 54.05ms (running=True name=GLCompositorRainDropsTransition elapsed=8.30 idle_age=<n/a>)
2025-12-29 09:24:17 - widgets.spotify_visualizer_widget - INFO     - [SPOTIFY_VIS] media_update state=playing -> playing=True (prev=True) track=So Special
2025-12-29 09:24:17 - widgets.spotify_visualizer_widget - WARNING  - [PERF] [SPOTIFY_VIS] Tick dt spike 48.42ms (running=True name=GLCompositorRainDropsTransition elapsed=8.86 idle_age=<n/a>)
2025-12-29 09:24:18 - widgets.spotify_visualizer_widget - INFO     - [DEBUG] raw_bass=0.454 Bars: [0.03 0.04 0.06 0.12 0.24 0.28 0.21 0.13 0.12 0.13 0.21 0.28 0.24 0.12 0.06 0.04 0.03]
2025-12-29 09:24:18 - widgets.spotify_visualizer_widget - INFO     - [SPOTIFY_VIS] media_update state=playing -> playing=True (prev=True) track=So Special
2025-12-29 09:24:18 - widgets.spotify_visualizer_widget - INFO     - [1 duplicates suppressed]
2025-12-29 09:24:18 - widgets.spotify_visualizer_widget - INFO     - [DEBUG] raw_bass=0.274 Bars: [0.00 0.00 0.00 0.00 0.01 0.01 0.01 0.00 0.00 0.00 0.01 0.01 0.01 0.00 0.00 0.00 0.00]
2025-12-29 09:24:19 - widgets.spotify_visualizer_widget - INFO     - [SPOTIFY_VIS] media_update state=playing -> playing=True (prev=True) track=So Special
2025-12-29 09:24:19 - widgets.spotify_visualizer_widget - WARNING  - [PERF] [SPOTIFY_VIS] Tick dt spike 49.36ms (running=True name=GLCompositorRainDropsTransition elapsed=10.33 idle_age=<n/a>)
2025-12-29 09:24:19 - widgets.spotify_visualizer_widget - INFO     - [DEBUG] raw_bass=0.330 Bars: [0.00 0.01 0.01 0.02 0.04 0.04 0.03 0.02 0.02 0.02 0.03 0.04 0.04 0.02 0.01 0.01 0.00]
2025-12-29 09:24:19 - widgets.spotify_visualizer_widget - INFO     - [SPOTIFY_VIS] media_update state=playing -> playing=True (prev=True) track=So Special
2025-12-29 09:24:19 - widgets.spotify_visualizer_widget - WARNING  - [PERF] [SPOTIFY_VIS] Tick dt spike 43.89ms (running=True name=GLCompositorRainDropsTransition elapsed=10.58 idle_age=<n/a>)
2025-12-29 09:24:20 - widgets.spotify_visualizer_widget - INFO     - [DEBUG] raw_bass=2.100 Bars: [0.08 0.09 0.16 0.35 0.79 1.00 0.83 0.51 0.46 0.51 0.83 1.00 0.79 0.35 0.16 0.09 0.08]
2025-12-29 09:24:20 - widgets.spotify_visualizer_widget - INFO     - [SPOTIFY_VIS] media_update state=playing -> playing=True (prev=True) track=So Special
2025-12-29 09:24:20 - widgets.spotify_visualizer_widget - WARNING  - [PERF] [SPOTIFY_VIS] Tick dt spike 42.78ms (running=True name=GLCompositorRainDropsTransition elapsed=11.14 idle_age=<n/a>)
2025-12-29 09:24:20 - widgets.spotify_visualizer_widget - INFO     - [SPOTIFY_VIS] media_update state=playing -> playing=True (prev=True) track=So Special
2025-12-29 09:24:20 - widgets.spotify_visualizer_widget - INFO     - [DEBUG] raw_bass=1.752 Bars: [0.34 0.30 0.30 0.40 0.78 1.00 0.80 0.49 0.44 0.49 0.80 1.00 0.78 0.40 0.30 0.30 0.34]
2025-12-29 09:25:13 - widgets.spotify_visualizer_widget - INFO     - [SPOTIFY_VIS] Audio worker started (PyAudioWPatchBackend, 48000Hz, 6 channels)
2025-12-29 09:25:13 - widgets.spotify_visualizer_widget - INFO     - [DEBUG] raw_bass=0.234 Bars: [0.00 0.00 0.00 0.00 0.00 0.00 0.00 0.00 0.00 0.00 0.00 0.00 0.00 0.00 0.00 0.00 0.00]
2025-12-29 09:25:13 - widgets.spotify_visualizer_widget - WARNING  - [PERF] [SPOTIFY_VIS] Tick dt spike 66.92ms (running=False name=<none> elapsed=<n/a> idle_age=<n/a>)
2025-12-29 09:25:13 - widgets.spotify_visualizer_widget - WARNING  - [PERF] [SPOTIFY_VIS] Tick dt spike 67.00ms (running=False name=<none> elapsed=<n/a> idle_age=<n/a>)
2025-12-29 09:25:14 - widgets.spotify_visualizer_widget - INFO     - [DEBUG] raw_bass=0.806 Bars: [0.04 0.06 0.11 0.23 0.45 0.55 0.41 0.23 0.20 0.23 0.41 0.55 0.45 0.23 0.11 0.06 0.04]
2025-12-29 09:25:14 - widgets.spotify_visualizer_widget - INFO     - [DEBUG] raw_bass=0.873 Bars: [0.06 0.07 0.12 0.25 0.50 0.61 0.46 0.27 0.24 0.27 0.46 0.61 0.50 0.25 0.12 0.07 0.06]
2025-12-29 09:25:14 - widgets.spotify_visualizer_widget - INFO     - [SPOTIFY_VIS] media_update state=playing -> playing=True (prev=False) track=So Special
2025-12-29 09:25:14 - widgets.spotify_visualizer_widget - INFO     - [1 duplicates suppressed]
2025-12-29 09:25:14 - widgets.spotify_visualizer_widget - INFO     - [DEBUG] raw_bass=0.434 Bars: [0.02 0.02 0.04 0.09 0.17 0.21 0.15 0.09 0.07 0.09 0.15 0.21 0.17 0.09 0.04 0.02 0.02]
2025-12-29 09:25:15 - widgets.spotify_visualizer_widget - INFO     - [DEBUG] raw_bass=2.221 Bars: [0.05 0.06 0.16 0.39 0.92 1.00 1.00 0.61 0.55 0.61 1.00 1.00 0.92 0.39 0.16 0.06 0.05]
2025-12-29 09:25:15 - widgets.spotify_visualizer_widget - INFO     - [DEBUG] raw_bass=1.455 Bars: [0.05 0.07 0.14 0.31 0.66 0.84 0.66 0.41 0.37 0.41 0.66 0.84 0.66 0.31 0.14 0.07 0.05]
2025-12-29 09:25:15 - widgets.spotify_visualizer_widget - INFO     - [SPOTIFY_VIS] media_update state=playing -> playing=True (prev=True) track=So Special
2025-12-29 09:25:15 - widgets.spotify_visualizer_widget - INFO     - [1 duplicates suppressed]
2025-12-29 09:25:15 - widgets.spotify_visualizer_widget - INFO     - [DEBUG] raw_bass=0.347 Bars: [0.01 0.02 0.03 0.06 0.12 0.14 0.11 0.06 0.05 0.06 0.11 0.14 0.12 0.06 0.03 0.02 0.01]
2025-12-29 09:25:16 - widgets.spotify_visualizer_widget - WARNING  - [PERF] [SPOTIFY_VIS] Tick dt spike 281.31ms (running=False name=<none> elapsed=<n/a> idle_age=<n/a>)
2025-12-29 09:25:16 - widgets.spotify_visualizer_widget - WARNING  - [PERF] [SPOTIFY_VIS] Tick dt spike 275.57ms (running=False name=<none> elapsed=<n/a> idle_age=<n/a>)
2025-12-29 09:25:16 - widgets.spotify_visualizer_widget - INFO     - [SPOTIFY_VIS] media_update state=playing -> playing=True (prev=True) track=So Special
2025-12-29 09:25:16 - widgets.spotify_visualizer_widget - INFO     - [DEBUG] raw_bass=1.691 Bars: [0.16 0.16 0.19 0.34 0.70 0.90 0.70 0.43 0.39 0.43 0.70 0.90 0.70 0.34 0.19 0.16 0.16]
2025-12-29 09:25:16 - widgets.spotify_visualizer_widget - INFO     - [SPOTIFY_VIS] media_update state=playing -> playing=True (prev=True) track=So Special
2025-12-29 09:25:16 - widgets.spotify_visualizer_widget - INFO     - [1 duplicates suppressed]
2025-12-29 09:25:17 - widgets.spotify_visualizer_widget - INFO     - [DEBUG] raw_bass=1.634 Bars: [0.08 0.09 0.13 0.26 0.54 0.68 0.53 0.33 0.31 0.33 0.53 0.68 0.54 0.26 0.13 0.09 0.08]
2025-12-29 09:25:17 - widgets.spotify_visualizer_widget - WARNING  - [PERF] [SPOTIFY_VIS] Tick dt spike 48.00ms (running=False name=<none> elapsed=<n/a> idle_age=<n/a>)
2025-12-29 09:25:17 - widgets.spotify_visualizer_widget - WARNING  - [PERF] [SPOTIFY_VIS] Tick dt spike 48.00ms (running=False name=<none> elapsed=<n/a> idle_age=<n/a>)
2025-12-29 09:25:17 - widgets.spotify_visualizer_widget - INFO     - [SPOTIFY_VIS] media_update state=playing -> playing=True (prev=True) track=So Special
2025-12-29 09:25:18 - widgets.spotify_visualizer_widget - WARNING  - [PERF] [SPOTIFY_VIS] Tick dt spike 63.62ms (running=False name=<none> elapsed=<n/a> idle_age=<n/a>)
2025-12-29 09:25:18 - widgets.spotify_visualizer_widget - WARNING  - [PERF] [SPOTIFY_VIS] Tick dt spike 65.73ms (running=False name=<none> elapsed=<n/a> idle_age=<n/a>)
2025-12-29 09:25:18 - widgets.spotify_visualizer_widget - INFO     - [SPOTIFY_VIS] media_update state=playing -> playing=True (prev=True) track=So Special
2025-12-29 09:25:18 - widgets.spotify_visualizer_widget - INFO     - [1 duplicates suppressed]
2025-12-29 09:25:19 - widgets.spotify_visualizer_widget - INFO     - [DEBUG] raw_bass=0.236 Bars: [0.01 0.01 0.02 0.04 0.07 0.08 0.06 0.04 0.03 0.04 0.06 0.08 0.07 0.04 0.02 0.01 0.01]
2025-12-29 09:25:19 - widgets.spotify_visualizer_widget - INFO     - [SPOTIFY_VIS] media_update state=playing -> playing=True (prev=True) track=So Special
2025-12-29 09:25:19 - widgets.spotify_visualizer_widget - INFO     - [DEBUG] raw_bass=0.171 Bars: [0.00 0.00 0.01 0.01 0.03 0.03 0.03 0.02 0.01 0.02 0.03 0.03 0.03 0.01 0.01 0.00 0.00]
2025-12-29 09:25:19 - widgets.spotify_visualizer_widget - INFO     - [SPOTIFY_VIS] media_update state=playing -> playing=True (prev=True) track=So Special
2025-12-29 09:25:20 - widgets.spotify_visualizer_widget - INFO     - [DEBUG] raw_bass=0.302 Bars: [0.01 0.02 0.03 0.07 0.14 0.16 0.12 0.07 0.06 0.07 0.12 0.16 0.14 0.07 0.03 0.02 0.01]
2025-12-29 09:25:20 - widgets.spotify_visualizer_widget - INFO     - [SPOTIFY_VIS] media_update state=playing -> playing=True (prev=True) track=So Special
2025-12-29 09:25:20 - widgets.spotify_visualizer_widget - INFO     - [DEBUG] raw_bass=0.170 Bars: [0.00 0.01 0.01 0.02 0.05 0.06 0.04 0.02 0.02 0.02 0.04 0.06 0.05 0.02 0.01 0.01 0.00]
2025-12-29 09:25:21 - widgets.spotify_visualizer_widget - WARNING  - [PERF] [SPOTIFY_VIS] Tick dt spike 569.64ms (running=False name=<none> elapsed=<n/a> idle_age=<n/a>)
2025-12-29 09:25:21 - widgets.spotify_visualizer_widget - WARNING  - [PERF] [SPOTIFY_VIS] Tick dt spike 563.96ms (running=False name=<none> elapsed=<n/a> idle_age=<n/a>)
2025-12-29 09:25:21 - widgets.spotify_visualizer_widget - INFO     - [SPOTIFY_VIS] media_update state=playing -> playing=True (prev=True) track=So Special
2025-12-29 09:25:21 - widgets.spotify_visualizer_widget - INFO     - [1 duplicates suppressed]
2025-12-29 09:25:21 - widgets.spotify_visualizer_widget - INFO     - [DEBUG] raw_bass=0.304 Bars: [0.02 0.03 0.06 0.13 0.27 0.33 0.25 0.14 0.12 0.14 0.25 0.33 0.27 0.13 0.06 0.03 0.02]
2025-12-29 09:25:21 - widgets.spotify_visualizer_widget - INFO     - [SPOTIFY_VIS] media_update state=playing -> playing=True (prev=True) track=So Special
2025-12-29 09:25:21 - widgets.spotify_visualizer_widget - INFO     - [DEBUG] raw_bass=0.230 Bars: [0.06 0.06 0.06 0.10 0.17 0.20 0.15 0.08 0.07 0.08 0.15 0.20 0.17 0.10 0.06 0.06 0.06]
2025-12-29 09:25:22 - widgets.spotify_visualizer_widget - INFO     - [DEBUG] raw_bass=0.417 Bars: [0.04 0.05 0.09 0.18 0.36 0.43 0.31 0.18 0.15 0.18 0.31 0.43 0.36 0.18 0.09 0.05 0.04]
2025-12-29 09:25:22 - widgets.spotify_visualizer_widget - INFO     - [DEBUG] raw_bass=0.346 Bars: [0.02 0.03 0.05 0.11 0.22 0.27 0.20 0.11 0.10 0.11 0.20 0.27 0.22 0.11 0.05 0.03 0.02]
2025-12-29 09:25:22 - widgets.spotify_visualizer_widget - INFO     - [SPOTIFY_VIS] media_update state=playing -> playing=True (prev=True) track=So Special
2025-12-29 09:25:22 - widgets.spotify_visualizer_widget - INFO     - [1 duplicates suppressed]
2025-12-29 09:25:22 - widgets.spotify_visualizer_widget - INFO     - [DEBUG] raw_bass=0.122 Bars: [0.04 0.03 0.03 0.04 0.08 0.09 0.07 0.04 0.03 0.04 0.07 0.09 0.08 0.04 0.03 0.03 0.04]
2025-12-29 09:25:23 - widgets.spotify_visualizer_widget - WARNING  - [PERF] [SPOTIFY_VIS] Tick dt spike 49.98ms (running=False name=<none> elapsed=<n/a> idle_age=<n/a>)
2025-12-29 09:25:23 - widgets.spotify_visualizer_widget - INFO     - [DEBUG] raw_bass=0.277 Bars: [0.02 0.02 0.04 0.09 0.18 0.22 0.16 0.09 0.08 0.09 0.16 0.22 0.18 0.09 0.04 0.02 0.02]
2025-12-29 09:25:23 - widgets.spotify_visualizer_widget - WARNING  - [PERF] [SPOTIFY_VIS] Tick dt spike 42.77ms (running=False name=<none> elapsed=<n/a> idle_age=<n/a>)
2025-12-29 09:25:23 - widgets.spotify_visualizer_widget - INFO     - [SPOTIFY_VIS] media_update state=playing -> playing=True (prev=True) track=So Special
2025-12-29 09:25:23 - widgets.spotify_visualizer_widget - INFO     - [1 duplicates suppressed]
2025-12-29 09:25:23 - widgets.spotify_visualizer_widget - INFO     - [DEBUG] raw_bass=0.157 Bars: [0.01 0.02 0.02 0.03 0.06 0.07 0.05 0.03 0.03 0.03 0.05 0.07 0.06 0.03 0.02 0.02 0.01]
2025-12-29 09:25:24 - widgets.spotify_visualizer_widget - INFO     - [DEBUG] raw_bass=0.065 Bars: [0.01 0.01 0.01 0.01 0.02 0.03 0.02 0.01 0.01 0.01 0.02 0.03 0.02 0.01 0.01 0.01 0.01]
2025-12-29 09:25:24 - widgets.spotify_visualizer_widget - WARNING  - [PERF] [SPOTIFY_VIS] Tick dt spike 46.55ms (running=False name=<none> elapsed=<n/a> idle_age=<n/a>)
2025-12-29 09:25:24 - widgets.spotify_visualizer_widget - INFO     - [SPOTIFY_VIS] media_update state=playing -> playing=True (prev=True) track=So Special
2025-12-29 09:25:24 - widgets.spotify_visualizer_widget - WARNING  - [PERF] [SPOTIFY_VIS] Tick dt spike 47.30ms (running=False name=<none> elapsed=<n/a> idle_age=<n/a>)
2025-12-29 09:25:24 - widgets.spotify_visualizer_widget - INFO     - [SPOTIFY_VIS] media_update state=playing -> playing=True (prev=True) track=So Special
2025-12-29 09:25:24 - widgets.spotify_visualizer_widget - INFO     - [DEBUG] raw_bass=0.102 Bars: [0.00 0.00 0.00 0.01 0.01 0.02 0.01 0.01 0.01 0.01 0.01 0.02 0.01 0.01 0.00 0.00 0.00]
2025-12-29 09:25:25 - widgets.spotify_visualizer_widget - INFO     - [DEBUG] raw_bass=0.332 Bars: [0.02 0.03 0.06 0.13 0.26 0.32 0.23 0.13 0.11 0.13 0.23 0.32 0.26 0.13 0.06 0.03 0.02]
2025-12-29 09:25:25 - widgets.spotify_visualizer_widget - WARNING  - [PERF] [SPOTIFY_VIS] Tick dt spike 48.91ms (running=False name=<none> elapsed=<n/a> idle_age=<n/a>)
2025-12-29 09:25:25 - widgets.spotify_visualizer_widget - WARNING  - [PERF] [SPOTIFY_VIS] Tick dt spike 42.04ms (running=False name=<none> elapsed=<n/a> idle_age=<n/a>)
2025-12-29 09:25:25 - widgets.spotify_visualizer_widget - INFO     - [SPOTIFY_VIS] media_update state=playing -> playing=True (prev=True) track=So Special
2025-12-29 09:25:25 - widgets.spotify_visualizer_widget - INFO     - [DEBUG] raw_bass=0.152 Bars: [0.00 0.01 0.01 0.02 0.05 0.06 0.04 0.02 0.02 0.02 0.04 0.06 0.05 0.02 0.01 0.01 0.00]
2025-12-29 09:25:25 - widgets.spotify_visualizer_widget - INFO     - [SPOTIFY_VIS] media_update state=playing -> playing=True (prev=True) track=So Special
2025-12-29 09:25:26 - widgets.spotify_visualizer_widget - INFO     - [DEBUG] raw_bass=0.241 Bars: [0.01 0.02 0.03 0.07 0.14 0.17 0.12 0.07 0.06 0.07 0.12 0.17 0.14 0.07 0.03 0.02 0.01]
2025-12-29 09:25:26 - widgets.spotify_visualizer_widget - WARNING  - [PERF] [SPOTIFY_VIS] Tick dt spike 43.30ms (running=False name=<none> elapsed=<n/a> idle_age=<n/a>)
2025-12-29 09:25:26 - widgets.spotify_visualizer_widget - INFO     - [SPOTIFY_VIS] media_update state=playing -> playing=True (prev=True) track=So Special
2025-12-29 09:25:26 - widgets.spotify_visualizer_widget - INFO     - [DEBUG] raw_bass=0.056 Bars: [0.00 0.00 0.00 0.00 0.00 0.00 0.00 0.00 0.00 0.00 0.00 0.00 0.00 0.00 0.00 0.00 0.00]
2025-12-29 09:25:26 - widgets.spotify_visualizer_widget - WARNING  - [PERF] [SPOTIFY_VIS] Tick dt spike 51.43ms (running=False name=<none> elapsed=<n/a> idle_age=<n/a>)
2025-12-29 09:25:26 - widgets.spotify_visualizer_widget - INFO     - [SPOTIFY_VIS] media_update state=playing -> playing=True (prev=True) track=So Special
2025-12-29 09:25:26 - widgets.spotify_visualizer_widget - INFO     - [DEBUG] raw_bass=0.116 Bars: [0.00 0.00 0.00 0.00 0.00 0.00 0.00 0.00 0.00 0.00 0.00 0.00 0.00 0.00 0.00 0.00 0.00]
2025-12-29 09:25:27 - widgets.spotify_visualizer_widget - INFO     - [DEBUG] raw_bass=0.149 Bars: [0.00 0.00 0.01 0.02 0.03 0.04 0.03 0.02 0.01 0.02 0.03 0.04 0.03 0.02 0.01 0.00 0.00]
2025-12-29 09:25:27 - widgets.spotify_visualizer_widget - INFO     - [DEBUG] raw_bass=0.118 Bars: [0.00 0.00 0.00 0.00 0.00 0.00 0.00 0.00 0.00 0.00 0.00 0.00 0.00 0.00 0.00 0.00 0.00]
2025-12-29 09:25:27 - widgets.spotify_visualizer_widget - INFO     - [SPOTIFY_VIS] media_update state=playing -> playing=True (prev=True) track=So Special
2025-12-29 09:25:27 - widgets.spotify_visualizer_widget - INFO     - [1 duplicates suppressed]
2025-12-29 09:25:27 - widgets.spotify_visualizer_widget - INFO     - [DEBUG] raw_bass=0.062 Bars: [0.00 0.00 0.00 0.00 0.00 0.00 0.00 0.00 0.00 0.00 0.00 0.00 0.00 0.00 0.00 0.00 0.00]
2025-12-29 09:25:28 - widgets.spotify_visualizer_widget - INFO     - [DEBUG] raw_bass=0.116 Bars: [0.00 0.00 0.00 0.00 0.00 0.00 0.00 0.00 0.00 0.00 0.00 0.00 0.00 0.00 0.00 0.00 0.00]
2025-12-29 09:25:28 - widgets.spotify_visualizer_widget - INFO     - [DEBUG] raw_bass=0.096 Bars: [0.00 0.00 0.00 0.00 0.01 0.01 0.01 0.00 0.00 0.00 0.01 0.01 0.01 0.00 0.00 0.00 0.00]
2025-12-29 09:25:28 - widgets.spotify_visualizer_widget - INFO     - [SPOTIFY_VIS] media_update state=playing -> playing=True (prev=True) track=So Special
2025-12-29 09:25:28 - widgets.spotify_visualizer_widget - INFO     - [DEBUG] raw_bass=0.044 Bars: [0.00 0.00 0.00 0.00 0.00 0.00 0.00 0.00 0.00 0.00 0.00 0.00 0.00 0.00 0.00 0.00 0.00]
2025-12-29 09:25:28 - widgets.spotify_visualizer_widget - INFO     - [SPOTIFY_VIS] media_update state=playing -> playing=True (prev=True) track=So Special
2025-12-29 09:25:29 - widgets.spotify_visualizer_widget - INFO     - [DEBUG] raw_bass=0.021 Bars: [0.00 0.00 0.00 0.00 0.00 0.00 0.00 0.00 0.00 0.00 0.00 0.00 0.00 0.00 0.00 0.00 0.00]
2025-12-29 09:25:29 - widgets.spotify_visualizer_widget - INFO     - [SPOTIFY_VIS] media_update state=playing -> playing=True (prev=True) track=So Special
2025-12-29 09:25:29 - widgets.spotify_visualizer_widget - INFO     - [6 duplicates suppressed]
2025-12-29 09:25:32 - widgets.spotify_visualizer_widget - INFO     - [SPOTIFY_VIS] media_update state=playing -> playing=True (prev=True) track=Moonshine
2025-12-29 09:25:33 - widgets.spotify_visualizer_widget - INFO     - [DEBUG] raw_bass=2.448 Bars: [0.04 0.06 0.15 0.36 0.84 1.00 0.88 0.52 0.46 0.52 0.88 1.00 0.84 0.36 0.15 0.06 0.04]
2025-12-29 09:25:33 - widgets.spotify_visualizer_widget - INFO     - [SPOTIFY_VIS] media_update state=playing -> playing=True (prev=True) track=Moonshine
2025-12-29 09:25:33 - widgets.spotify_visualizer_widget - WARNING  - [PERF] [SPOTIFY_VIS] Tick dt spike 272.32ms (running=False name=<none> elapsed=<n/a> idle_age=<n/a>)
2025-12-29 09:25:33 - widgets.spotify_visualizer_widget - WARNING  - [PERF] [SPOTIFY_VIS] Tick dt spike 264.94ms (running=False name=<none> elapsed=<n/a> idle_age=<n/a>)
2025-12-29 09:25:34 - widgets.spotify_visualizer_widget - WARNING  - [PERF] [SPOTIFY_VIS] Tick dt spike 47.56ms (running=False name=<none> elapsed=<n/a> idle_age=<n/a>)
2025-12-29 09:25:34 - widgets.spotify_visualizer_widget - WARNING  - [PERF] [SPOTIFY_VIS] Tick dt spike 57.19ms (running=False name=<none> elapsed=<n/a> idle_age=<n/a>)
2025-12-29 09:25:34 - widgets.spotify_visualizer_widget - INFO     - [DEBUG] raw_bass=2.262 Bars: [0.06 0.08 0.15 0.35 0.80 1.00 0.83 0.48 0.42 0.48 0.83 1.00 0.80 0.35 0.15 0.08 0.06]
2025-12-29 09:25:35 - widgets.spotify_visualizer_widget - INFO     - [DEBUG] raw_bass=2.139 Bars: [0.04 0.05 0.12 0.29 0.68 0.90 0.71 0.41 0.37 0.41 0.71 0.90 0.68 0.29 0.12 0.05 0.04]
2025-12-29 09:25:35 - widgets.spotify_visualizer_widget - INFO     - [SPOTIFY_VIS] media_update state=playing -> playing=True (prev=False) track=Moonshine
2025-12-29 09:25:35 - widgets.spotify_visualizer_widget - INFO     - [1 duplicates suppressed]
2025-12-29 09:25:35 - widgets.spotify_visualizer_widget - INFO     - [DEBUG] raw_bass=2.382 Bars: [0.04 0.05 0.13 0.32 0.75 1.00 0.80 0.45 0.38 0.45 0.80 1.00 0.75 0.32 0.13 0.05 0.04]
2025-12-29 09:25:35 - widgets.spotify_visualizer_widget - INFO     - [DEBUG] raw_bass=2.559 Bars: [0.04 0.05 0.13 0.33 0.81 1.00 0.89 0.53 0.47 0.53 0.89 1.00 0.81 0.33 0.13 0.05 0.04]
2025-12-29 09:25:35 - widgets.spotify_visualizer_widget - INFO     - [SPOTIFY_VIS] media_update state=playing -> playing=True (prev=True) track=Moonshine
2025-12-29 09:25:36 - widgets.spotify_visualizer_widget - INFO     - [DEBUG] raw_bass=2.039 Bars: [0.04 0.06 0.14 0.32 0.74 0.97 0.76 0.46 0.41 0.46 0.76 0.97 0.74 0.32 0.14 0.06 0.04]
2025-12-29 09:25:36 - widgets.spotify_visualizer_widget - INFO     - [SPOTIFY_VIS] media_update state=playing -> playing=True (prev=True) track=Moonshine
2025-12-29 09:25:36 - widgets.spotify_visualizer_widget - INFO     - [DEBUG] raw_bass=2.437 Bars: [0.38 0.34 0.34 0.49 1.00 1.00 1.00 0.65 0.58 0.65 1.00 1.00 1.00 0.49 0.34 0.34 0.38]
2025-12-29 09:25:36 - widgets.spotify_visualizer_widget - WARNING  - [PERF] [SPOTIFY_VIS] Tick dt spike 63.03ms (running=False name=<none> elapsed=<n/a> idle_age=<n/a>)
2025-12-29 09:25:36 - widgets.spotify_visualizer_widget - WARNING  - [PERF] [SPOTIFY_VIS] Tick dt spike 59.00ms (running=False name=<none> elapsed=<n/a> idle_age=<n/a>)
2025-12-29 09:25:36 - widgets.spotify_visualizer_widget - INFO     - [SPOTIFY_VIS] media_update state=playing -> playing=True (prev=True) track=Moonshine
2025-12-29 09:25:37 - widgets.spotify_visualizer_widget - WARNING  - [PERF] [SPOTIFY_VIS] Tick dt spike 50.96ms (running=False name=<none> elapsed=<n/a> idle_age=<n/a>)
2025-12-29 09:25:37 - widgets.spotify_visualizer_widget - INFO     - [SPOTIFY_VIS] media_update state=playing -> playing=True (prev=True) track=Moonshine
2025-12-29 09:25:37 - widgets.spotify_visualizer_widget - WARNING  - [PERF] [SPOTIFY_VIS] Tick dt spike 53.47ms (running=False name=<none> elapsed=<n/a> idle_age=<n/a>)
2025-12-29 09:25:37 - widgets.spotify_visualizer_widget - INFO     - [SPOTIFY_VIS] media_update state=playing -> playing=True (prev=True) track=Moonshine
2025-12-29 09:25:38 - widgets.spotify_visualizer_widget - WARNING  - [PERF] [SPOTIFY_VIS] Tick dt spike 60.98ms (running=False name=<none> elapsed=<n/a> idle_age=<n/a>)
2025-12-29 09:25:38 - widgets.spotify_visualizer_widget - WARNING  - [PERF] [SPOTIFY_VIS] Tick dt spike 57.93ms (running=False name=<none> elapsed=<n/a> idle_age=<n/a>)
2025-12-29 09:25:38 - widgets.spotify_visualizer_widget - INFO     - [DEBUG] raw_bass=0.549 Bars: [0.03 0.04 0.07 0.16 0.31 0.37 0.27 0.15 0.13 0.15 0.27 0.37 0.31 0.16 0.07 0.04 0.03]
2025-12-29 09:25:38 - widgets.spotify_visualizer_widget - INFO     - [SPOTIFY_VIS] media_update state=playing -> playing=True (prev=True) track=Moonshine
2025-12-29 09:25:38 - widgets.spotify_visualizer_widget - WARNING  - [PERF] [SPOTIFY_VIS] Tick dt spike 73.98ms (running=False name=<none> elapsed=<n/a> idle_age=<n/a>)
2025-12-29 09:25:38 - widgets.spotify_visualizer_widget - WARNING  - [PERF] [SPOTIFY_VIS] Tick dt spike 75.48ms (running=False name=<none> elapsed=<n/a> idle_age=<n/a>)
2025-12-29 09:25:39 - widgets.spotify_visualizer_widget - INFO     - [SPOTIFY_VIS] media_update state=playing -> playing=True (prev=True) track=Moonshine
2025-12-29 09:25:39 - widgets.spotify_visualizer_widget - INFO     - [1 duplicates suppressed]
2025-12-29 09:25:39 - widgets.spotify_visualizer_widget - INFO     - [DEBUG] raw_bass=1.707 Bars: [0.04 0.05 0.12 0.28 0.62 0.81 0.63 0.36 0.32 0.36 0.63 0.81 0.62 0.28 0.12 0.05 0.04]
2025-12-29 09:25:39 - widgets.spotify_visualizer_widget - INFO     - [SPOTIFY_VIS] media_update state=playing -> playing=True (prev=True) track=Moonshine
2025-12-29 09:25:40 - widgets.spotify_visualizer_widget - INFO     - [DEBUG] raw_bass=0.934 Bars: [0.05 0.06 0.11 0.24 0.49 0.60 0.45 0.26 0.23 0.26 0.45 0.60 0.49 0.24 0.11 0.06 0.05]
2025-12-29 09:25:40 - widgets.spotify_visualizer_widget - INFO     - [SPOTIFY_VIS] media_update state=playing -> playing=True (prev=True) track=Moonshine
2025-12-29 09:25:40 - widgets.spotify_visualizer_widget - INFO     - [DEBUG] raw_bass=0.682 Bars: [0.04 0.05 0.09 0.18 0.36 0.44 0.32 0.18 0.16 0.18 0.32 0.44 0.36 0.18 0.09 0.05 0.04]
2025-12-29 09:25:40 - widgets.spotify_visualizer_widget - INFO     - [SPOTIFY_VIS] media_update state=playing -> playing=True (prev=True) track=Moonshine
2025-12-29 09:25:40 - widgets.spotify_visualizer_widget - INFO     - [1 duplicates suppressed]
2025-12-29 09:25:41 - widgets.spotify_visualizer_widget - INFO     - [DEBUG] raw_bass=3.042 Bars: [0.81 0.69 0.56 0.59 1.00 1.00 1.00 0.68 0.61 0.68 1.00 1.00 1.00 0.59 0.56 0.69 0.81]
2025-12-29 09:25:41 - widgets.spotify_visualizer_widget - INFO     - [DEBUG] raw_bass=2.025 Bars: [0.05 0.06 0.15 0.37 0.87 1.00 0.92 0.54 0.47 0.54 0.92 1.00 0.87 0.37 0.15 0.06 0.05]
2025-12-29 09:25:41 - widgets.spotify_visualizer_widget - INFO     - [SPOTIFY_VIS] media_update state=playing -> playing=True (prev=True) track=Moonshine
2025-12-29 09:25:41 - widgets.spotify_visualizer_widget - INFO     - [1 duplicates suppressed]
2025-12-29 09:25:42 - widgets.spotify_visualizer_widget - INFO     - [DEBUG] raw_bass=0.611 Bars: [0.03 0.04 0.08 0.16 0.31 0.38 0.28 0.15 0.13 0.15 0.28 0.38 0.31 0.16 0.08 0.04 0.03]
2025-12-29 09:25:42 - widgets.spotify_visualizer_widget - INFO     - [SPOTIFY_VIS] media_update state=playing -> playing=True (prev=True) track=Moonshine
2025-12-29 09:25:42 - widgets.spotify_visualizer_widget - INFO     - [DEBUG] raw_bass=1.402 Bars: [0.04 0.05 0.10 0.23 0.49 0.62 0.47 0.27 0.24 0.27 0.47 0.62 0.49 0.23 0.10 0.05 0.04]
2025-12-29 09:25:43 - widgets.spotify_visualizer_widget - INFO     - [SPOTIFY_VIS] media_update state=playing -> playing=True (prev=True) track=Moonshine
2025-12-29 09:25:43 - widgets.spotify_visualizer_widget - INFO     - [DEBUG] raw_bass=1.830 Bars: [0.14 0.13 0.18 0.32 0.68 0.88 0.68 0.39 0.34 0.39 0.68 0.88 0.68 0.32 0.18 0.13 0.14]
2025-12-29 09:25:43 - widgets.spotify_visualizer_widget - INFO     - [SPOTIFY_VIS] media_update state=playing -> playing=True (prev=True) track=Moonshine
