2025-12-23 17:09:28 - widgets.spotify_visualizer_widget - INFO     - [SPOTIFY_VIS] Audio worker started (PyAudioWPatchBackend, 48000Hz, 6 channels)
2025-12-23 17:09:28 - widgets.spotify_visualizer_widget - INFO     - [DEBUG] raw_bass=1.805 Bars: [0.00 0.03 0.06 0.09 0.09 0.06 0.03 0.00 0.03 0.06 0.09 0.09 0.06 0.03 0.00]
2025-12-23 17:09:28 - widgets.spotify_visualizer_widget - INFO     - [DEBUG] raw_bass=2.253 Bars: [0.05 0.06 0.08 0.11 0.15 0.20 0.27 0.35 0.27 0.20 0.15 0.11 0.08 0.06 0.05]
2025-12-23 17:09:29 - widgets.spotify_visualizer_widget - INFO     - [DEBUG] raw_bass=1.969 Bars: [0.01 0.02 0.02 0.03 0.04 0.05 0.07 0.09 0.07 0.05 0.04 0.03 0.02 0.02 0.01]
2025-12-23 17:09:30 - widgets.spotify_visualizer_widget - INFO     - [DEBUG] raw_bass=1.179 Bars: [0.04 0.05 0.07 0.10 0.13 0.16 0.20 0.24 0.20 0.16 0.13 0.10 0.07 0.05 0.04]
2025-12-23 17:09:30 - widgets.spotify_visualizer_widget - INFO     - [DEBUG] raw_bass=1.413 Bars: [0.00 0.02 0.05 0.07 0.07 0.05 0.03 0.02 0.03 0.05 0.07 0.07 0.05 0.02 0.00]
2025-12-23 17:09:32 - widgets.spotify_visualizer_widget - INFO     - [DEBUG] raw_bass=1.729 Bars: [0.03 0.04 0.06 0.08 0.11 0.12 0.15 0.18 0.15 0.12 0.11 0.08 0.06 0.04 0.03]
2025-12-23 17:09:33 - widgets.spotify_visualizer_widget - INFO     - [DEBUG] raw_bass=1.844 Bars: [0.05 0.08 0.11 0.16 0.21 0.24 0.30 0.36 0.30 0.24 0.21 0.16 0.11 0.08 0.05]
2025-12-23 17:09:33 - widgets.spotify_visualizer_widget - INFO     - [DEBUG] raw_bass=2.502 Bars: [0.11 0.14 0.20 0.29 0.38 0.47 0.59 0.74 0.59 0.47 0.38 0.29 0.20 0.14 0.11]
2025-12-23 17:09:33 - widgets.spotify_visualizer_widget - INFO     - [DEBUG] raw_bass=1.578 Bars: [0.00 0.05 0.10 0.14 0.14 0.10 0.05 0.01 0.05 0.10 0.14 0.14 0.10 0.05 0.00]
2025-12-23 17:09:34 - widgets.spotify_visualizer_widget - INFO     - [DEBUG] raw_bass=2.077 Bars: [0.09 0.10 0.13 0.18 0.25 0.34 0.45 0.57 0.45 0.34 0.25 0.18 0.13 0.10 0.09]
2025-12-23 17:09:34 - widgets.spotify_visualizer_widget - INFO     - [DEBUG] raw_bass=1.712 Bars: [0.10 0.15 0.22 0.31 0.39 0.45 0.54 0.65 0.54 0.45 0.39 0.31 0.22 0.15 0.10]
2025-12-23 17:09:34 - widgets.spotify_visualizer_widget - INFO     - [DEBUG] raw_bass=1.884 Bars: [0.00 0.04 0.09 0.13 0.13 0.09 0.04 0.00 0.04 0.09 0.13 0.13 0.09 0.04 0.00]
2025-12-23 17:09:35 - widgets.spotify_visualizer_widget - INFO     - [DEBUG] raw_bass=2.462 Bars: [0.15 0.21 0.30 0.42 0.55 0.66 0.82 1.00 0.82 0.66 0.55 0.42 0.30 0.21 0.15]
2025-12-23 17:09:35 - widgets.spotify_visualizer_widget - INFO     - [DEBUG] raw_bass=1.662 Bars: [0.01 0.06 0.12 0.18 0.18 0.12 0.06 0.05 0.06 0.12 0.18 0.18 0.12 0.06 0.01]
2025-12-23 17:09:35 - widgets.spotify_visualizer_widget - INFO     - [DEBUG] raw_bass=2.175 Bars: [0.19 0.25 0.36 0.52 0.67 0.82 1.00 1.00 1.00 0.82 0.67 0.52 0.36 0.25 0.19]
2025-12-23 17:09:36 - widgets.spotify_visualizer_widget - INFO     - [DEBUG] raw_bass=2.001 Bars: [0.01 0.03 0.05 0.07 0.08 0.05 0.05 0.06 0.05 0.05 0.08 0.07 0.05 0.03 0.01]
2025-12-23 17:09:36 - widgets.spotify_visualizer_widget - INFO     - [DEBUG] raw_bass=2.466 Bars: [0.11 0.15 0.22 0.31 0.40 0.49 0.60 0.73 0.60 0.49 0.40 0.31 0.22 0.15 0.11]
2025-12-23 17:09:36 - widgets.spotify_visualizer_widget - INFO     - [DEBUG] raw_bass=1.519 Bars: [0.00 0.02 0.04 0.06 0.06 0.04 0.02 0.00 0.02 0.04 0.06 0.06 0.04 0.02 0.00]
2025-12-23 17:09:37 - widgets.spotify_visualizer_widget - INFO     - [DEBUG] raw_bass=1.195 Bars: [0.07 0.12 0.17 0.22 0.21 0.14 0.07 0.00 0.07 0.14 0.21 0.22 0.17 0.12 0.07]
