2025-12-23 17:09:10 - root                           - INFO     - ============================================================
2025-12-23 17:09:10 - root                           - INFO     - Screensaver logging initialized (debug=False, verbose=False)
2025-12-23 17:09:10 - root                           - INFO     - ============================================================
2025-12-23 17:09:10 - __main__                       - INFO     - ============================================================
2025-12-23 17:09:10 - __main__                       - INFO     - ShittyRandomPhotoScreenSaver Starting
2025-12-23 17:09:10 - __main__                       - INFO     - ============================================================
2025-12-23 17:09:10 - __main__                       - INFO     - Running in script mode - cleaning pycache on startup
2025-12-23 17:09:10 - __main__                       - INFO     - PREVIEW mode selected with window handle: 44897680
2025-12-23 17:09:10 - __main__                       - INFO     - Global QSurfaceFormat configured (swap=SwapBehavior.DoubleBuffer, interval=1, depth=24, stencil=8)
2025-12-23 17:09:10 - __main__                       - INFO     - Qt image allocation limit: 1GB (supports 8K+ images, per-image on-demand)
2025-12-23 17:09:10 - __main__                       - INFO     - Qt Application created: SRPSS
2025-12-23 17:09:10 - __main__                       - INFO     - Starting preview mode (hwnd=44897680)
2025-12-23 17:09:10 - __main__                       - WARNING  - PREVIEW mode not yet implemented (no window shown)
2025-12-23 17:09:10 - __main__                       - INFO     - Cleaning pycache on exit
2025-12-23 17:09:10 - __main__                       - INFO     - ============================================================
2025-12-23 17:09:10 - __main__                       - INFO     - ShittyRandomPhotoScreenSaver Exiting (code=0)
2025-12-23 17:09:10 - __main__                       - INFO     - ============================================================
2025-12-23 17:09:27 - root                           - INFO     - ============================================================
2025-12-23 17:09:27 - root                           - INFO     - Screensaver logging initialized (debug=False, verbose=False)
2025-12-23 17:09:27 - root                           - INFO     - ============================================================
2025-12-23 17:09:27 - __main__                       - INFO     - ============================================================
2025-12-23 17:09:27 - __main__                       - INFO     - ShittyRandomPhotoScreenSaver Starting
2025-12-23 17:09:27 - __main__                       - INFO     - ============================================================
2025-12-23 17:09:27 - __main__                       - INFO     - Running in script mode - cleaning pycache on startup
2025-12-23 17:09:27 - __main__                       - INFO     - RUN mode selected
2025-12-23 17:09:27 - __main__                       - INFO     - Global QSurfaceFormat configured (swap=SwapBehavior.DoubleBuffer, interval=1, depth=24, stencil=8)
2025-12-23 17:09:27 - __main__                       - INFO     - Qt image allocation limit: 1GB (supports 8K+ images, per-image on-demand)
2025-12-23 17:09:27 - __main__                       - INFO     - Qt Application created: SRPSS
2025-12-23 17:09:27 - __main__                       - INFO     - Starting screensaver in RUN mode
2025-12-23 17:09:27 - __main__                       - INFO     - Windows timer resolution set to 1ms for smooth animations
2025-12-23 17:09:27 - __main__                       - INFO     - Initializing screensaver engine
2025-12-23 17:09:27 - SettingsManager                - INFO     - SettingsManager initialized
2025-12-23 17:09:27 - engine.screensaver             - INFO     - ScreensaverEngine created
2025-12-23 17:09:27 - engine.screensaver             - INFO     - Engine state: UNINITIALIZED -> INITIALIZING
2025-12-23 17:09:27 - engine.screensaver             - INFO     - ============================================================
2025-12-23 17:09:27 - engine.screensaver             - INFO     - Initializing Screensaver Engine 🚦🚦🚦🚦🚦
2025-12-23 17:09:27 - engine.screensaver             - INFO     - ============================================================
2025-12-23 17:09:27 - engine.screensaver             - INFO     - Initializing core systems...
2025-12-23 17:09:27 - EventSystem                    - INFO     - EventSystem initialized
2025-12-23 17:09:27 - core.threading.manager         - INFO     - Initialized io pool with 4 workers
2025-12-23 17:09:27 - core.threading.manager         - INFO     - Initialized compute pool with 23 workers
2025-12-23 17:09:27 - core.threading.manager         - INFO     - ThreadManager initialized with IO=4, COMPUTE=23 workers
2025-12-23 17:09:27 - SettingsManager                - INFO     - SettingsManager initialized
2025-12-23 17:09:27 - engine.screensaver             - INFO     - Core systems initialized successfully
2025-12-23 17:09:27 - engine.screensaver             - INFO     - Loading settings...
2025-12-23 17:09:27 - engine.screensaver             - INFO     - Image rotation interval: 10s
2025-12-23 17:09:27 - engine.screensaver             - INFO     - Display mode: fill
2025-12-23 17:09:27 - engine.screensaver             - INFO     - Shuffle enabled: true
2025-12-23 17:09:27 - engine.screensaver             - INFO     - Prefetch ahead: 5
2025-12-23 17:09:27 - engine.screensaver             - INFO     - Initializing image sources...
2025-12-23 17:09:27 - sources.base_provider.folder.PERSONALSET - INFO     - Created FolderSource for 'C:\Users\Basjohn\Documents\[4] WALLPAPERS\PERSONALSET' (recursive=True)
2025-12-23 17:09:27 - engine.screensaver             - INFO     - Folder source added: C:/Users/Basjohn/Documents/[4] WALLPAPERS/PERSONALSET
2025-12-23 17:09:27 - sources.rss_source             - INFO     - RSSSource initialized with 1 feeds
2025-12-23 17:09:27 - sources.rss_source             - INFO     - Cache directory: C:\Users\Basjohn\AppData\Local\Temp\screensaver_rss_cache
2025-12-23 17:09:27 - sources.rss_source             - INFO     - Pre-loaded 30 cached RSS images
2025-12-23 17:09:27 - engine.screensaver             - INFO     - RSS source added: https://www.bing.com/HPImageArchive.aspx?format=rss&idx=0&n=8&mkt=en-US
2025-12-23 17:09:27 - sources.rss_source             - INFO     - RSSSource initialized with 1 feeds
2025-12-23 17:09:27 - sources.rss_source             - INFO     - Cache directory: C:\Users\Basjohn\AppData\Local\Temp\screensaver_rss_cache
2025-12-23 17:09:27 - sources.rss_source             - INFO     - Pre-loaded 30 cached RSS images
2025-12-23 17:09:27 - engine.screensaver             - INFO     - RSS source added: https://www.nasa.gov/feeds/iotd-feed
2025-12-23 17:09:27 - sources.rss_source             - INFO     - RSSSource initialized with 1 feeds
2025-12-23 17:09:27 - sources.rss_source             - INFO     - Cache directory: C:\Users\Basjohn\AppData\Local\Temp\screensaver_rss_cache
2025-12-23 17:09:27 - sources.rss_source             - INFO     - Pre-loaded 30 cached RSS images
2025-12-23 17:09:27 - engine.screensaver             - INFO     - RSS source added: https://www.reddit.com/r/EarthPorn/top/.json?t=day&limit=25
2025-12-23 17:09:27 - sources.rss_source             - INFO     - RSSSource initialized with 1 feeds
2025-12-23 17:09:27 - sources.rss_source             - INFO     - Cache directory: C:\Users\Basjohn\AppData\Local\Temp\screensaver_rss_cache
2025-12-23 17:09:27 - sources.rss_source             - INFO     - Pre-loaded 30 cached RSS images
2025-12-23 17:09:27 - engine.screensaver             - INFO     - RSS source added: https://www.reddit.com/r/SpacePorn/top/.json?t=day&limit=25
2025-12-23 17:09:27 - sources.rss_source             - INFO     - RSSSource initialized with 1 feeds
2025-12-23 17:09:27 - sources.rss_source             - INFO     - Cache directory: C:\Users\Basjohn\AppData\Local\Temp\screensaver_rss_cache
2025-12-23 17:09:27 - sources.rss_source             - INFO     - Pre-loaded 30 cached RSS images
2025-12-23 17:09:27 - engine.screensaver             - INFO     - RSS source added: https://www.reddit.com/r/CityPorn/top/.json?t=day&limit=25
2025-12-23 17:09:27 - sources.rss_source             - INFO     - RSSSource initialized with 1 feeds
2025-12-23 17:09:27 - sources.rss_source             - INFO     - Cache directory: C:\Users\Basjohn\AppData\Local\Temp\screensaver_rss_cache
2025-12-23 17:09:27 - sources.rss_source             - INFO     - Pre-loaded 30 cached RSS images
2025-12-23 17:09:27 - engine.screensaver             - INFO     - RSS source added: https://www.reddit.com/r/ArchitecturePorn/top/.json?t=day&limit=25
2025-12-23 17:09:27 - sources.rss_source             - INFO     - RSSSource initialized with 1 feeds
2025-12-23 17:09:27 - sources.rss_source             - INFO     - Cache directory: C:\Users\Basjohn\AppData\Local\Temp\screensaver_rss_cache
2025-12-23 17:09:27 - sources.rss_source             - INFO     - Pre-loaded 30 cached RSS images
2025-12-23 17:09:27 - engine.screensaver             - INFO     - RSS source added: https://www.reddit.com/r/WaterPorn/top/.json?t=day&limit=25
2025-12-23 17:09:27 - sources.rss_source             - INFO     - RSSSource initialized with 1 feeds
2025-12-23 17:09:27 - sources.rss_source             - INFO     - Cache directory: C:\Users\Basjohn\AppData\Local\Temp\screensaver_rss_cache
2025-12-23 17:09:27 - sources.rss_source             - INFO     - Pre-loaded 30 cached RSS images
2025-12-23 17:09:27 - engine.screensaver             - INFO     - RSS source added: https://www.reddit.com/r/WQHD_Wallpaper/top/.json?t=day&limit=25
2025-12-23 17:09:27 - sources.rss_source             - INFO     - RSSSource initialized with 1 feeds
2025-12-23 17:09:27 - sources.rss_source             - INFO     - Cache directory: C:\Users\Basjohn\AppData\Local\Temp\screensaver_rss_cache
2025-12-23 17:09:27 - sources.rss_source             - INFO     - Pre-loaded 30 cached RSS images
2025-12-23 17:09:27 - engine.screensaver             - INFO     - RSS source added: https://www.reddit.com/r/4kwallpaper/top/.json?t=day&limit=25
2025-12-23 17:09:27 - sources.rss_source             - INFO     - RSSSource initialized with 1 feeds
2025-12-23 17:09:27 - sources.rss_source             - INFO     - Cache directory: C:\Users\Basjohn\AppData\Local\Temp\screensaver_rss_cache
2025-12-23 17:09:27 - sources.rss_source             - INFO     - Pre-loaded 30 cached RSS images
2025-12-23 17:09:27 - engine.screensaver             - INFO     - RSS source added: https://www.reddit.com/r/AbandonedPorn/top/.json?t=day&limit=25
2025-12-23 17:09:27 - engine.screensaver             - INFO     - Initialized 11 image sources (1 folder, 10 RSS)
2025-12-23 17:09:27 - engine.screensaver             - INFO     - Building image queue...
2025-12-23 17:09:27 - engine.image_queue             - INFO     - ImageQueue initialized (shuffle=true, history_size=50, local_ratio=88%)
2025-12-23 17:09:27 - sources.base_provider.folder.PERSONALSET - INFO     - Scanning folder: C:\Users\Basjohn\Documents\[4] WALLPAPERS\PERSONALSET
2025-12-23 17:09:27 - sources.base_provider.folder.PERSONALSET - INFO     - Scan complete: 558 images found (558 files scanned) in 0.05s
2025-12-23 17:09:27 - engine.screensaver             - INFO     - Added 558 images from C:\Users\Basjohn\Documents\[4] WALLPAPERS\PERSONALSET
2025-12-23 17:09:27 - engine.image_queue             - INFO     - Added 558 images (local=558, rss=0). Pools: local=558, rss=0
2025-12-23 17:09:27 - engine.screensaver             - INFO     - Queue initialized with 558 local images
2025-12-23 17:09:27 - engine.image_queue             - INFO     - Added 20 images (local=0, rss=20). Pools: local=558, rss=20
2025-12-23 17:09:27 - engine.screensaver             - INFO     - Pre-loaded 20 cached RSS images for immediate use (cap=20)
2025-12-23 17:09:27 - engine.screensaver             - INFO     - Starting async RSS load for 10 sources...
2025-12-23 17:09:27 - engine.screensaver             - INFO     - [ASYNC RSS] Processing source 1/10: https://www.bing.com/HPImageArchive.aspx?format=rss&idx=0&n=...
2025-12-23 17:09:27 - engine.screensaver             - INFO     - Image queue ready with 578 images
2025-12-23 17:09:27 - sources.rss_source             - INFO     - Refreshing RSS feeds (1 feeds, max 8/source)...
2025-12-23 17:09:27 - utils.image_cache              - INFO     - ImageCache initialized: max_items=24, max_memory=1024MB
2025-12-23 17:09:27 - engine.screensaver             - INFO     - Image prefetcher initialized (ahead=5, max_concurrent=2)
2025-12-23 17:09:27 - engine.screensaver             - INFO     - Initializing display...
2025-12-23 17:09:27 - engine.display                 - INFO     - Monitor detection enabled (2 screens)
2025-12-23 17:09:27 - engine.display                 - INFO     - DisplayManager initialized (mode=fill, same_image=false)
2025-12-23 17:09:27 - engine.display                 - INFO     - Initializing displays for 2 screens
2025-12-23 17:09:27 - engine.display                 - INFO     - Cleaning up 0 display widgets
2025-12-23 17:09:27 - engine.display                 - INFO     - Display manager cleanup complete
2025-12-23 17:09:27 - rendering.display              - INFO     - DisplayWidget created for screen 0 (fill)
2025-12-23 17:09:27 - rendering.backends.opengl.backend - INFO     - Using OpenGL renderer backend
2025-12-23 17:09:27 - rendering.backends             - INFO     - Renderer backend 'opengl' initialized
2025-12-23 17:09:27 - rendering.display              - INFO     - [RENDER] Backend active (screen=0, api=OpenGL 4.x, triple=False, vsync_toggle=False)
2025-12-23 17:09:27 - rendering.display              - INFO     - Showing on screen 0: 1707x959 at (0, 0) DPR=1.5
2025-12-23 17:09:27 - rendering.display              - INFO     - Detected refresh rate: 165 Hz, adaptive target FPS: 55
2025-12-23 17:09:27 - rendering.display              - INFO     - [RENDER] Render surface established (screen=0, 1707x959, vsync=True, triple_preference=True)
2025-12-23 17:09:27 - rendering.display              - INFO     - [GL COMPOSITOR] Created shared compositor for screen 0
2025-12-23 17:09:27 - rendering.gl_compositor        - INFO     - [DIMMING] GL dimming changed: enabled=False→False, opacity=0%→30%
2025-12-23 17:09:27 - rendering.widget_manager       - INFO     - ✅ clock widget created: Top Right, 24h, font=48px, seconds=True
2025-12-23 17:09:28 - rendering.widget_manager       - INFO     - ✅ Weather widget created: Johannesburg, Top Left, font=24px
2025-12-23 17:09:28 - core.media.media_controller    - INFO     - [MEDIA] Windows GSMTC controller initialized
2025-12-23 17:09:28 - widgets.media_widget           - INFO     - [MEDIA_WIDGET] Using controller: WindowsGlobalMediaController
2025-12-23 17:09:28 - rendering.widget_manager       - INFO     - ✅ Media widget created: Bottom Left, font=20px, margin=20
2025-12-23 17:09:28 - rendering.widget_manager       - INFO     - ✅ reddit widget created: r/All, Bottom Right, font=14px, limit=4
2025-12-23 17:09:28 - rendering.widget_manager       - INFO     - ✅ reddit2 widget created: r/Games, Bottom Right, font=14px, limit=4
2025-12-23 17:09:28 - rendering.widget_manager       - INFO     - ✅ Spotify volume widget started
2025-12-23 17:09:28 - rendering.widget_manager       - INFO     - ✅ Spotify visualizer widget started: 15 bars
2025-12-23 17:09:28 - widgets.clock_widget           - INFO     - Clock widget started
2025-12-23 17:09:28 - widgets.weather_widget         - INFO     - Weather widget started (using cached data)
2025-12-23 17:09:28 - widgets.media_widget           - INFO     - Media widget started
2025-12-23 17:09:28 - core.threading.manager         - INFO     - Initialized io pool with 4 workers
2025-12-23 17:09:28 - core.threading.manager         - INFO     - Initialized compute pool with 23 workers
2025-12-23 17:09:28 - rendering.widget_manager       - INFO     - Widget setup complete: 7 widgets created and started
2025-12-23 17:09:28 - core.threading.manager         - INFO     - ThreadManager initialized with IO=4, COMPUTE=23 workers
2025-12-23 17:09:28 - rendering.display              - INFO     - WidgetManager created 7 widgets
2025-12-23 17:09:28 - engine.display                 - INFO     - Display widget created for screen 0
2025-12-23 17:09:28 - sources.rss_source             - INFO     - Feed 'Bing Images': 8 entries
2025-12-23 17:09:28 - sources.rss_source             - INFO     - RSS refresh complete: 38 total images (8 new)
2025-12-23 17:09:28 - engine.screensaver             - INFO     - [ASYNC RSS] Loaded 38 images from source
2025-12-23 17:09:28 - engine.image_queue             - INFO     - Added 10 images (local=0, rss=10). Pools: local=558, rss=30
2025-12-23 17:09:28 - rendering.display              - INFO     - DisplayWidget created for screen 1 (fill)
2025-12-23 17:09:28 - rendering.backends.opengl.backend - INFO     - Using OpenGL renderer backend
2025-12-23 17:09:28 - rendering.backends             - INFO     - Renderer backend 'opengl' initialized
2025-12-23 17:09:28 - rendering.display              - INFO     - [RENDER] Backend active (screen=1, api=OpenGL 4.x, triple=False, vsync_toggle=False)
2025-12-23 17:09:28 - rendering.display              - INFO     - Showing on screen 1: 2560x1439 at (2560, 0) DPR=1.5
2025-12-23 17:09:28 - rendering.display              - INFO     - Detected refresh rate: 60 Hz, adaptive target FPS: 60
2025-12-23 17:09:28 - rendering.display              - INFO     - [RENDER] Render surface established (screen=1, 2560x1439, vsync=True, triple_preference=True)
2025-12-23 17:09:28 - rendering.display              - INFO     - [GL COMPOSITOR] Created shared compositor for screen 1
2025-12-23 17:09:28 - rendering.gl_compositor        - INFO     - [DIMMING] GL dimming changed: enabled=False→False, opacity=0%→30%
2025-12-23 17:09:28 - rendering.widget_manager       - INFO     - ✅ clock widget created: Top Right, 24h, font=48px, seconds=True
2025-12-23 17:09:28 - rendering.widget_manager       - INFO     - ✅ clock2 widget created: Top Right, 24h, font=48px, seconds=True
2025-12-23 17:09:28 - rendering.widget_manager       - INFO     - ✅ Weather widget created: Johannesburg, Top Left, font=24px
2025-12-23 17:09:28 - core.media.media_controller    - INFO     - [MEDIA] Windows GSMTC controller initialized
2025-12-23 17:09:28 - widgets.media_widget           - INFO     - [MEDIA_WIDGET] Using controller: WindowsGlobalMediaController
2025-12-23 17:09:28 - rendering.widget_manager       - INFO     - ✅ Media widget created: Bottom Left, font=20px, margin=20
2025-12-23 17:09:28 - rendering.widget_manager       - INFO     - ✅ reddit widget created: r/All, Bottom Right, font=14px, limit=4
2025-12-23 17:09:28 - rendering.widget_manager       - INFO     - ✅ Spotify volume widget started
2025-12-23 17:09:28 - rendering.widget_manager       - INFO     - ✅ Spotify visualizer widget started: 15 bars
2025-12-23 17:09:28 - widgets.clock_widget           - INFO     - Clock widget started
2025-12-23 17:09:28 - widgets.clock_widget           - INFO     - Clock widget started
2025-12-23 17:09:28 - widgets.weather_widget         - INFO     - Weather widget started (using cached data)
2025-12-23 17:09:28 - widgets.media_widget           - INFO     - Media widget started
2025-12-23 17:09:28 - rendering.widget_manager       - INFO     - Widget setup complete: 7 widgets created and started
2025-12-23 17:09:28 - rendering.display              - INFO     - WidgetManager created 7 widgets
2025-12-23 17:09:28 - engine.display                 - INFO     - Display widget created for screen 1
2025-12-23 17:09:28 - engine.display                 - INFO     - Created 2 display widgets
2025-12-23 17:09:28 - engine.screensaver             - INFO     - Display initialized with 2 screens
2025-12-23 17:09:28 - engine.screensaver             - INFO     - Rotation timer configured: 10s
2025-12-23 17:09:28 - engine.screensaver             - INFO     - Background RSS refresh enabled (interval=600000ms, cap=30)
2025-12-23 17:09:28 - engine.screensaver             - INFO     - Engine state: INITIALIZING -> STOPPED
2025-12-23 17:09:28 - engine.screensaver             - INFO     - Engine initialization complete
2025-12-23 17:09:28 - engine.screensaver             - INFO     - Engine state: STOPPED -> STARTING
2025-12-23 17:09:28 - engine.screensaver             - INFO     - Starting screensaver engine...
2025-12-23 17:09:28 - engine.screensaver             - INFO     - Rotation timer started (10000ms)
2025-12-23 17:09:28 - engine.screensaver             - INFO     - Engine state: STARTING -> RUNNING
2025-12-23 17:09:28 - engine.screensaver             - INFO     - Screensaver engine started
2025-12-23 17:09:28 - __main__                       - INFO     - Screensaver engine started - entering event loop
2025-12-23 17:09:28 - widgets.spotify_visualizer_widget - INFO     - [DEBUG] raw_bass=1.805 Bars: [0.00 0.03 0.06 0.09 0.09 0.06 0.03 0.00 0.03 0.06 0.09 0.09 0.06 0.03 0.00]
2025-12-23 17:09:28 - rendering.image_processor_async - INFO     - FILL(QImage): Image 3864x7126 → scaled 2559x4721 → cropped to 2560x1438
2025-12-23 17:09:28 - widgets.spotify_visualizer_widget - INFO     - [DEBUG] raw_bass=2.253 Bars: [0.05 0.06 0.08 0.11 0.15 0.20 0.27 0.35 0.27 0.20 0.15 0.11 0.08 0.06 0.05]
2025-12-23 17:09:28 - rendering.image_processor_async - INFO     - FILL(QImage): Image 2560x1600 → scaled 3840x2400 → cropped to 3840x2158
2025-12-23 17:09:28 - rendering.gl_compositor        - INFO     - [GL COMPOSITOR] Context initialized: version=4.6, swap=SwapBehavior.DoubleBuffer, interval=1
2025-12-23 17:09:28 - rendering.gl_compositor        - INFO     - [GL COMPOSITOR] OpenGL adapter: vendor=NVIDIA Corporation, renderer=NVIDIA GeForce RTX 4090/PCIe/SSE2, version=4.6.0 NVIDIA 591.44
2025-12-23 17:09:28 - rendering.gl_programs.program_cache - INFO     - [GL CACHE] Compiled raindrops program: 12
2025-12-23 17:09:28 - rendering.gl_programs.program_cache - INFO     - [GL CACHE] Compiled warp program: 13
2025-12-23 17:09:28 - rendering.gl_programs.program_cache - INFO     - [GL CACHE] Compiled diffuse program: 14
2025-12-23 17:09:28 - rendering.gl_programs.program_cache - INFO     - [GL CACHE] Compiled blockflip program: 15
2025-12-23 17:09:28 - rendering.gl_programs.program_cache - INFO     - [GL CACHE] Compiled peel program: 16
2025-12-23 17:09:28 - rendering.gl_programs.program_cache - INFO     - [GL CACHE] Compiled crossfade program: 17
2025-12-23 17:09:28 - rendering.gl_programs.program_cache - INFO     - [GL CACHE] Compiled slide program: 18
2025-12-23 17:09:29 - rendering.gl_programs.program_cache - INFO     - [GL CACHE] Compiled wipe program: 19
2025-12-23 17:09:29 - rendering.gl_programs.program_cache - INFO     - [GL CACHE] Compiled blinds program: 20
2025-12-23 17:09:29 - rendering.gl_programs.program_cache - INFO     - [GL CACHE] Compiled crumble program: 21
2025-12-23 17:09:29 - rendering.gl_programs.program_cache - INFO     - [GL CACHE] Compiled particle program: 22
2025-12-23 17:09:29 - rendering.gl_compositor        - INFO     - [GL COMPOSITOR] Shader pipeline initialized (14.6ms)
2025-12-23 17:09:29 - engine.screensaver             - INFO     - [ASYNC] Different images displayed on 2 displays
2025-12-23 17:09:29 - rendering.gl_compositor        - INFO     - [GL COMPOSITOR] Context initialized: version=4.6, swap=SwapBehavior.DoubleBuffer, interval=1
2025-12-23 17:09:29 - rendering.gl_compositor        - INFO     - [GL COMPOSITOR] OpenGL adapter: vendor=NVIDIA Corporation, renderer=NVIDIA GeForce RTX 4090/PCIe/SSE2, version=4.6.0 NVIDIA 591.44
2025-12-23 17:09:29 - rendering.gl_compositor        - INFO     - [GL COMPOSITOR] Shader pipeline initialized (1.0ms)
2025-12-23 17:09:29 - widgets.spotify_visualizer_widget - INFO     - [DEBUG] raw_bass=1.969 Bars: [0.01 0.02 0.02 0.03 0.04 0.05 0.07 0.09 0.07 0.05 0.04 0.03 0.02 0.02 0.01]
2025-12-23 17:09:30 - engine.screensaver             - INFO     - [ASYNC RSS] Processing source 2/10: https://www.nasa.gov/feeds/iotd-feed...
2025-12-23 17:09:30 - sources.rss_source             - INFO     - Refreshing RSS feeds (1 feeds, max 8/source)...
2025-12-23 17:09:30 - widgets.spotify_visualizer_widget - INFO     - [DEBUG] raw_bass=1.179 Bars: [0.04 0.05 0.07 0.10 0.13 0.16 0.20 0.24 0.20 0.16 0.13 0.10 0.07 0.05 0.04]
2025-12-23 17:09:30 - widgets.spotify_visualizer_widget - INFO     - [DEBUG] raw_bass=1.413 Bars: [0.00 0.02 0.05 0.07 0.07 0.05 0.03 0.02 0.03 0.05 0.07 0.07 0.05 0.02 0.00]
2025-12-23 17:09:31 - sources.rss_source             - INFO     - Feed 'NASA Image of the Day': 60 entries
2025-12-23 17:09:31 - sources.rss_source             - INFO     - RSS refresh complete: 38 total images (8 new)
2025-12-23 17:09:31 - engine.screensaver             - INFO     - [ASYNC RSS] Loaded 38 images from source
2025-12-23 17:09:32 - widgets.spotify_visualizer_widget - INFO     - [DEBUG] raw_bass=1.729 Bars: [0.03 0.04 0.06 0.08 0.11 0.12 0.15 0.18 0.15 0.12 0.11 0.08 0.06 0.04 0.03]
2025-12-23 17:09:33 - widgets.spotify_visualizer_widget - INFO     - [DEBUG] raw_bass=1.844 Bars: [0.05 0.08 0.11 0.16 0.21 0.24 0.30 0.36 0.30 0.24 0.21 0.16 0.11 0.08 0.05]
2025-12-23 17:09:33 - widgets.spotify_visualizer_widget - INFO     - [DEBUG] raw_bass=2.502 Bars: [0.11 0.14 0.20 0.29 0.38 0.47 0.59 0.74 0.59 0.47 0.38 0.29 0.20 0.14 0.11]
2025-12-23 17:09:33 - engine.screensaver             - INFO     - [ASYNC RSS] Processing source 3/10: https://www.reddit.com/r/EarthPorn/top/.json?t=day&limit=25...
2025-12-23 17:09:33 - sources.rss_source             - INFO     - Refreshing RSS feeds (1 feeds, max 8/source)...
2025-12-23 17:09:33 - widgets.spotify_visualizer_widget - INFO     - [DEBUG] raw_bass=1.578 Bars: [0.00 0.05 0.10 0.14 0.14 0.10 0.05 0.01 0.05 0.10 0.14 0.14 0.10 0.05 0.00]
2025-12-23 17:09:34 - sources.rss_source             - INFO     - JSON feed 'JSON Feed (https://www.reddit.com/r/EarthPorn/top/.json?t=day&limit=25)': 0 entries
2025-12-23 17:09:34 - sources.rss_source             - WARNING  - [FEED_HEALTH] Feed https://www.reddit.com/r/EarthPorn/top/.json?t=day&limit=25 failed 1 times, backoff 60s
2025-12-23 17:09:34 - sources.rss_source             - WARNING  - [RATE_LIMIT] Reddit feed returned 0 images: https://www.reddit.com/r/EarthPorn/top/.json?t=day&limit=25
2025-12-23 17:09:34 - sources.rss_source             - INFO     - [RATE_LIMIT] Skipping 1 rate-limited Reddit feeds (will retry on next refresh)
2025-12-23 17:09:34 - sources.rss_source             - INFO     - RSS refresh complete: 30 total images (0 new)
2025-12-23 17:09:34 - engine.screensaver             - INFO     - [ASYNC RSS] Loaded 30 images from source
2025-12-23 17:09:34 - widgets.spotify_visualizer_widget - INFO     - [DEBUG] raw_bass=2.077 Bars: [0.09 0.10 0.13 0.18 0.25 0.34 0.45 0.57 0.45 0.34 0.25 0.18 0.13 0.10 0.09]
2025-12-23 17:09:34 - widgets.spotify_visualizer_widget - INFO     - [DEBUG] raw_bass=1.712 Bars: [0.10 0.15 0.22 0.31 0.39 0.45 0.54 0.65 0.54 0.45 0.39 0.31 0.22 0.15 0.10]
2025-12-23 17:09:34 - widgets.spotify_visualizer_widget - INFO     - [DEBUG] raw_bass=1.884 Bars: [0.00 0.04 0.09 0.13 0.13 0.09 0.04 0.00 0.04 0.09 0.13 0.13 0.09 0.04 0.00]
2025-12-23 17:09:35 - widgets.spotify_visualizer_widget - INFO     - [DEBUG] raw_bass=2.462 Bars: [0.15 0.21 0.30 0.42 0.55 0.66 0.82 1.00 0.82 0.66 0.55 0.42 0.30 0.21 0.15]
2025-12-23 17:09:35 - widgets.spotify_visualizer_widget - INFO     - [DEBUG] raw_bass=1.662 Bars: [0.01 0.06 0.12 0.18 0.18 0.12 0.06 0.05 0.06 0.12 0.18 0.18 0.12 0.06 0.01]
2025-12-23 17:09:35 - widgets.spotify_visualizer_widget - INFO     - [DEBUG] raw_bass=2.175 Bars: [0.19 0.25 0.36 0.52 0.67 0.82 1.00 1.00 1.00 0.82 0.67 0.52 0.36 0.25 0.19]
2025-12-23 17:09:36 - engine.screensaver             - INFO     - [ASYNC RSS] Processing source 4/10: https://www.reddit.com/r/SpacePorn/top/.json?t=day&limit=25...
2025-12-23 17:09:36 - sources.rss_source             - INFO     - Refreshing RSS feeds (1 feeds, max 8/source)...
2025-12-23 17:09:36 - widgets.spotify_visualizer_widget - INFO     - [DEBUG] raw_bass=2.001 Bars: [0.01 0.03 0.05 0.07 0.08 0.05 0.05 0.06 0.05 0.05 0.08 0.07 0.05 0.03 0.01]
2025-12-23 17:09:36 - widgets.spotify_visualizer_widget - INFO     - [DEBUG] raw_bass=2.466 Bars: [0.11 0.15 0.22 0.31 0.40 0.49 0.60 0.73 0.60 0.49 0.40 0.31 0.22 0.15 0.11]
2025-12-23 17:09:36 - widgets.spotify_visualizer_widget - INFO     - [DEBUG] raw_bass=1.519 Bars: [0.00 0.02 0.04 0.06 0.06 0.04 0.02 0.00 0.02 0.04 0.06 0.06 0.04 0.02 0.00]
2025-12-23 17:09:37 - sources.rss_source             - INFO     - JSON feed 'JSON Feed (https://www.reddit.com/r/SpacePorn/top/.json?t=day&limit=25)': 8 entries
2025-12-23 17:09:37 - sources.rss_source             - INFO     - RSS refresh complete: 32 total images (2 new)
2025-12-23 17:09:37 - engine.screensaver             - INFO     - [ASYNC RSS] Loaded 32 images from source
2025-12-23 17:09:37 - widgets.spotify_visualizer_widget - INFO     - [DEBUG] raw_bass=1.195 Bars: [0.07 0.12 0.17 0.22 0.21 0.14 0.07 0.00 0.07 0.14 0.21 0.22 0.17 0.12 0.07]
2025-12-23 17:09:37 - rendering.display              - INFO     - [REDDIT] route_widget_click returned: handled=True reddit_handled=True screen=0
2025-12-23 17:09:37 - rendering.display              - INFO     - [REDDIT] Click routed: handled=True reddit_handled=True reddit_exit_on_click=True screen=0
2025-12-23 17:09:37 - rendering.display              - INFO     - [REDDIT] Exit check: this_is_primary=True primary_is_covered=True exiting=False screen=0
2025-12-23 17:09:37 - rendering.display              - INFO     - [REDDIT] Primary covered; requesting immediate exit
2025-12-23 17:09:37 - engine.display                 - INFO     - Exit requested from display widget
2025-12-23 17:09:37 - engine.screensaver             - INFO     - Exit requested from display
2025-12-23 17:09:37 - engine.screensaver             - INFO     - Engine state: RUNNING -> SHUTTING_DOWN
2025-12-23 17:09:37 - engine.screensaver             - INFO     - Stopping screensaver engine...
2025-12-23 17:09:37 - engine.screensaver             - INFO     - Stopping displays via DisplayManager (count=2, exit_app=True)
2025-12-23 17:09:37 - engine.display                 - INFO     - All displays cleared
2025-12-23 17:09:37 - engine.display                 - INFO     - Cleaning up 2 display widgets
2025-12-23 17:09:37 - engine.display                 - INFO     - Display manager cleanup complete
2025-12-23 17:09:37 - engine.display                 - INFO     - [REDDIT] Deferred URL flush started (count=1)
2025-12-23 17:09:37 - core.windows.url_launcher      - INFO     - [SCR] Helper decision: frozen_runtime=False
2025-12-23 17:09:37 - core.windows.reddit_helper_bridge - INFO     - [REDDIT-BRIDGE] Queued deferred URL via ProgramData bridge: https://www.reddit.com/r/WhitePeopleTwitter/comments/1pttrk7/trumps_rape_victim_committed_suicide/
2025-12-23 17:09:37 - engine.screensaver             - INFO     - [ASYNC RSS] Engine shutting down during delay, aborting
2025-12-23 17:09:37 - engine.display                 - INFO     - [REDDIT] Deferred URL queued via ProgramData bridge: https://www.reddit.com/r/WhitePeopleTwitter/comments/1pttrk7/trumps_rape_victim_committed_suicide/
2025-12-23 17:09:37 - engine.screensaver             - INFO     - Screensaver engine stopped
2025-12-23 17:09:37 - engine.screensaver             - INFO     - Screensaver engine stopped
2025-12-23 17:09:37 - __main__                       - INFO     - Cleaning pycache on exit
2025-12-23 17:09:37 - __main__                       - INFO     - ============================================================
2025-12-23 17:09:37 - __main__                       - INFO     - ShittyRandomPhotoScreenSaver Exiting (code=0)
2025-12-23 17:09:37 - __main__                       - INFO     - ============================================================
2025-12-23 17:09:39 - root                           - INFO     - ============================================================
2025-12-23 17:09:39 - root                           - INFO     - Screensaver logging initialized (debug=False, verbose=False)
2025-12-23 17:09:39 - root                           - INFO     - ============================================================
2025-12-23 17:09:39 - __main__                       - INFO     - ============================================================
2025-12-23 17:09:39 - __main__                       - INFO     - ShittyRandomPhotoScreenSaver Starting
2025-12-23 17:09:39 - __main__                       - INFO     - ============================================================
2025-12-23 17:09:39 - __main__                       - INFO     - Running in script mode - cleaning pycache on startup
2025-12-23 17:09:39 - __main__                       - INFO     - PREVIEW mode selected with window handle: 44897680
2025-12-23 17:09:39 - __main__                       - INFO     - Global QSurfaceFormat configured (swap=SwapBehavior.DoubleBuffer, interval=1, depth=24, stencil=8)
2025-12-23 17:09:39 - __main__                       - INFO     - Qt image allocation limit: 1GB (supports 8K+ images, per-image on-demand)
2025-12-23 17:09:39 - __main__                       - INFO     - Qt Application created: SRPSS
2025-12-23 17:09:39 - __main__                       - INFO     - Starting preview mode (hwnd=44897680)
2025-12-23 17:09:39 - __main__                       - WARNING  - PREVIEW mode not yet implemented (no window shown)
2025-12-23 17:09:39 - __main__                       - INFO     - Cleaning pycache on exit
2025-12-23 17:09:39 - __main__                       - INFO     - ============================================================
2025-12-23 17:09:39 - __main__                       - INFO     - ShittyRandomPhotoScreenSaver Exiting (code=0)
2025-12-23 17:09:39 - __main__                       - INFO     - ============================================================
